#
# A fatal error has been detected by the Java Runtime Environment:
#
#  EXCEPTION_ACCESS_VIOLATION (0xc0000005) at pc=0x00007ffd29044c76, pid=29360, tid=504
#
# JRE version: OpenJDK Runtime Environment Temurin-17.0.13+11 (17.0.13+11) (build 17.0.13+11)
# Java VM: OpenJDK 64-Bit Server VM Temurin-17.0.13+11 (17.0.13+11, mixed mode, sharing, tiered, compressed oops, compressed class ptrs, g1 gc, windows-amd64)
# Problematic frame:
# C  [nvoglv64.dll+0x1464c76]
#
# No core dump will be written. Minidumps are not enabled by default on client versions of Windows
#
# If you would like to submit a bug report, please visit:
#   https://github.com/adoptium/adoptium-support/issues
# The crash happened outside the Java Virtual Machine in native code.
# See problematic frame for where to report the bug.
#

---------------  S U M M A R Y ------------

Command Line: -javaagent:C:\Program Files\JetBrains\IntelliJ IDEA Community Edition 2024.1.4\lib\idea_rt.jar=58474:C:\Program Files\JetBrains\IntelliJ IDEA Community Edition 2024.1.4\bin -Dfile.encoding=UTF-8 com.alchemygames.Main

Host: 12th Gen Intel(R) Core(TM) i7-12700K, 20 cores, 31G,  Windows 11 , 64 bit Build 26100 (10.0.26100.2454)
Time: Wed Jan 29 18:43:19 2025 Morocco Daylight Time elapsed time: 0.348124 seconds (0d 0h 0m 0s)

---------------  T H R E A D  ---------------

Current thread (0x000001d0fe529df0):  JavaThread "main" [_thread_in_native, id=504, stack(0x0000000ee6200000,0x0000000ee6300000)]

Stack: [0x0000000ee6200000,0x0000000ee6300000],  sp=0x0000000ee62fef48,  free space=1019k
Native frames: (J=compiled Java code, j=interpreted, Vv=VM code, C=native code)
C  [nvoglv64.dll+0x1464c76]

Java frames: (J=compiled Java code, j=interpreted, Vv=VM code)
j  org.lwjgl.opengl.GL11C.nglDrawElements(IIIJ)V+0
j  org.lwjgl.opengl.GL11C.glDrawElements(IIIJ)V+4
j  org.lwjgl.opengl.GL11.glDrawElements(IIIJ)V+4
j  com.alchemygames.engine.graph.Render.render(Lcom/alchemygames/engine/Window;Lcom/alchemygames/engine/scene/Scene;)V+299
j  com.alchemygames.engine.Engine.run()V+201
j  com.alchemygames.engine.Engine.start()V+6
j  com.alchemygames.Main.main([Ljava/lang/String;)V+42
v  ~StubRoutines::call_stub

siginfo: EXCEPTION_ACCESS_VIOLATION (0xc0000005), reading address 0x0000000000000000


Registers:
RAX=0x000001d0f64d15a8, RBX=0x000001d0f64d158c, RCX=0x000001d0f64d15a8, RDX=0x0000000000000000
RSP=0x0000000ee62fef48, RBP=0x0000000000000044, RSI=0x0000000000000006, RDI=0x000001d0f3a03080
R8 =0x0000000000000018, R9 =0x0000000000000000, R10=0x00007ffd27be0000, R11=0x0000000000000006
R12=0x0000000000000004, R13=0x0000000000001405, R14=0x0000000000000018, R15=0x0000000000000000
RIP=0x00007ffd29044c76, EFLAGS=0x0000000000010283


Register to memory mapping:

RIP=0x00007ffd29044c76 nvoglv64.dll
RAX=0x000001d0f64d15a8 points into unknown readable memory: 0x0000000000000000 | 00 00 00 00 00 00 00 00
RBX=0x000001d0f64d158c points into unknown readable memory: 06 20 02 00
RCX=0x000001d0f64d15a8 points into unknown readable memory: 0x0000000000000000 | 00 00 00 00 00 00 00 00
RDX=0x0 is NULL
RSP=0x0000000ee62fef48 is pointing into the stack for thread: 0x000001d0fe529df0
RBP=0x0000000000000044 is an unknown value
RSI=0x0000000000000006 is an unknown value
RDI=0x000001d0f3a03080 points into unknown readable memory: 0x0000000000000000 | 00 00 00 00 00 00 00 00
R8 =0x0000000000000018 is an unknown value
R9 =0x0 is NULL
R10=0x00007ffd27be0000 nvoglv64.dll
R11=0x0000000000000006 is an unknown value
R12=0x0000000000000004 is an unknown value
R13=0x0000000000001405 is an unknown value
R14=0x0000000000000018 is an unknown value
R15=0x0 is NULL


Top of Stack: (sp=0x0000000ee62fef48)
0x0000000ee62fef48:   00007ffd2810ea2d 0000000ee62ff060
0x0000000ee62fef58:   00007ffd2b024742 0000000ee62fef80
0x0000000ee62fef68:   000001d08eefba48 000000000017555d
0x0000000ee62fef78:   000001d0fe529df0 000001d0ee5d15a8
0x0000000ee62fef88:   000001d0fe529df0 000001d08eed9520
0x0000000ee62fef98:   000001d08eedd54e 000001d0fe529df0
0x0000000ee62fefa8:   000001d0ee5d15a8 0000000000000000
0x0000000ee62fefb8:   000001d08eed9520 0000000000006aa8
0x0000000ee62fefc8:   000001d08eedd6e1 0000000ee62ff060
0x0000000ee62fefd8:   0000000ee62ff000 0000000ee62ff0a0
0x0000000ee62fefe8:   000001d0ee5d15a8 000001d000001405
0x0000000ee62feff8:   0000000000000000 3ff0000000000000
0x0000000ee62ff008:   000001d0fe529df0 000001d08eedd3b6
0x0000000ee62ff018:   0000000ee62ff018 000001d0ee5d15a8
0x0000000ee62ff028:   0000000ee62ff0a0 000001d0ee5dbd90
0x0000000ee62ff038:   0000000000000000 0000000622f15ae8
0x0000000ee62ff048:   000001d0ee5d15a8 0000000000000000
0x0000000ee62ff058:   0000000ee62ff080 0000000ee62ff0f0
0x0000000ee62ff068:   000001d08eed9520 0000000622f15ae8
0x0000000ee62ff078:   000001d08eedaff8 0000000000000000
0x0000000ee62ff088:   0000000000000000 0000000000001405
0x0000000ee62ff098:   0000000000000006 0000000000000004
0x0000000ee62ff0a8:   0000000ee62ff0a8 000001d0ee5d1644
0x0000000ee62ff0b8:   0000000ee62ff120 000001d0ee5dbd90
0x0000000ee62ff0c8:   0000000000000000 0000000622f15ae8
0x0000000ee62ff0d8:   000001d0ee5d1688 0000000ee62ff080
0x0000000ee62ff0e8:   0000000ee62ff100 0000000ee62ff170
0x0000000ee62ff0f8:   000001d08eed9520 0000000000000000
0x0000000ee62ff108:   0000000000000000 0000000000001405
0x0000000ee62ff118:   0000000000000006 0000000000000004
0x0000000ee62ff128:   0000000ee62ff128 000001d0ee5a4024
0x0000000ee62ff138:   0000000ee62ff1a0 000001d0ee5c9a10 

Instructions: (pc=0x00007ffd29044c76)
0x00007ffd29044b76:   1f 02 4d 03 ca 41 ff e1 c3 90 4c 8b 02 8b 4a 08
0x00007ffd29044b86:   44 0f b7 4a 0c 44 0f b6 52 0e 4c 89 00 89 48 08
0x00007ffd29044b96:   66 44 89 48 0c 44 88 50 0e c3 4c 8b 02 0f b7 4a
0x00007ffd29044ba6:   08 44 0f b6 4a 0a 4c 89 00 66 89 48 08 44 88 48
0x00007ffd29044bb6:   0a c3 0f b7 0a 66 89 08 c3 90 8b 0a 44 0f b7 42
0x00007ffd29044bc6:   04 44 0f b6 4a 06 89 08 66 44 89 40 04 44 88 48
0x00007ffd29044bd6:   06 c3 4c 8b 02 8b 4a 08 44 0f b7 4a 0c 4c 89 00
0x00007ffd29044be6:   89 48 08 66 44 89 48 0c c3 0f b7 0a 44 0f b6 42
0x00007ffd29044bf6:   02 66 89 08 44 88 40 02 c3 90 4c 8b 02 8b 4a 08
0x00007ffd29044c06:   44 0f b6 4a 0c 4c 89 00 89 48 08 44 88 48 0c c3
0x00007ffd29044c16:   4c 8b 02 0f b7 4a 08 4c 89 00 66 89 48 08 c3 4c
0x00007ffd29044c26:   8b 02 0f b6 4a 08 4c 89 00 88 48 08 c3 4c 8b 02
0x00007ffd29044c36:   8b 4a 08 4c 89 00 89 48 08 c3 8b 0a 44 0f b7 42
0x00007ffd29044c46:   04 89 08 66 44 89 40 04 c3 8b 0a 44 0f b6 42 04
0x00007ffd29044c56:   89 08 44 88 40 04 c3 48 8b 0a 48 89 08 c3 0f b6
0x00007ffd29044c66:   0a 88 08 c3 8b 0a 89 08 c3 90 49 83 f8 20 77 17
0x00007ffd29044c76:   f3 0f 6f 0a f3 42 0f 6f 54 02 f0 f3 0f 7f 09 f3
0x00007ffd29044c86:   42 0f 7f 54 01 f0 c3 4e 8d 0c 02 48 3b ca 4c 0f
0x00007ffd29044c96:   46 c9 49 3b c9 0f 82 3f 04 00 00 83 3d a8 a3 f8
0x00007ffd29044ca6:   00 03 0f 82 e2 02 00 00 49 81 f8 00 20 00 00 76
0x00007ffd29044cb6:   16 49 81 f8 00 00 18 00 77 0d f6 05 a5 16 09 01
0x00007ffd29044cc6:   02 0f 85 73 fe ff ff c5 fe 6f 02 c4 a1 7e 6f 6c
0x00007ffd29044cd6:   02 e0 49 81 f8 00 01 00 00 0f 86 c3 00 00 00 4c
0x00007ffd29044ce6:   8b c9 49 83 e1 1f 49 83 e9 20 49 2b c9 49 2b d1
0x00007ffd29044cf6:   4d 03 c1 49 81 f8 00 01 00 00 0f 86 a2 00 00 00
0x00007ffd29044d06:   49 81 f8 00 00 18 00 0f 87 3d 01 00 00 66 66 66
0x00007ffd29044d16:   66 66 0f 1f 84 00 00 00 00 00 c5 fe 6f 0a c5 fe
0x00007ffd29044d26:   6f 52 20 c5 fe 6f 5a 40 c5 fe 6f 62 60 c5 fd 7f
0x00007ffd29044d36:   09 c5 fd 7f 51 20 c5 fd 7f 59 40 c5 fd 7f 61 60
0x00007ffd29044d46:   c5 fe 6f 8a 80 00 00 00 c5 fe 6f 92 a0 00 00 00
0x00007ffd29044d56:   c5 fe 6f 9a c0 00 00 00 c5 fe 6f a2 e0 00 00 00
0x00007ffd29044d66:   c5 fd 7f 89 80 00 00 00 c5 fd 7f 91 a0 00 00 00 


Stack slot to memory mapping:
stack at sp + 0 slots: 0x00007ffd2810ea2d nvoglv64.dll
stack at sp + 1 slots: 0x0000000ee62ff060 is pointing into the stack for thread: 0x000001d0fe529df0
stack at sp + 2 slots: 0x00007ffd2b024742 jvm.dll
stack at sp + 3 slots: 0x0000000ee62fef80 is pointing into the stack for thread: 0x000001d0fe529df0
stack at sp + 4 slots: 0x000001d08eefba48 is at code_begin+4168 in 
[CodeBlob (0x000001d08eefa990)]
Framesize: 0
BufferBlob (0x000001d08eefa990) used for native signature handlers
stack at sp + 5 slots: 0x000000000017555d is an unknown value
stack at sp + 6 slots: 0x000001d0fe529df0 is a thread
stack at sp + 7 slots: {method} {0x000001d0ee5d15b0} 'nglDrawElements' '(IIIJ)V' in 'org/lwjgl/opengl/GL11C'


---------------  P R O C E S S  ---------------

Threads class SMR info:
_java_thread_list=0x000001d0ac763820, length=16, elements={
0x000001d0fe529df0, 0x000001d0ffb401b0, 0x000001d0ffb42d80, 0x000001d0ac4c3470,
0x000001d0ac4c4030, 0x000001d0ac4c6e00, 0x000001d0ac4c7dd0, 0x000001d0ac4cddb0,
0x000001d0ac5067a0, 0x000001d0ac5080c0, 0x000001d0ac610b30, 0x000001d0ac617070,
0x000001d0ac617640, 0x000001d0ac625c20, 0x000001d0f20d7f50, 0x000001d0f20d8cf0
}

Java Threads: ( => current thread )
=>0x000001d0fe529df0 JavaThread "main" [_thread_in_native, id=504, stack(0x0000000ee6200000,0x0000000ee6300000)]
  0x000001d0ffb401b0 JavaThread "Reference Handler" daemon [_thread_blocked, id=21188, stack(0x0000000ee6900000,0x0000000ee6a00000)]
  0x000001d0ffb42d80 JavaThread "Finalizer" daemon [_thread_blocked, id=20112, stack(0x0000000ee6a00000,0x0000000ee6b00000)]
  0x000001d0ac4c3470 JavaThread "Signal Dispatcher" daemon [_thread_blocked, id=21340, stack(0x0000000ee6b00000,0x0000000ee6c00000)]
  0x000001d0ac4c4030 JavaThread "Attach Listener" daemon [_thread_blocked, id=29188, stack(0x0000000ee6c00000,0x0000000ee6d00000)]
  0x000001d0ac4c6e00 JavaThread "Service Thread" daemon [_thread_blocked, id=13584, stack(0x0000000ee6d00000,0x0000000ee6e00000)]
  0x000001d0ac4c7dd0 JavaThread "Monitor Deflation Thread" daemon [_thread_blocked, id=7280, stack(0x0000000ee6e00000,0x0000000ee6f00000)]
  0x000001d0ac4cddb0 JavaThread "C2 CompilerThread0" daemon [_thread_blocked, id=15696, stack(0x0000000ee6f00000,0x0000000ee7000000)]
  0x000001d0ac5067a0 JavaThread "C1 CompilerThread0" daemon [_thread_blocked, id=17964, stack(0x0000000ee7000000,0x0000000ee7100000)]
  0x000001d0ac5080c0 JavaThread "Sweeper thread" daemon [_thread_blocked, id=23272, stack(0x0000000ee7100000,0x0000000ee7200000)]
  0x000001d0ac610b30 JavaThread "Common-Cleaner" daemon [_thread_blocked, id=27228, stack(0x0000000ee7200000,0x0000000ee7300000)]
  0x000001d0ac617070 JavaThread "C1 CompilerThread1" daemon [_thread_blocked, id=20372, stack(0x0000000ee7300000,0x0000000ee7400000)]
  0x000001d0ac617640 JavaThread "C1 CompilerThread2" daemon [_thread_blocked, id=24892, stack(0x0000000ee7400000,0x0000000ee7500000)]
  0x000001d0ac625c20 JavaThread "C1 CompilerThread3" daemon [_thread_blocked, id=13768, stack(0x0000000ee7500000,0x0000000ee7600000)]
  0x000001d0f20d7f50 JavaThread "Monitor Ctrl-Break" daemon [_thread_in_native, id=15732, stack(0x0000000ee7700000,0x0000000ee7800000)]
  0x000001d0f20d8cf0 JavaThread "Notification Thread" daemon [_thread_blocked, id=17888, stack(0x0000000ee7800000,0x0000000ee7900000)]

Other Threads:
  0x000001d0ffb3ac70 VMThread "VM Thread" [stack: 0x0000000ee6800000,0x0000000ee6900000] [id=21716]
  0x000001d0f20da070 WatcherThread [stack: 0x0000000ee7900000,0x0000000ee7a00000] [id=1756]
  0x000001d0ff990a00 GCTaskThread "GC Thread#0" [stack: 0x0000000ee6300000,0x0000000ee6400000] [id=29208]
  0x000001d0ff9d2010 ConcurrentGCThread "G1 Main Marker" [stack: 0x0000000ee6400000,0x0000000ee6500000] [id=14984]
  0x000001d0ff9d38e0 ConcurrentGCThread "G1 Conc#0" [stack: 0x0000000ee6500000,0x0000000ee6600000] [id=25128]
  0x000001d0fe5de900 ConcurrentGCThread "G1 Refine#0" [stack: 0x0000000ee6600000,0x0000000ee6700000] [id=30592]
  0x000001d0ffa70440 ConcurrentGCThread "G1 Service" [stack: 0x0000000ee6700000,0x0000000ee6800000] [id=23940]

Threads with active compile tasks:

VM state: not at safepoint (normal execution)

VM Mutex/Monitor currently owned by a thread: None

Heap address: 0x0000000603800000, size: 8136 MB, Compressed Oops mode: Zero based, Oop shift amount: 3

CDS archive(s) mapped at: [0x000001d0ad000000-0x000001d0adbb0000-0x000001d0adbb0000), size 12255232, SharedBaseAddress: 0x000001d0ad000000, ArchiveRelocationMode: 1.
Compressed class space mapped at: 0x000001d0ae000000-0x000001d0ee000000, reserved size: 1073741824
Narrow klass base: 0x000001d0ad000000, Narrow klass shift: 0, Narrow klass range: 0x100000000

GC Precious Log:
 CPUs: 20 total, 20 available
 Memory: 32540M
 Large Page Support: Disabled
 NUMA Support: Disabled
 Compressed Oops: Enabled (Zero based)
 Heap Region Size: 4M
 Heap Min Capacity: 8M
 Heap Initial Capacity: 512M
 Heap Max Capacity: 8136M
 Pre-touch: Disabled
 Parallel Workers: 15
 Concurrent Workers: 4
 Concurrent Refinement Workers: 15
 Periodic GC: Disabled

Heap:
 garbage-first heap   total 524288K, used 8192K [0x0000000603800000, 0x0000000800000000)
  region size 4096K, 3 young (12288K), 0 survivors (0K)
 Metaspace       used 4374K, committed 4480K, reserved 1114112K
  class space    used 267K, committed 320K, reserved 1048576K

Heap Regions: E=young(eden), S=young(survivor), O=old, HS=humongous(starts), HC=humongous(continues), CS=collection set, F=free, OA=open archive, CA=closed archive, TAMS=top-at-mark-start (previous, next)
|   0|0x0000000603800000, 0x0000000603800000, 0x0000000603c00000|  0%| F|  |TAMS 0x0000000603800000, 0x0000000603800000| Untracked 
|   1|0x0000000603c00000, 0x0000000603c00000, 0x0000000604000000|  0%| F|  |TAMS 0x0000000603c00000, 0x0000000603c00000| Untracked 
|   2|0x0000000604000000, 0x0000000604000000, 0x0000000604400000|  0%| F|  |TAMS 0x0000000604000000, 0x0000000604000000| Untracked 
|   3|0x0000000604400000, 0x0000000604400000, 0x0000000604800000|  0%| F|  |TAMS 0x0000000604400000, 0x0000000604400000| Untracked 
|   4|0x0000000604800000, 0x0000000604800000, 0x0000000604c00000|  0%| F|  |TAMS 0x0000000604800000, 0x0000000604800000| Untracked 
|   5|0x0000000604c00000, 0x0000000604c00000, 0x0000000605000000|  0%| F|  |TAMS 0x0000000604c00000, 0x0000000604c00000| Untracked 
|   6|0x0000000605000000, 0x0000000605000000, 0x0000000605400000|  0%| F|  |TAMS 0x0000000605000000, 0x0000000605000000| Untracked 
|   7|0x0000000605400000, 0x0000000605400000, 0x0000000605800000|  0%| F|  |TAMS 0x0000000605400000, 0x0000000605400000| Untracked 
|   8|0x0000000605800000, 0x0000000605800000, 0x0000000605c00000|  0%| F|  |TAMS 0x0000000605800000, 0x0000000605800000| Untracked 
|   9|0x0000000605c00000, 0x0000000605c00000, 0x0000000606000000|  0%| F|  |TAMS 0x0000000605c00000, 0x0000000605c00000| Untracked 
|  10|0x0000000606000000, 0x0000000606000000, 0x0000000606400000|  0%| F|  |TAMS 0x0000000606000000, 0x0000000606000000| Untracked 
|  11|0x0000000606400000, 0x0000000606400000, 0x0000000606800000|  0%| F|  |TAMS 0x0000000606400000, 0x0000000606400000| Untracked 
|  12|0x0000000606800000, 0x0000000606800000, 0x0000000606c00000|  0%| F|  |TAMS 0x0000000606800000, 0x0000000606800000| Untracked 
|  13|0x0000000606c00000, 0x0000000606c00000, 0x0000000607000000|  0%| F|  |TAMS 0x0000000606c00000, 0x0000000606c00000| Untracked 
|  14|0x0000000607000000, 0x0000000607000000, 0x0000000607400000|  0%| F|  |TAMS 0x0000000607000000, 0x0000000607000000| Untracked 
|  15|0x0000000607400000, 0x0000000607400000, 0x0000000607800000|  0%| F|  |TAMS 0x0000000607400000, 0x0000000607400000| Untracked 
|  16|0x0000000607800000, 0x0000000607800000, 0x0000000607c00000|  0%| F|  |TAMS 0x0000000607800000, 0x0000000607800000| Untracked 
|  17|0x0000000607c00000, 0x0000000607c00000, 0x0000000608000000|  0%| F|  |TAMS 0x0000000607c00000, 0x0000000607c00000| Untracked 
|  18|0x0000000608000000, 0x0000000608000000, 0x0000000608400000|  0%| F|  |TAMS 0x0000000608000000, 0x0000000608000000| Untracked 
|  19|0x0000000608400000, 0x0000000608400000, 0x0000000608800000|  0%| F|  |TAMS 0x0000000608400000, 0x0000000608400000| Untracked 
|  20|0x0000000608800000, 0x0000000608800000, 0x0000000608c00000|  0%| F|  |TAMS 0x0000000608800000, 0x0000000608800000| Untracked 
|  21|0x0000000608c00000, 0x0000000608c00000, 0x0000000609000000|  0%| F|  |TAMS 0x0000000608c00000, 0x0000000608c00000| Untracked 
|  22|0x0000000609000000, 0x0000000609000000, 0x0000000609400000|  0%| F|  |TAMS 0x0000000609000000, 0x0000000609000000| Untracked 
|  23|0x0000000609400000, 0x0000000609400000, 0x0000000609800000|  0%| F|  |TAMS 0x0000000609400000, 0x0000000609400000| Untracked 
|  24|0x0000000609800000, 0x0000000609800000, 0x0000000609c00000|  0%| F|  |TAMS 0x0000000609800000, 0x0000000609800000| Untracked 
|  25|0x0000000609c00000, 0x0000000609c00000, 0x000000060a000000|  0%| F|  |TAMS 0x0000000609c00000, 0x0000000609c00000| Untracked 
|  26|0x000000060a000000, 0x000000060a000000, 0x000000060a400000|  0%| F|  |TAMS 0x000000060a000000, 0x000000060a000000| Untracked 
|  27|0x000000060a400000, 0x000000060a400000, 0x000000060a800000|  0%| F|  |TAMS 0x000000060a400000, 0x000000060a400000| Untracked 
|  28|0x000000060a800000, 0x000000060a800000, 0x000000060ac00000|  0%| F|  |TAMS 0x000000060a800000, 0x000000060a800000| Untracked 
|  29|0x000000060ac00000, 0x000000060ac00000, 0x000000060b000000|  0%| F|  |TAMS 0x000000060ac00000, 0x000000060ac00000| Untracked 
|  30|0x000000060b000000, 0x000000060b000000, 0x000000060b400000|  0%| F|  |TAMS 0x000000060b000000, 0x000000060b000000| Untracked 
|  31|0x000000060b400000, 0x000000060b400000, 0x000000060b800000|  0%| F|  |TAMS 0x000000060b400000, 0x000000060b400000| Untracked 
|  32|0x000000060b800000, 0x000000060b800000, 0x000000060bc00000|  0%| F|  |TAMS 0x000000060b800000, 0x000000060b800000| Untracked 
|  33|0x000000060bc00000, 0x000000060bc00000, 0x000000060c000000|  0%| F|  |TAMS 0x000000060bc00000, 0x000000060bc00000| Untracked 
|  34|0x000000060c000000, 0x000000060c000000, 0x000000060c400000|  0%| F|  |TAMS 0x000000060c000000, 0x000000060c000000| Untracked 
|  35|0x000000060c400000, 0x000000060c400000, 0x000000060c800000|  0%| F|  |TAMS 0x000000060c400000, 0x000000060c400000| Untracked 
|  36|0x000000060c800000, 0x000000060c800000, 0x000000060cc00000|  0%| F|  |TAMS 0x000000060c800000, 0x000000060c800000| Untracked 
|  37|0x000000060cc00000, 0x000000060cc00000, 0x000000060d000000|  0%| F|  |TAMS 0x000000060cc00000, 0x000000060cc00000| Untracked 
|  38|0x000000060d000000, 0x000000060d000000, 0x000000060d400000|  0%| F|  |TAMS 0x000000060d000000, 0x000000060d000000| Untracked 
|  39|0x000000060d400000, 0x000000060d400000, 0x000000060d800000|  0%| F|  |TAMS 0x000000060d400000, 0x000000060d400000| Untracked 
|  40|0x000000060d800000, 0x000000060d800000, 0x000000060dc00000|  0%| F|  |TAMS 0x000000060d800000, 0x000000060d800000| Untracked 
|  41|0x000000060dc00000, 0x000000060dc00000, 0x000000060e000000|  0%| F|  |TAMS 0x000000060dc00000, 0x000000060dc00000| Untracked 
|  42|0x000000060e000000, 0x000000060e000000, 0x000000060e400000|  0%| F|  |TAMS 0x000000060e000000, 0x000000060e000000| Untracked 
|  43|0x000000060e400000, 0x000000060e400000, 0x000000060e800000|  0%| F|  |TAMS 0x000000060e400000, 0x000000060e400000| Untracked 
|  44|0x000000060e800000, 0x000000060e800000, 0x000000060ec00000|  0%| F|  |TAMS 0x000000060e800000, 0x000000060e800000| Untracked 
|  45|0x000000060ec00000, 0x000000060ec00000, 0x000000060f000000|  0%| F|  |TAMS 0x000000060ec00000, 0x000000060ec00000| Untracked 
|  46|0x000000060f000000, 0x000000060f000000, 0x000000060f400000|  0%| F|  |TAMS 0x000000060f000000, 0x000000060f000000| Untracked 
|  47|0x000000060f400000, 0x000000060f400000, 0x000000060f800000|  0%| F|  |TAMS 0x000000060f400000, 0x000000060f400000| Untracked 
|  48|0x000000060f800000, 0x000000060f800000, 0x000000060fc00000|  0%| F|  |TAMS 0x000000060f800000, 0x000000060f800000| Untracked 
|  49|0x000000060fc00000, 0x000000060fc00000, 0x0000000610000000|  0%| F|  |TAMS 0x000000060fc00000, 0x000000060fc00000| Untracked 
|  50|0x0000000610000000, 0x0000000610000000, 0x0000000610400000|  0%| F|  |TAMS 0x0000000610000000, 0x0000000610000000| Untracked 
|  51|0x0000000610400000, 0x0000000610400000, 0x0000000610800000|  0%| F|  |TAMS 0x0000000610400000, 0x0000000610400000| Untracked 
|  52|0x0000000610800000, 0x0000000610800000, 0x0000000610c00000|  0%| F|  |TAMS 0x0000000610800000, 0x0000000610800000| Untracked 
|  53|0x0000000610c00000, 0x0000000610c00000, 0x0000000611000000|  0%| F|  |TAMS 0x0000000610c00000, 0x0000000610c00000| Untracked 
|  54|0x0000000611000000, 0x0000000611000000, 0x0000000611400000|  0%| F|  |TAMS 0x0000000611000000, 0x0000000611000000| Untracked 
|  55|0x0000000611400000, 0x0000000611400000, 0x0000000611800000|  0%| F|  |TAMS 0x0000000611400000, 0x0000000611400000| Untracked 
|  56|0x0000000611800000, 0x0000000611800000, 0x0000000611c00000|  0%| F|  |TAMS 0x0000000611800000, 0x0000000611800000| Untracked 
|  57|0x0000000611c00000, 0x0000000611c00000, 0x0000000612000000|  0%| F|  |TAMS 0x0000000611c00000, 0x0000000611c00000| Untracked 
|  58|0x0000000612000000, 0x0000000612000000, 0x0000000612400000|  0%| F|  |TAMS 0x0000000612000000, 0x0000000612000000| Untracked 
|  59|0x0000000612400000, 0x0000000612400000, 0x0000000612800000|  0%| F|  |TAMS 0x0000000612400000, 0x0000000612400000| Untracked 
|  60|0x0000000612800000, 0x0000000612800000, 0x0000000612c00000|  0%| F|  |TAMS 0x0000000612800000, 0x0000000612800000| Untracked 
|  61|0x0000000612c00000, 0x0000000612c00000, 0x0000000613000000|  0%| F|  |TAMS 0x0000000612c00000, 0x0000000612c00000| Untracked 
|  62|0x0000000613000000, 0x0000000613000000, 0x0000000613400000|  0%| F|  |TAMS 0x0000000613000000, 0x0000000613000000| Untracked 
|  63|0x0000000613400000, 0x0000000613400000, 0x0000000613800000|  0%| F|  |TAMS 0x0000000613400000, 0x0000000613400000| Untracked 
|  64|0x0000000613800000, 0x0000000613800000, 0x0000000613c00000|  0%| F|  |TAMS 0x0000000613800000, 0x0000000613800000| Untracked 
|  65|0x0000000613c00000, 0x0000000613c00000, 0x0000000614000000|  0%| F|  |TAMS 0x0000000613c00000, 0x0000000613c00000| Untracked 
|  66|0x0000000614000000, 0x0000000614000000, 0x0000000614400000|  0%| F|  |TAMS 0x0000000614000000, 0x0000000614000000| Untracked 
|  67|0x0000000614400000, 0x0000000614400000, 0x0000000614800000|  0%| F|  |TAMS 0x0000000614400000, 0x0000000614400000| Untracked 
|  68|0x0000000614800000, 0x0000000614800000, 0x0000000614c00000|  0%| F|  |TAMS 0x0000000614800000, 0x0000000614800000| Untracked 
|  69|0x0000000614c00000, 0x0000000614c00000, 0x0000000615000000|  0%| F|  |TAMS 0x0000000614c00000, 0x0000000614c00000| Untracked 
|  70|0x0000000615000000, 0x0000000615000000, 0x0000000615400000|  0%| F|  |TAMS 0x0000000615000000, 0x0000000615000000| Untracked 
|  71|0x0000000615400000, 0x0000000615400000, 0x0000000615800000|  0%| F|  |TAMS 0x0000000615400000, 0x0000000615400000| Untracked 
|  72|0x0000000615800000, 0x0000000615800000, 0x0000000615c00000|  0%| F|  |TAMS 0x0000000615800000, 0x0000000615800000| Untracked 
|  73|0x0000000615c00000, 0x0000000615c00000, 0x0000000616000000|  0%| F|  |TAMS 0x0000000615c00000, 0x0000000615c00000| Untracked 
|  74|0x0000000616000000, 0x0000000616000000, 0x0000000616400000|  0%| F|  |TAMS 0x0000000616000000, 0x0000000616000000| Untracked 
|  75|0x0000000616400000, 0x0000000616400000, 0x0000000616800000|  0%| F|  |TAMS 0x0000000616400000, 0x0000000616400000| Untracked 
|  76|0x0000000616800000, 0x0000000616800000, 0x0000000616c00000|  0%| F|  |TAMS 0x0000000616800000, 0x0000000616800000| Untracked 
|  77|0x0000000616c00000, 0x0000000616c00000, 0x0000000617000000|  0%| F|  |TAMS 0x0000000616c00000, 0x0000000616c00000| Untracked 
|  78|0x0000000617000000, 0x0000000617000000, 0x0000000617400000|  0%| F|  |TAMS 0x0000000617000000, 0x0000000617000000| Untracked 
|  79|0x0000000617400000, 0x0000000617400000, 0x0000000617800000|  0%| F|  |TAMS 0x0000000617400000, 0x0000000617400000| Untracked 
|  80|0x0000000617800000, 0x0000000617800000, 0x0000000617c00000|  0%| F|  |TAMS 0x0000000617800000, 0x0000000617800000| Untracked 
|  81|0x0000000617c00000, 0x0000000617c00000, 0x0000000618000000|  0%| F|  |TAMS 0x0000000617c00000, 0x0000000617c00000| Untracked 
|  82|0x0000000618000000, 0x0000000618000000, 0x0000000618400000|  0%| F|  |TAMS 0x0000000618000000, 0x0000000618000000| Untracked 
|  83|0x0000000618400000, 0x0000000618400000, 0x0000000618800000|  0%| F|  |TAMS 0x0000000618400000, 0x0000000618400000| Untracked 
|  84|0x0000000618800000, 0x0000000618800000, 0x0000000618c00000|  0%| F|  |TAMS 0x0000000618800000, 0x0000000618800000| Untracked 
|  85|0x0000000618c00000, 0x0000000618c00000, 0x0000000619000000|  0%| F|  |TAMS 0x0000000618c00000, 0x0000000618c00000| Untracked 
|  86|0x0000000619000000, 0x0000000619000000, 0x0000000619400000|  0%| F|  |TAMS 0x0000000619000000, 0x0000000619000000| Untracked 
|  87|0x0000000619400000, 0x0000000619400000, 0x0000000619800000|  0%| F|  |TAMS 0x0000000619400000, 0x0000000619400000| Untracked 
|  88|0x0000000619800000, 0x0000000619800000, 0x0000000619c00000|  0%| F|  |TAMS 0x0000000619800000, 0x0000000619800000| Untracked 
|  89|0x0000000619c00000, 0x0000000619c00000, 0x000000061a000000|  0%| F|  |TAMS 0x0000000619c00000, 0x0000000619c00000| Untracked 
|  90|0x000000061a000000, 0x000000061a000000, 0x000000061a400000|  0%| F|  |TAMS 0x000000061a000000, 0x000000061a000000| Untracked 
|  91|0x000000061a400000, 0x000000061a400000, 0x000000061a800000|  0%| F|  |TAMS 0x000000061a400000, 0x000000061a400000| Untracked 
|  92|0x000000061a800000, 0x000000061a800000, 0x000000061ac00000|  0%| F|  |TAMS 0x000000061a800000, 0x000000061a800000| Untracked 
|  93|0x000000061ac00000, 0x000000061ac00000, 0x000000061b000000|  0%| F|  |TAMS 0x000000061ac00000, 0x000000061ac00000| Untracked 
|  94|0x000000061b000000, 0x000000061b000000, 0x000000061b400000|  0%| F|  |TAMS 0x000000061b000000, 0x000000061b000000| Untracked 
|  95|0x000000061b400000, 0x000000061b400000, 0x000000061b800000|  0%| F|  |TAMS 0x000000061b400000, 0x000000061b400000| Untracked 
|  96|0x000000061b800000, 0x000000061b800000, 0x000000061bc00000|  0%| F|  |TAMS 0x000000061b800000, 0x000000061b800000| Untracked 
|  97|0x000000061bc00000, 0x000000061bc00000, 0x000000061c000000|  0%| F|  |TAMS 0x000000061bc00000, 0x000000061bc00000| Untracked 
|  98|0x000000061c000000, 0x000000061c000000, 0x000000061c400000|  0%| F|  |TAMS 0x000000061c000000, 0x000000061c000000| Untracked 
|  99|0x000000061c400000, 0x000000061c400000, 0x000000061c800000|  0%| F|  |TAMS 0x000000061c400000, 0x000000061c400000| Untracked 
| 100|0x000000061c800000, 0x000000061c800000, 0x000000061cc00000|  0%| F|  |TAMS 0x000000061c800000, 0x000000061c800000| Untracked 
| 101|0x000000061cc00000, 0x000000061cc00000, 0x000000061d000000|  0%| F|  |TAMS 0x000000061cc00000, 0x000000061cc00000| Untracked 
| 102|0x000000061d000000, 0x000000061d000000, 0x000000061d400000|  0%| F|  |TAMS 0x000000061d000000, 0x000000061d000000| Untracked 
| 103|0x000000061d400000, 0x000000061d400000, 0x000000061d800000|  0%| F|  |TAMS 0x000000061d400000, 0x000000061d400000| Untracked 
| 104|0x000000061d800000, 0x000000061d800000, 0x000000061dc00000|  0%| F|  |TAMS 0x000000061d800000, 0x000000061d800000| Untracked 
| 105|0x000000061dc00000, 0x000000061dc00000, 0x000000061e000000|  0%| F|  |TAMS 0x000000061dc00000, 0x000000061dc00000| Untracked 
| 106|0x000000061e000000, 0x000000061e000000, 0x000000061e400000|  0%| F|  |TAMS 0x000000061e000000, 0x000000061e000000| Untracked 
| 107|0x000000061e400000, 0x000000061e400000, 0x000000061e800000|  0%| F|  |TAMS 0x000000061e400000, 0x000000061e400000| Untracked 
| 108|0x000000061e800000, 0x000000061e800000, 0x000000061ec00000|  0%| F|  |TAMS 0x000000061e800000, 0x000000061e800000| Untracked 
| 109|0x000000061ec00000, 0x000000061ec00000, 0x000000061f000000|  0%| F|  |TAMS 0x000000061ec00000, 0x000000061ec00000| Untracked 
| 110|0x000000061f000000, 0x000000061f000000, 0x000000061f400000|  0%| F|  |TAMS 0x000000061f000000, 0x000000061f000000| Untracked 
| 111|0x000000061f400000, 0x000000061f400000, 0x000000061f800000|  0%| F|  |TAMS 0x000000061f400000, 0x000000061f400000| Untracked 
| 112|0x000000061f800000, 0x000000061f800000, 0x000000061fc00000|  0%| F|  |TAMS 0x000000061f800000, 0x000000061f800000| Untracked 
| 113|0x000000061fc00000, 0x000000061fc00000, 0x0000000620000000|  0%| F|  |TAMS 0x000000061fc00000, 0x000000061fc00000| Untracked 
| 114|0x0000000620000000, 0x0000000620000000, 0x0000000620400000|  0%| F|  |TAMS 0x0000000620000000, 0x0000000620000000| Untracked 
| 115|0x0000000620400000, 0x0000000620400000, 0x0000000620800000|  0%| F|  |TAMS 0x0000000620400000, 0x0000000620400000| Untracked 
| 116|0x0000000620800000, 0x0000000620800000, 0x0000000620c00000|  0%| F|  |TAMS 0x0000000620800000, 0x0000000620800000| Untracked 
| 117|0x0000000620c00000, 0x0000000620c00000, 0x0000000621000000|  0%| F|  |TAMS 0x0000000620c00000, 0x0000000620c00000| Untracked 
| 118|0x0000000621000000, 0x0000000621000000, 0x0000000621400000|  0%| F|  |TAMS 0x0000000621000000, 0x0000000621000000| Untracked 
| 119|0x0000000621400000, 0x0000000621400000, 0x0000000621800000|  0%| F|  |TAMS 0x0000000621400000, 0x0000000621400000| Untracked 
| 120|0x0000000621800000, 0x0000000621800000, 0x0000000621c00000|  0%| F|  |TAMS 0x0000000621800000, 0x0000000621800000| Untracked 
| 121|0x0000000621c00000, 0x0000000621c00000, 0x0000000622000000|  0%| F|  |TAMS 0x0000000621c00000, 0x0000000621c00000| Untracked 
| 122|0x0000000622000000, 0x0000000622000000, 0x0000000622400000|  0%| F|  |TAMS 0x0000000622000000, 0x0000000622000000| Untracked 
| 123|0x0000000622400000, 0x0000000622400000, 0x0000000622800000|  0%| F|  |TAMS 0x0000000622400000, 0x0000000622400000| Untracked 
| 124|0x0000000622800000, 0x0000000622800000, 0x0000000622c00000|  0%| F|  |TAMS 0x0000000622800000, 0x0000000622800000| Untracked 
| 125|0x0000000622c00000, 0x0000000623000000, 0x0000000623000000|100%| E|  |TAMS 0x0000000622c00000, 0x0000000622c00000| Complete 
| 126|0x0000000623000000, 0x0000000623400000, 0x0000000623400000|100%| E|CS|TAMS 0x0000000623000000, 0x0000000623000000| Complete 
| 127|0x0000000623400000, 0x0000000623800000, 0x0000000623800000|100%| E|CS|TAMS 0x0000000623400000, 0x0000000623400000| Complete 

Card table byte_map: [0x000001d097a70000,0x000001d098a60000] _byte_map_base: 0x000001d094a54000

Marking Bits (Prev, Next): (CMBitMap*) 0x000001d0fe598950, (CMBitMap*) 0x000001d0fe598990
 Prev Bits: [0x000001d099a50000, 0x000001d0a1970000)
 Next Bits: [0x000001d0a1970000, 0x000001d0a9890000)

Polling page: 0x000001d0fe5e0000

Metaspace:

Usage:
  Non-class:      4.01 MB used.
      Class:    267.18 KB used.
       Both:      4.27 MB used.

Virtual space:
  Non-class space:       64.00 MB reserved,       4.06 MB (  6%) committed,  1 nodes.
      Class space:        1.00 GB reserved,     320.00 KB ( <1%) committed,  1 nodes.
             Both:        1.06 GB reserved,       4.38 MB ( <1%) committed. 

Chunk freelists:
   Non-Class:  9.83 MB
       Class:  15.63 MB
        Both:  25.46 MB

MaxMetaspaceSize: unlimited
CompressedClassSpaceSize: 1.00 GB
Initial GC threshold: 21.00 MB
Current GC threshold: 21.00 MB
CDS: on
MetaspaceReclaimPolicy: balanced
 - commit_granule_bytes: 65536.
 - commit_granule_words: 8192.
 - virtual_space_node_default_size: 8388608.
 - enlarge_chunks_in_place: 1.
 - new_chunks_are_fully_committed: 0.
 - uncommit_free_chunks: 1.
 - use_allocation_guard: 0.
 - handle_deallocations: 1.


Internal statistics:

num_allocs_failed_limit: 0.
num_arena_births: 68.
num_arena_deaths: 0.
num_vsnodes_births: 2.
num_vsnodes_deaths: 0.
num_space_committed: 68.
num_space_uncommitted: 0.
num_chunks_returned_to_freelist: 0.
num_chunks_taken_from_freelist: 164.
num_chunk_merges: 0.
num_chunk_splits: 109.
num_chunks_enlarged: 78.
num_inconsistent_stats: 0.

CodeHeap 'non-profiled nmethods': size=119168Kb used=241Kb max_used=241Kb free=118926Kb
 bounds [0x000001d08f620000, 0x000001d08f890000, 0x000001d096a80000]
CodeHeap 'profiled nmethods': size=119104Kb used=1331Kb max_used=1331Kb free=117772Kb
 bounds [0x000001d087a80000, 0x000001d087cf0000, 0x000001d08eed0000]
CodeHeap 'non-nmethods': size=7488Kb used=3308Kb max_used=3323Kb free=4179Kb
 bounds [0x000001d08eed0000, 0x000001d08f220000, 0x000001d08f620000]
 total_blobs=1868 nmethods=809 adapters=969
 compilation: enabled
              stopped_count=0, restarted_count=0
 full_count=0

Compilation events (20 events):
Event: 0.337 Thread 0x000001d0ac5067a0  802       3       java.net.URLStreamHandler::parseURL (1201 bytes)
Event: 0.337 Thread 0x000001d0ac617640 nmethod 800 0x000001d087bbba10 code [0x000001d087bbbbc0, 0x000001d087bbbeb8]
Event: 0.337 Thread 0x000001d0ac625c20 nmethod 801 0x000001d087bbbf90 code [0x000001d087bbc140, 0x000001d087bbc2f8]
Event: 0.341 Thread 0x000001d0ac625c20  805       3       sun.invoke.util.Wrapper::forBasicType (16 bytes)
Event: 0.341 Thread 0x000001d0ac617070  806       1       java.lang.invoke.DirectMethodHandle::internalMemberName (5 bytes)
Event: 0.341 Thread 0x000001d0ac617070 nmethod 806 0x000001d08f65ae10 code [0x000001d08f65afa0, 0x000001d08f65b078]
Event: 0.341 Thread 0x000001d0ac625c20 nmethod 805 0x000001d087bbc410 code [0x000001d087bbc5c0, 0x000001d087bbc768]
Event: 0.341 Thread 0x000001d0ac4cddb0 nmethod 797 0x000001d08f65b110 code [0x000001d08f65b2a0, 0x000001d08f65b7b8]
Event: 0.341 Thread 0x000001d0ac4cddb0  798       4       java.lang.String::startsWith (138 bytes)
Event: 0.342 Thread 0x000001d0ac617070  807   !   3       java.util.zip.Inflater::needsInput (55 bytes)
Event: 0.343 Thread 0x000001d0ac617070 nmethod 807 0x000001d087bbc810 code [0x000001d087bbc9c0, 0x000001d087bbcd78]
Event: 0.344 Thread 0x000001d0ac617070  808       3       java.lang.String::getChars (54 bytes)
Event: 0.344 Thread 0x000001d0ac625c20  809       3       java.lang.StringLatin1::getChars (12 bytes)
Event: 0.344 Thread 0x000001d0ac617640  810       1       java.util.zip.ZipEntry::getSize (5 bytes)
Event: 0.344 Thread 0x000001d0ac625c20 nmethod 809 0x000001d087bcc290 code [0x000001d087bcc420, 0x000001d087bcc548]
Event: 0.344 Thread 0x000001d0ac617640 nmethod 810 0x000001d08f65ba10 code [0x000001d08f65bba0, 0x000001d08f65bc78]
Event: 0.344 Thread 0x000001d0ac617070 nmethod 808 0x000001d087bcc610 code [0x000001d087bcc800, 0x000001d087bccc78]
Event: 0.344 Thread 0x000001d0ac5067a0 nmethod 802 0x000001d087bbce90 code [0x000001d087bbdfc0, 0x000001d087bc83a8]
Event: 0.344 Thread 0x000001d0ac4cddb0 nmethod 798 0x000001d08f65bd10 code [0x000001d08f65bea0, 0x000001d08f65c178]
Event: 0.344 Thread 0x000001d0ac4cddb0  803       4       java.util.zip.ZipUtils::CENHOW (9 bytes)

GC Heap History (0 events):
No events

Dll operation events (12 events):
Event: 0.005 Loaded shared library C:\Users\hamza\.jdks\temurin-17.0.13\bin\java.dll
Event: 0.015 Loaded shared library C:\Users\hamza\.jdks\temurin-17.0.13\bin\jsvml.dll
Event: 0.040 Loaded shared library C:\Users\hamza\.jdks\temurin-17.0.13\bin\zip.dll
Event: 0.041 Loaded shared library C:\Users\hamza\.jdks\temurin-17.0.13\bin\instrument.dll
Event: 0.044 Loaded shared library C:\Users\hamza\.jdks\temurin-17.0.13\bin\net.dll
Event: 0.045 Loaded shared library C:\Users\hamza\.jdks\temurin-17.0.13\bin\nio.dll
Event: 0.047 Loaded shared library C:\Users\hamza\.jdks\temurin-17.0.13\bin\zip.dll
Event: 0.062 Loaded shared library C:\Program Files\JetBrains\IntelliJ IDEA Community Edition 2024.1.4\bin\breakgen64.dll
Event: 0.067 Loaded shared library C:\Users\hamza\.jdks\temurin-17.0.13\bin\extnet.dll
Event: 0.082 Loaded shared library C:\Users\hamza\.jdks\temurin-17.0.13\bin\jimage.dll
Event: 0.092 Loaded shared library C:\Users\hamza\AppData\Local\Temp\lwjgl_hamza\3.3.6+1\x64\lwjgl.dll
Event: 0.293 Loaded shared library C:\Users\hamza\AppData\Local\Temp\lwjgl_hamza\3.3.6+1\x64\lwjgl_opengl.dll

Deoptimization events (20 events):
Event: 0.063 Thread 0x000001d0fe529df0 Uncommon trap: trap_request=0xffffff45 fr.pc=0x000001d08f6300f8 relative=0x0000000000000078
Event: 0.063 Thread 0x000001d0fe529df0 Uncommon trap: reason=unstable_if action=reinterpret pc=0x000001d08f6300f8 method=java.lang.String.isLatin1()Z @ 10 c2
Event: 0.063 Thread 0x000001d0fe529df0 DEOPT PACKING pc=0x000001d08f6300f8 sp=0x0000000ee62fed80
Event: 0.063 Thread 0x000001d0fe529df0 DEOPT UNPACKING pc=0x000001d08ef269a3 sp=0x0000000ee62fecc0 mode 2
Event: 0.080 Thread 0x000001d0fe529df0 DEOPT PACKING pc=0x000001d087a935c3 sp=0x0000000ee62fbe40
Event: 0.080 Thread 0x000001d0fe529df0 DEOPT UNPACKING pc=0x000001d08ef27143 sp=0x0000000ee62fb260 mode 0
Event: 0.098 Thread 0x000001d0fe529df0 DEOPT PACKING pc=0x000001d087a88345 sp=0x0000000ee62fd110
Event: 0.098 Thread 0x000001d0fe529df0 DEOPT UNPACKING pc=0x000001d08ef27143 sp=0x0000000ee62fc588 mode 0
Event: 0.104 Thread 0x000001d0fe529df0 Uncommon trap: trap_request=0xffffff45 fr.pc=0x000001d08f62ea44 relative=0x00000000000008e4
Event: 0.104 Thread 0x000001d0fe529df0 Uncommon trap: reason=unstable_if action=reinterpret pc=0x000001d08f62ea44 method=java.util.HashMap.putVal(ILjava/lang/Object;Ljava/lang/Object;ZZ)Ljava/lang/Object; @ 181 c2
Event: 0.104 Thread 0x000001d0fe529df0 DEOPT PACKING pc=0x000001d08f62ea44 sp=0x0000000ee62fd360
Event: 0.104 Thread 0x000001d0fe529df0 DEOPT UNPACKING pc=0x000001d08ef269a3 sp=0x0000000ee62fd300 mode 2
Event: 0.112 Thread 0x000001d0fe529df0 DEOPT PACKING pc=0x000001d087b2e614 sp=0x0000000ee62fd4f0
Event: 0.112 Thread 0x000001d0fe529df0 DEOPT UNPACKING pc=0x000001d08ef27143 sp=0x0000000ee62fc968 mode 0
Event: 0.112 Thread 0x000001d0fe529df0 DEOPT PACKING pc=0x000001d087b2e614 sp=0x0000000ee62fd4f0
Event: 0.112 Thread 0x000001d0fe529df0 DEOPT UNPACKING pc=0x000001d08ef27143 sp=0x0000000ee62fc968 mode 0
Event: 0.336 Thread 0x000001d0fe529df0 Uncommon trap: trap_request=0xffffff54 fr.pc=0x000001d08f6584e0 relative=0x0000000000000060
Event: 0.336 Thread 0x000001d0fe529df0 Uncommon trap: reason=speculate_null_assert action=make_not_entrant pc=0x000001d08f6584e0 method=sun.misc.Unsafe.putLong(Ljava/lang/Object;JJ)V @ 7 c2
Event: 0.336 Thread 0x000001d0fe529df0 DEOPT PACKING pc=0x000001d08f6584e0 sp=0x0000000ee62ff060
Event: 0.336 Thread 0x000001d0fe529df0 DEOPT UNPACKING pc=0x000001d08ef269a3 sp=0x0000000ee62fefd8 mode 2

Classes loaded (20 events):
Event: 0.121 Loading class sun/misc/Unsafe
Event: 0.121 Loading class sun/misc/Unsafe done
Event: 0.122 Loading class jdk/internal/reflect/UnsafeFieldAccessorFactory
Event: 0.122 Loading class jdk/internal/reflect/UnsafeFieldAccessorFactory done
Event: 0.122 Loading class jdk/internal/reflect/UnsafeQualifiedStaticObjectFieldAccessorImpl
Event: 0.122 Loading class jdk/internal/reflect/UnsafeQualifiedStaticFieldAccessorImpl
Event: 0.122 Loading class jdk/internal/reflect/UnsafeQualifiedStaticFieldAccessorImpl done
Event: 0.122 Loading class jdk/internal/reflect/UnsafeQualifiedStaticObjectFieldAccessorImpl done
Event: 0.122 Loading class java/util/function/LongPredicate
Event: 0.122 Loading class java/util/function/LongPredicate done
Event: 0.123 Loading class jdk/internal/access/foreign/MemorySegmentProxy
Event: 0.123 Loading class jdk/internal/access/foreign/MemorySegmentProxy done
Event: 0.265 Loading class java/util/Formatter$FixedString
Event: 0.265 Loading class java/util/Formatter$FixedString done
Event: 0.266 Loading class java/nio/InvalidMarkException
Event: 0.266 Loading class java/nio/InvalidMarkException done
Event: 0.266 Loading class java/nio/BufferUnderflowException
Event: 0.266 Loading class java/nio/BufferUnderflowException done
Event: 0.300 Loading class jdk/internal/misc/ScopedMemoryAccess$Scope
Event: 0.300 Loading class jdk/internal/misc/ScopedMemoryAccess$Scope done

Classes unloaded (0 events):
No events

Classes redefined (0 events):
No events

Internal exceptions (20 events):
Event: 0.068 Thread 0x000001d0f20d7f50 Exception <a 'java/lang/NoSuchMethodError'{0x000000062310aa18}: 'void java.lang.invoke.DirectMethodHandle$Holder.invokeStatic(java.lang.Object, java.lang.Object)'> (0x000000062310aa18) 
thrown [s\src\hotspot\share\interpreter\linkResolver.cpp, line 759]
Event: 0.077 Thread 0x000001d0fe529df0 Exception <a 'java/lang/NoSuchMethodError'{0x00000006231d83c8}: 'void java.lang.invoke.DirectMethodHandle$Holder.invokeSpecial(java.lang.Object, java.lang.Object, java.lang.Object)'> (0x00000006231d83c8) 
thrown [s\src\hotspot\share\interpreter\linkResolver.cpp, line 759]
Event: 0.078 Thread 0x000001d0fe529df0 Exception <a 'java/lang/NoSuchMethodError'{0x00000006231eb160}: 'java.lang.Object java.lang.invoke.DirectMethodHandle$Holder.invokeStatic(java.lang.Object, java.lang.Object, int)'> (0x00000006231eb160) 
thrown [s\src\hotspot\share\interpreter\linkResolver.cpp, line 759]
Event: 0.079 Thread 0x000001d0fe529df0 Exception <a 'java/lang/NoSuchMethodError'{0x00000006232ecde0}: 'void java.lang.invoke.DelegatingMethodHandle$Holder.delegate(java.lang.Object, java.lang.Object, int, java.lang.Object)'> (0x00000006232ecde0) 
thrown [s\src\hotspot\share\interpreter\linkResolver.cpp, line 759]
Event: 0.079 Thread 0x000001d0fe529df0 Exception <a 'java/lang/NoSuchMethodError'{0x00000006232f0e18}: 'int java.lang.invoke.DirectMethodHandle$Holder.invokeSpecial(java.lang.Object, java.lang.Object, java.lang.Object)'> (0x00000006232f0e18) 
thrown [s\src\hotspot\share\interpreter\linkResolver.cpp, line 759]
Event: 0.095 Thread 0x000001d0fe529df0 Exception <a 'sun/nio/fs/WindowsException'{0x00000006233444a8}> (0x00000006233444a8) 
thrown [s\src\hotspot\share\prims\jni.cpp, line 516]
Event: 0.095 Thread 0x000001d0fe529df0 Exception <a 'sun/nio/fs/WindowsException'{0x00000006233449f8}> (0x00000006233449f8) 
thrown [s\src\hotspot\share\prims\jni.cpp, line 516]
Event: 0.116 Thread 0x000001d0fe529df0 Exception <a 'sun/nio/fs/WindowsException'{0x00000006233d8ae0}> (0x00000006233d8ae0) 
thrown [s\src\hotspot\share\prims\jni.cpp, line 516]
Event: 0.116 Thread 0x000001d0fe529df0 Exception <a 'sun/nio/fs/WindowsException'{0x00000006233d8e40}> (0x00000006233d8e40) 
thrown [s\src\hotspot\share\prims\jni.cpp, line 516]
Event: 0.123 Thread 0x000001d0fe529df0 Exception <a 'java/lang/NoSuchMethodError'{0x0000000622c44a98}: 'int java.lang.invoke.DirectMethodHandle$Holder.invokeStaticInit(java.lang.Object, java.lang.Object, int, long)'> (0x0000000622c44a98) 
thrown [s\src\hotspot\share\interpreter\linkResolver.cpp, line 759]
Event: 0.123 Thread 0x000001d0fe529df0 Exception <a 'java/lang/NoSuchMethodError'{0x0000000622c4a608}: 'java.lang.Object java.lang.invoke.DirectMethodHandle$Holder.newInvokeSpecial(java.lang.Object, java.lang.Object, int)'> (0x0000000622c4a608) 
thrown [s\src\hotspot\share\interpreter\linkResolver.cpp, line 759]
Event: 0.124 Thread 0x000001d0fe529df0 Exception <a 'java/lang/NoSuchMethodError'{0x0000000622c59450}: 'int java.lang.invoke.DirectMethodHandle$Holder.invokeStaticInit(java.lang.Object, java.lang.Object, long, long)'> (0x0000000622c59450) 
thrown [s\src\hotspot\share\interpreter\linkResolver.cpp, line 759]
Event: 0.125 Thread 0x000001d0fe529df0 Exception <a 'java/lang/NoSuchMethodError'{0x0000000622c5f808}: 'java.lang.Object java.lang.invoke.DirectMethodHandle$Holder.newInvokeSpecial(java.lang.Object, java.lang.Object, long)'> (0x0000000622c5f808) 
thrown [s\src\hotspot\share\interpreter\linkResolver.cpp, line 759]
Event: 0.125 Thread 0x000001d0fe529df0 Exception <a 'java/lang/NoSuchMethodError'{0x0000000622c63af8}: 'java.lang.Object java.lang.invoke.Invokers$Holder.linkToTargetMethod(java.lang.Object, long, java.lang.Object)'> (0x0000000622c63af8) 
thrown [s\src\hotspot\share\interpreter\linkResolver.cpp, line 759]
Event: 0.125 Thread 0x000001d0fe529df0 Exception <a 'java/lang/NoSuchMethodError'{0x0000000622c6b210}: 'int java.lang.invoke.DirectMethodHandle$Holder.invokeStaticInit(java.lang.Object, java.lang.Object, java.lang.Object, long)'> (0x0000000622c6b210) 
thrown [s\src\hotspot\share\interpreter\linkResolver.cpp, line 759]
Event: 0.268 Thread 0x000001d0fe529df0 Exception <a 'java/lang/NoSuchMethodError'{0x0000000622d11388}: 'void java.lang.invoke.DirectMethodHandle$Holder.invokeStatic(java.lang.Object, int, long)'> (0x0000000622d11388) 
thrown [s\src\hotspot\share\interpreter\linkResolver.cpp, line 759]
Event: 0.292 Thread 0x000001d0fe529df0 Exception <a 'sun/nio/fs/WindowsException'{0x0000000622d5cfc0}> (0x0000000622d5cfc0) 
thrown [s\src\hotspot\share\prims\jni.cpp, line 516]
Event: 0.292 Thread 0x000001d0fe529df0 Exception <a 'sun/nio/fs/WindowsException'{0x0000000622d5d360}> (0x0000000622d5d360) 
thrown [s\src\hotspot\share\prims\jni.cpp, line 516]
Event: 0.295 Thread 0x000001d0fe529df0 Exception <a 'sun/nio/fs/WindowsException'{0x0000000622d6a1d0}> (0x0000000622d6a1d0) 
thrown [s\src\hotspot\share\prims\jni.cpp, line 516]
Event: 0.295 Thread 0x000001d0fe529df0 Exception <a 'sun/nio/fs/WindowsException'{0x0000000622d6a4a0}> (0x0000000622d6a4a0) 
thrown [s\src\hotspot\share\prims\jni.cpp, line 516]

VM Operations (2 events):
Event: 0.063 Executing VM operation: HandshakeAllThreads
Event: 0.063 Executing VM operation: HandshakeAllThreads done

Memory protections (0 events):
No events

Nmethod flushes (0 events):
No events

Events (18 events):
Event: 0.015 Thread 0x000001d0fe529df0 Thread added: 0x000001d0fe529df0
Event: 0.017 Thread 0x000001d0fe529df0 Thread added: 0x000001d0ffb401b0
Event: 0.017 Thread 0x000001d0fe529df0 Thread added: 0x000001d0ffb42d80
Event: 0.020 Thread 0x000001d0fe529df0 Thread added: 0x000001d0ac4c3470
Event: 0.020 Thread 0x000001d0fe529df0 Thread added: 0x000001d0ac4c4030
Event: 0.020 Thread 0x000001d0fe529df0 Thread added: 0x000001d0ac4c6e00
Event: 0.020 Thread 0x000001d0fe529df0 Thread added: 0x000001d0ac4c7dd0
Event: 0.020 Thread 0x000001d0fe529df0 Thread added: 0x000001d0ac4cddb0
Event: 0.020 Thread 0x000001d0fe529df0 Thread added: 0x000001d0ac5067a0
Event: 0.020 Thread 0x000001d0fe529df0 Thread added: 0x000001d0ac5080c0
Event: 0.032 Thread 0x000001d0fe529df0 Thread added: 0x000001d0ac610b30
Event: 0.035 Thread 0x000001d0ac5067a0 Thread added: 0x000001d0ac617070
Event: 0.035 Thread 0x000001d0ac5067a0 Thread added: 0x000001d0ac617640
Event: 0.036 Thread 0x000001d0ac617070 Thread added: 0x000001d0ac625c20
Event: 0.038 Thread 0x000001d0ac5067a0 Thread added: 0x000001d0ac6b0bb0
Event: 0.062 Thread 0x000001d0fe529df0 Thread added: 0x000001d0f20d7f50
Event: 0.062 Thread 0x000001d0fe529df0 Thread added: 0x000001d0f20d8cf0
Event: 0.262 Thread 0x000001d0ac6b0bb0 Thread exited: 0x000001d0ac6b0bb0


Dynamic libraries:
0x00007ff6550c0000 - 0x00007ff6550ce000 	C:\Users\hamza\.jdks\temurin-17.0.13\bin\java.exe
0x00007ffdbc120000 - 0x00007ffdbc383000 	C:\WINDOWS\SYSTEM32\ntdll.dll
0x00007ffdba000000 - 0x00007ffdba0c8000 	C:\WINDOWS\System32\KERNEL32.DLL
0x00007ffdb98e0000 - 0x00007ffdb9c92000 	C:\WINDOWS\System32\KERNELBASE.dll
0x00007ffdb9cd0000 - 0x00007ffdb9e1b000 	C:\WINDOWS\System32\ucrtbase.dll
0x00007ffda4780000 - 0x00007ffda4797000 	C:\Users\hamza\.jdks\temurin-17.0.13\bin\jli.dll
0x00007ffda41f0000 - 0x00007ffda420e000 	C:\Users\hamza\.jdks\temurin-17.0.13\bin\VCRUNTIME140.dll
0x00007ffdbbe80000 - 0x00007ffdbc048000 	C:\WINDOWS\System32\USER32.dll
0x00007ffdb9ca0000 - 0x00007ffdb9cc7000 	C:\WINDOWS\System32\win32u.dll
0x00007ffda0340000 - 0x00007ffda05d0000 	C:\WINDOWS\WinSxS\amd64_microsoft.windows.common-controls_6595b64144ccf1df_6.0.26100.2454_none_3e0b68a2e331ad60\COMCTL32.dll
0x00007ffdba540000 - 0x00007ffdba56a000 	C:\WINDOWS\System32\GDI32.dll
0x00007ffdb9f50000 - 0x00007ffdb9ff9000 	C:\WINDOWS\System32\msvcrt.dll
0x00007ffdb9e20000 - 0x00007ffdb9f4b000 	C:\WINDOWS\System32\gdi32full.dll
0x00007ffdb9640000 - 0x00007ffdb96e3000 	C:\WINDOWS\System32\msvcp_win.dll
0x00007ffdba570000 - 0x00007ffdba59f000 	C:\WINDOWS\System32\IMM32.DLL
0x00007ffdb4ed0000 - 0x00007ffdb4edc000 	C:\Users\hamza\.jdks\temurin-17.0.13\bin\vcruntime140_1.dll
0x00007ffda2ff0000 - 0x00007ffda307d000 	C:\Users\hamza\.jdks\temurin-17.0.13\bin\msvcp140.dll
0x00007ffd2aca0000 - 0x00007ffd2b90b000 	C:\Users\hamza\.jdks\temurin-17.0.13\bin\server\jvm.dll
0x00007ffdbb7a0000 - 0x00007ffdbb854000 	C:\WINDOWS\System32\ADVAPI32.dll
0x00007ffdbba30000 - 0x00007ffdbbad6000 	C:\WINDOWS\System32\sechost.dll
0x00007ffdbbcf0000 - 0x00007ffdbbe06000 	C:\WINDOWS\System32\RPCRT4.dll
0x00007ffdbbae0000 - 0x00007ffdbbb54000 	C:\WINDOWS\System32\WS2_32.dll
0x00007ffdb8d00000 - 0x00007ffdb8d4e000 	C:\WINDOWS\SYSTEM32\POWRPROF.dll
0x00007ffdb03c0000 - 0x00007ffdb03cb000 	C:\WINDOWS\SYSTEM32\VERSION.dll
0x00007ffdab400000 - 0x00007ffdab436000 	C:\WINDOWS\SYSTEM32\WINMM.dll
0x00007ffdb8ce0000 - 0x00007ffdb8cf4000 	C:\WINDOWS\SYSTEM32\UMPDC.dll
0x00007ffdb82c0000 - 0x00007ffdb82da000 	C:\WINDOWS\SYSTEM32\kernel.appcore.dll
0x00007ffda3fa0000 - 0x00007ffda3faa000 	C:\Users\hamza\.jdks\temurin-17.0.13\bin\jimage.dll
0x00007ffda4840000 - 0x00007ffda4a81000 	C:\WINDOWS\SYSTEM32\DBGHELP.DLL
0x00007ffdba100000 - 0x00007ffdba47e000 	C:\WINDOWS\System32\combase.dll
0x00007ffdbaa50000 - 0x00007ffdbab26000 	C:\WINDOWS\System32\OLEAUT32.dll
0x00007ffda2160000 - 0x00007ffda2199000 	C:\WINDOWS\SYSTEM32\dbgcore.DLL
0x00007ffdb96f0000 - 0x00007ffdb9789000 	C:\WINDOWS\System32\bcryptPrimitives.dll
0x00007ffda2fe0000 - 0x00007ffda2fee000 	C:\Users\hamza\.jdks\temurin-17.0.13\bin\instrument.dll
0x00007ffda2df0000 - 0x00007ffda2e15000 	C:\Users\hamza\.jdks\temurin-17.0.13\bin\java.dll
0x00007ffda2d10000 - 0x00007ffda2de7000 	C:\Users\hamza\.jdks\temurin-17.0.13\bin\jsvml.dll
0x00007ffdbb010000 - 0x00007ffdbb711000 	C:\WINDOWS\System32\SHELL32.dll
0x00007ffdb71b0000 - 0x00007ffdb79e1000 	C:\WINDOWS\SYSTEM32\windows.storage.dll
0x00007ffdbada0000 - 0x00007ffdbae7a000 	C:\WINDOWS\System32\SHCORE.dll
0x00007ffdbbe20000 - 0x00007ffdbbe7d000 	C:\WINDOWS\System32\shlwapi.dll
0x00007ffdb93d0000 - 0x00007ffdb93fe000 	C:\WINDOWS\SYSTEM32\profapi.dll
0x00007ffda1990000 - 0x00007ffda19a8000 	C:\Users\hamza\.jdks\temurin-17.0.13\bin\zip.dll
0x00007ffda2a80000 - 0x00007ffda2a99000 	C:\Users\hamza\.jdks\temurin-17.0.13\bin\net.dll
0x00007ffdb19b0000 - 0x00007ffdb1ad6000 	C:\WINDOWS\SYSTEM32\WINHTTP.dll
0x00007ffdb87a0000 - 0x00007ffdb8808000 	C:\WINDOWS\system32\mswsock.dll
0x00007ffda2480000 - 0x00007ffda2496000 	C:\Users\hamza\.jdks\temurin-17.0.13\bin\nio.dll
0x00007ffda1950000 - 0x00007ffda196a000 	C:\Program Files\JetBrains\IntelliJ IDEA Community Edition 2024.1.4\bin\breakgen64.dll
0x00007ffda2fd0000 - 0x00007ffda2fd9000 	C:\Users\hamza\.jdks\temurin-17.0.13\bin\extnet.dll
0x00007ffd84bc0000 - 0x00007ffd84c3e000 	C:\Users\hamza\AppData\Local\Temp\lwjgl_hamza\3.3.6+1\x64\lwjgl.dll
0x00007ffd842c0000 - 0x00007ffd84349000 	C:\Users\hamza\AppData\Local\Temp\lwjgl_hamza\3.3.6+1\x64\glfw.dll
0x00007ffd76f40000 - 0x00007ffd76f8b000 	C:\WINDOWS\SYSTEM32\dinput8.dll
0x00007ffda1910000 - 0x00007ffda1922000 	C:\WINDOWS\SYSTEM32\xinput1_4.dll
0x00007ffdb9120000 - 0x00007ffdb917f000 	C:\WINDOWS\SYSTEM32\cfgmgr32.dll
0x00007ffdb9190000 - 0x00007ffdb91bd000 	C:\WINDOWS\SYSTEM32\DEVOBJ.dll
0x00007ffdb6b10000 - 0x00007ffdb6b3e000 	C:\WINDOWS\SYSTEM32\dwmapi.dll
0x00007ffd928d0000 - 0x00007ffd92aad000 	C:\WINDOWS\SYSTEM32\inputhost.dll
0x00007ffdb4ae0000 - 0x00007ffdb4c05000 	C:\WINDOWS\SYSTEM32\CoreMessaging.dll
0x00007ffdb6830000 - 0x00007ffdb68dd000 	C:\WINDOWS\system32\uxtheme.dll
0x00007ffdbae80000 - 0x00007ffdbafdc000 	C:\WINDOWS\System32\MSCTF.dll
0x00007ffdb89d0000 - 0x00007ffdb89dc000 	C:\WINDOWS\SYSTEM32\CRYPTBASE.DLL
0x00007ffd5c190000 - 0x00007ffd5c29c000 	C:\WINDOWS\SYSTEM32\opengl32.dll
0x00007ffd76de0000 - 0x00007ffd76e0d000 	C:\WINDOWS\SYSTEM32\GLU32.dll
0x00007ffdb6910000 - 0x00007ffdb6957000 	C:\WINDOWS\SYSTEM32\dxcore.dll
0x00007ffda63e0000 - 0x00007ffda63fa000 	C:\WINDOWS\SYSTEM32\windows.staterepositorycore.dll
0x00007ffd27be0000 - 0x00007ffd2a218000 	C:\WINDOWS\System32\DriverStore\FileRepository\nvmdsi.inf_amd64_0f7806aef7a92021\nvoglv64.dll
0x00007ffdba5b0000 - 0x00007ffdbaa36000 	C:\WINDOWS\System32\SETUPAPI.dll
0x00007ffdbac00000 - 0x00007ffdbad99000 	C:\WINDOWS\System32\ole32.dll
0x00007ffdb6d60000 - 0x00007ffdb6d75000 	C:\WINDOWS\SYSTEM32\WTSAPI32.dll
0x00007ffdb8c20000 - 0x00007ffdb8c33000 	C:\WINDOWS\SYSTEM32\msasn1.dll
0x00007ffdb0250000 - 0x00007ffdb028b000 	C:\WINDOWS\SYSTEM32\cryptnet.dll
0x00007ffdb94c0000 - 0x00007ffdb9636000 	C:\WINDOWS\System32\CRYPT32.dll
0x00007ffdb8a70000 - 0x00007ffdb8acd000 	C:\WINDOWS\SYSTEM32\wldp.dll
0x00007ffdb00d0000 - 0x00007ffdb0248000 	C:\WINDOWS\SYSTEM32\drvstore.dll
0x00007ffdb9850000 - 0x00007ffdb98cf000 	C:\WINDOWS\System32\WINTRUST.dll
0x00007ffdb83e0000 - 0x00007ffdb8415000 	C:\WINDOWS\SYSTEM32\ntmarta.dll
0x00007ffdba0d0000 - 0x00007ffdba0f0000 	C:\WINDOWS\System32\imagehlp.dll
0x00007ffdb8b50000 - 0x00007ffdb8b6c000 	C:\WINDOWS\SYSTEM32\CRYPTSP.dll
0x00007ffdb8220000 - 0x00007ffdb8258000 	C:\WINDOWS\system32\rsaenh.dll
0x00007ffdb8df0000 - 0x00007ffdb8e16000 	C:\WINDOWS\SYSTEM32\bcrypt.dll
0x00007ffdacea0000 - 0x00007ffdafbb0000 	C:\WINDOWS\System32\DriverStore\FileRepository\nvmdsi.inf_amd64_0f7806aef7a92021\nvgpucomp64.dll
0x00007ffd88410000 - 0x00007ffd8870b000 	C:\WINDOWS\system32\nvspcap64.dll
0x00007ffdb8bb0000 - 0x00007ffdb8c0e000 	C:\WINDOWS\SYSTEM32\WINSTA.dll
0x00007ffda4280000 - 0x00007ffda43c6000 	C:\WINDOWS\SYSTEM32\textinputframework.dll
0x00007ffdb0790000 - 0x00007ffdb0a73000 	C:\WINDOWS\SYSTEM32\CoreUIComponents.dll
0x00007ffdb5510000 - 0x00007ffdb5678000 	C:\WINDOWS\SYSTEM32\wintypes.dll
0x00007ffd84b60000 - 0x00007ffd84bbd000 	C:\Users\hamza\AppData\Local\Temp\lwjgl_hamza\3.3.6+1\x64\lwjgl_opengl.dll

dbghelp: loaded successfully - version: 4.0.5 - missing functions: none
symbol engine: initialized successfully - sym options: 0x614 - pdb path: .;C:\Users\hamza\.jdks\temurin-17.0.13\bin;C:\WINDOWS\SYSTEM32;C:\WINDOWS\WinSxS\amd64_microsoft.windows.common-controls_6595b64144ccf1df_6.0.26100.2454_none_3e0b68a2e331ad60;C:\Users\hamza\.jdks\temurin-17.0.13\bin\server;C:\Program Files\JetBrains\IntelliJ IDEA Community Edition 2024.1.4\bin;C:\Users\hamza\AppData\Local\Temp\lwjgl_hamza\3.3.6+1\x64;C:\WINDOWS\System32\DriverStore\FileRepository\nvmdsi.inf_amd64_0f7806aef7a92021

VM Arguments:
jvm_args: -javaagent:C:\Program Files\JetBrains\IntelliJ IDEA Community Edition 2024.1.4\lib\idea_rt.jar=58474:C:\Program Files\JetBrains\IntelliJ IDEA Community Edition 2024.1.4\bin -Dfile.encoding=UTF-8 
java_command: com.alchemygames.Main
java_class_path (initial): C:\Users\hamza\IdeaProjects\Magus\target\classes;C:\Users\hamza\.m2\repository\org\lwjgl\lwjgl\3.3.6\lwjgl-3.3.6.jar;C:\Users\hamza\.m2\repository\org\lwjgl\lwjgl-assimp\3.3.6\lwjgl-assimp-3.3.6.jar;C:\Users\hamza\.m2\repository\org\lwjgl\lwjgl-bgfx\3.3.6\lwjgl-bgfx-3.3.6.jar;C:\Users\hamza\.m2\repository\org\lwjgl\lwjgl-glfw\3.3.6\lwjgl-glfw-3.3.6.jar;C:\Users\hamza\.m2\repository\org\lwjgl\lwjgl-nanovg\3.3.6\lwjgl-nanovg-3.3.6.jar;C:\Users\hamza\.m2\repository\org\lwjgl\lwjgl-nuklear\3.3.6\lwjgl-nuklear-3.3.6.jar;C:\Users\hamza\.m2\repository\org\lwjgl\lwjgl-openal\3.3.6\lwjgl-openal-3.3.6.jar;C:\Users\hamza\.m2\repository\org\lwjgl\lwjgl-opengl\3.3.6\lwjgl-opengl-3.3.6.jar;C:\Users\hamza\.m2\repository\org\lwjgl\lwjgl-par\3.3.6\lwjgl-par-3.3.6.jar;C:\Users\hamza\.m2\repository\org\lwjgl\lwjgl-stb\3.3.6\lwjgl-stb-3.3.6.jar;C:\Users\hamza\.m2\repository\org\lwjgl\lwjgl-vulkan\3.3.6\lwjgl-vulkan-3.3.6.jar;C:\Users\hamza\.m2\repository\org\lwjgl\lwjgl\3.3.6\lwjgl-3.3.6-natives-windows.jar;C:\Users\hamza\.m2\repository\org\lwjgl\lwjgl-assimp\3.3.6\lwjgl-assimp-3.3.6-natives-windows.jar;C:\Users\hamza\.m2\repository\org\lwjgl\lwjgl-bgfx\3.3.6\lwjgl-bgfx-3.3.6-natives-windows.jar;C:\Users\hamza\.m2\repository\org\lwjgl\lwjgl-glfw\3.3.6\lwjgl-glfw-3.3.6-natives-windows.jar;C:\Users\hamza\.m2\repository\org\lwjgl\lwjgl-nanovg\3.3.6\lwjgl-nanovg-3.3.6-natives-windows.jar;C:\Users\hamza\.m2\repository\org\lwjgl\lwjgl-nuklear\3.3.6\lwjgl-nuklear-3.3.6-natives-windows.jar;C:\Users\hamza\.m2\repository\org\lwjgl\lwjgl-openal\3.3.6\lwjgl-openal-3.3.6-natives-windows.jar;C:\Users\hamza\.m2\repository\org\lwjgl\lwjgl-opengl\3.3.6\lwjgl-opengl-3.3.6-natives-windows.jar;C:\Users\hamza\.m2\repository\org\lwjgl\lwjgl-par\3.3.6\lwjgl-par-3.3.6-natives-windows.jar;C:\Users\hamza\.m2\repository\org\lwjgl\lwjgl-stb\3.3.6\lwjgl-stb-3.3.6-natives-windows.jar;C:\Users\hamza\.m2\repository\org\joml\joml\1.10.7\joml-1.10.7.jar;C:\Users\hamza\.m2\repository\org\lwj
Launcher Type: SUN_STANDARD

[Global flags]
     intx CICompilerCount                          = 12                                        {product} {ergonomic}
     uint ConcGCThreads                            = 4                                         {product} {ergonomic}
     uint G1ConcRefinementThreads                  = 15                                        {product} {ergonomic}
   size_t G1HeapRegionSize                         = 4194304                                   {product} {ergonomic}
    uintx GCDrainStackTargetSize                   = 64                                        {product} {ergonomic}
   size_t InitialHeapSize                          = 536870912                                 {product} {ergonomic}
   size_t MarkStackSize                            = 4194304                                   {product} {ergonomic}
   size_t MaxHeapSize                              = 8531214336                                {product} {ergonomic}
   size_t MaxNewSize                               = 5117050880                                {product} {ergonomic}
   size_t MinHeapDeltaBytes                        = 4194304                                   {product} {ergonomic}
   size_t MinHeapSize                              = 8388608                                   {product} {ergonomic}
    uintx NonNMethodCodeHeapSize                   = 7602480                                {pd product} {ergonomic}
    uintx NonProfiledCodeHeapSize                  = 122027880                              {pd product} {ergonomic}
    uintx ProfiledCodeHeapSize                     = 122027880                              {pd product} {ergonomic}
    uintx ReservedCodeCacheSize                    = 251658240                              {pd product} {ergonomic}
     bool SegmentedCodeCache                       = true                                      {product} {ergonomic}
   size_t SoftMaxHeapSize                          = 8531214336                             {manageable} {ergonomic}
     bool UseCompressedClassPointers               = true                           {product lp64_product} {ergonomic}
     bool UseCompressedOops                        = true                           {product lp64_product} {ergonomic}
     bool UseG1GC                                  = true                                      {product} {ergonomic}
     bool UseLargePagesIndividualAllocation        = false                                  {pd product} {ergonomic}

Logging:
Log output configuration:
 #0: stdout all=warning uptime,level,tags
 #1: stderr all=off uptime,level,tags

Environment Variables:
JAVA_HOME=C:\Program Files\Android\Android Studio\jbr
PATH=C:\Program Files\Common Files\Oracle\Java\javapath;C:\WINDOWS\system32;C:\WINDOWS;C:\WINDOWS\System32\Wbem;C:\WINDOWS\System32\WindowsPowerShell\v1.0\;C:\WINDOWS\System32\OpenSSH\;C:\Program Files (x86)\NVIDIA Corporation\PhysX\Common;C:\Program Files\dotnet\;C:\Program Files\Microsoft SQL Server\150\Tools\Binn\;C:\Program Files (x86)\Windows Kits\10\Windows Performance Toolkit\;C:\Program Files\Docker\Docker\resources\bin;C:\Program Files\Go\bin;C:\apache-maven-3.9.9\bin;C:\Program Files\NVIDIA Corporation\NVIDIA app\NvDLISR;C:\Program Files\Git\cmd;C:\Users\hamza\AppData\Local\Microsoft\WindowsApps;C:\Users\hamza\.dotnet\tools;C:\Program Files\JetBrains\IntelliJ IDEA Community Edition 2024.1.4\bin;;C:\Users\hamza\AppData\Local\Programs\Microsoft VS Code\bin;C:\Users\hamza\AppData\Local\Android\Sdk\platform-tools;C:\Users\hamza\AppData\Local\Android\Sdk\tools;C:\Program Files\JetBrains\JetBrains Rider 2024.1.5\bin;;C:\Program Files\JetBrains\IntelliJ IDEA 2024.2.3\bin;;C:\Users\hamza\go\bin;
USERNAME=hamza
OS=Windows_NT
PROCESSOR_IDENTIFIER=Intel64 Family 6 Model 151 Stepping 2, GenuineIntel
TMP=C:\Users\hamza\AppData\Local\Temp
TEMP=C:\Users\hamza\AppData\Local\Temp



Periodic native trim disabled


---------------  S Y S T E M  ---------------

OS:
 Windows 11 , 64 bit Build 26100 (10.0.26100.2454)
OS uptime: 3 days 20:53 hours
Hyper-V role detected

CPU: total 20 (initial active 20) (10 cores per cpu, 2 threads per core) family 6 model 151 stepping 2 microcode 0x32, cx8, cmov, fxsr, ht, mmx, 3dnowpref, sse, sse2, sse3, ssse3, sse4.1, sse4.2, popcnt, lzcnt, tsc, tscinvbit, avx, avx2, aes, erms, clmul, bmi1, bmi2, adx, sha, fma, vzeroupper, clflush, clflushopt, clwb, hv
Processor Information for all 20 processors :
  Max Mhz: 3600, Current Mhz: 3600, Mhz Limit: 3600

Memory: 4k page, system-wide physical 32540M (17761M free)
TotalPageFile size 34588M (AvailPageFile size 17167M)
current process WorkingSet (physical memory assigned to process): 110M, peak: 110M
current process commit charge ("private bytes"): 733M, peak: 733M

vm_info: OpenJDK 64-Bit Server VM (17.0.13+11) for windows-amd64 JRE (17.0.13+11), built on Oct 16 2024 00:10:08 by "admin" with MS VC++ 17.7 (VS2022)

END.
