#
# A fatal error has been detected by the Java Runtime Environment:
#
#  EXCEPTION_ACCESS_VIOLATION (0xc0000005) at pc=0x00007ffd29ac4c76, pid=20412, tid=16748
#
# JRE version: OpenJDK Runtime Environment Temurin-17.0.13+11 (17.0.13+11) (build 17.0.13+11)
# Java VM: OpenJDK 64-Bit Server VM Temurin-17.0.13+11 (17.0.13+11, mixed mode, sharing, tiered, compressed oops, compressed class ptrs, g1 gc, windows-amd64)
# Problematic frame:
# C  [nvoglv64.dll+0x1464c76]
#
# No core dump will be written. Minidumps are not enabled by default on client versions of Windows
#
# If you would like to submit a bug report, please visit:
#   https://github.com/adoptium/adoptium-support/issues
# The crash happened outside the Java Virtual Machine in native code.
# See problematic frame for where to report the bug.
#

---------------  S U M M A R Y ------------

Command Line: -javaagent:C:\Program Files\JetBrains\IntelliJ IDEA Community Edition 2024.1.4\lib\idea_rt.jar=57569:C:\Program Files\JetBrains\IntelliJ IDEA Community Edition 2024.1.4\bin -Dfile.encoding=UTF-8 com.alchemygames.Main

Host: 12th Gen Intel(R) Core(TM) i7-12700K, 20 cores, 31G,  Windows 11 , 64 bit Build 26100 (10.0.26100.2454)
Time: Wed Jan 29 18:16:31 2025 Morocco Daylight Time elapsed time: 0.350467 seconds (0d 0h 0m 0s)

---------------  T H R E A D  ---------------

Current thread (0x000001dea8559050):  JavaThread "main" [_thread_in_native, id=16748, stack(0x0000000100600000,0x0000000100700000)]

Stack: [0x0000000100600000,0x0000000100700000],  sp=0x00000001006ff3e8,  free space=1020k
Native frames: (J=compiled Java code, j=interpreted, Vv=VM code, C=native code)
C  [nvoglv64.dll+0x1464c76]

Java frames: (J=compiled Java code, j=interpreted, Vv=VM code)
j  org.lwjgl.opengl.GL11C.nglDrawElements(IIIJ)V+0
j  org.lwjgl.opengl.GL11C.glDrawElements(IIIJ)V+4
j  org.lwjgl.opengl.GL11.glDrawElements(IIIJ)V+4
j  com.alchemygames.engine.graph.Render.render(Lcom/alchemygames/engine/Window;Lcom/alchemygames/engine/scene/Scene;)V+278
j  com.alchemygames.engine.Engine.run()V+201
j  com.alchemygames.engine.Engine.start()V+6
j  com.alchemygames.Main.main([Ljava/lang/String;)V+42
v  ~StubRoutines::call_stub

siginfo: EXCEPTION_ACCESS_VIOLATION (0xc0000005), reading address 0x0000000000000000


Registers:
RAX=0x000001df1ff9c688, RBX=0x000001df1ff9c66c, RCX=0x000001df1ff9c688, RDX=0x0000000000000000
RSP=0x00000001006ff3e8, RBP=0x0000000000000044, RSI=0x0000000000000006, RDI=0x000001df1d206080
R8 =0x0000000000000018, R9 =0x0000000000000000, R10=0x00007ffd28660000, R11=0x0000000000000006
R12=0x0000000000000004, R13=0x0000000000001405, R14=0x0000000000000018, R15=0x0000000000000000
RIP=0x00007ffd29ac4c76, EFLAGS=0x0000000000010283


Register to memory mapping:

RIP=0x00007ffd29ac4c76 nvoglv64.dll
RAX=0x000001df1ff9c688 points into unknown readable memory: 0x0000000000000000 | 00 00 00 00 00 00 00 00
RBX=0x000001df1ff9c66c points into unknown readable memory: 06 20 02 00
RCX=0x000001df1ff9c688 points into unknown readable memory: 0x0000000000000000 | 00 00 00 00 00 00 00 00
RDX=0x0 is NULL
RSP=0x00000001006ff3e8 is pointing into the stack for thread: 0x000001dea8559050
RBP=0x0000000000000044 is an unknown value
RSI=0x0000000000000006 is an unknown value
RDI=0x000001df1d206080 points into unknown readable memory: 0x0000000000000000 | 00 00 00 00 00 00 00 00
R8 =0x0000000000000018 is an unknown value
R9 =0x0 is NULL
R10=0x00007ffd28660000 nvoglv64.dll
R11=0x0000000000000006 is an unknown value
R12=0x0000000000000004 is an unknown value
R13=0x0000000000001405 is an unknown value
R14=0x0000000000000018 is an unknown value
R15=0x0 is NULL


Top of Stack: (sp=0x00000001006ff3e8)
0x00000001006ff3e8:   00007ffd28b8ea2d 00000001006ff508
0x00000001006ff3f8:   00007ffd2b024742 00000001006ff420
0x00000001006ff408:   000001deb750ba48 000000000017555d
0x00000001006ff418:   000001dea8559050 000001df185d15a8
0x00000001006ff428:   000001dea8559050 000001deb74e9520
0x00000001006ff438:   000001deb74ed54e 000001dea8559050
0x00000001006ff448:   000001df185d15a8 0000000000000000
0x00000001006ff458:   000001deb74e9520 0000000000006bc4
0x00000001006ff468:   000001deb74ed6e1 00000001006ff508
0x00000001006ff478:   00000001006ff400 00000001006ff548
0x00000001006ff488:   000001df185d15a8 000001df00001405
0x00000001006ff498:   0000000000000000 3ff0000000000000
0x00000001006ff4a8:   000001dea8559050 0000000000006bc4
0x00000001006ff4b8:   000001deb74ed3b6 00000001006ff4c0
0x00000001006ff4c8:   000001df185d15a8 00000001006ff548
0x00000001006ff4d8:   000001df185dbd90 0000000000000000
0x00000001006ff4e8:   0000000622f15ae8 000001df185d15a8
0x00000001006ff4f8:   0000000000000000 00000001006ff528
0x00000001006ff508:   00000001006ff598 000001deb74e9520
0x00000001006ff518:   0000000622f15ae8 000001deb74eaff8
0x00000001006ff528:   0000000000000000 0000000000000000
0x00000001006ff538:   0000000000001405 0000000000000006
0x00000001006ff548:   0000000000000004 00000001006ff550
0x00000001006ff558:   000001df185d1644 00000001006ff5c8
0x00000001006ff568:   000001df185dbd90 0000000000000000
0x00000001006ff578:   0000000622f15ae8 000001df185d1688
0x00000001006ff588:   00000001006ff528 00000001006ff5a8
0x00000001006ff598:   00000001006ff618 000001deb74e9520
0x00000001006ff5a8:   0000000000000000 0000000000000000
0x00000001006ff5b8:   0000000000001405 0000000000000006
0x00000001006ff5c8:   0000000000000004 00000001006ff5d0
0x00000001006ff5d8:   000001df185a3fe4 00000001006ff648 

Instructions: (pc=0x00007ffd29ac4c76)
0x00007ffd29ac4b76:   1f 02 4d 03 ca 41 ff e1 c3 90 4c 8b 02 8b 4a 08
0x00007ffd29ac4b86:   44 0f b7 4a 0c 44 0f b6 52 0e 4c 89 00 89 48 08
0x00007ffd29ac4b96:   66 44 89 48 0c 44 88 50 0e c3 4c 8b 02 0f b7 4a
0x00007ffd29ac4ba6:   08 44 0f b6 4a 0a 4c 89 00 66 89 48 08 44 88 48
0x00007ffd29ac4bb6:   0a c3 0f b7 0a 66 89 08 c3 90 8b 0a 44 0f b7 42
0x00007ffd29ac4bc6:   04 44 0f b6 4a 06 89 08 66 44 89 40 04 44 88 48
0x00007ffd29ac4bd6:   06 c3 4c 8b 02 8b 4a 08 44 0f b7 4a 0c 4c 89 00
0x00007ffd29ac4be6:   89 48 08 66 44 89 48 0c c3 0f b7 0a 44 0f b6 42
0x00007ffd29ac4bf6:   02 66 89 08 44 88 40 02 c3 90 4c 8b 02 8b 4a 08
0x00007ffd29ac4c06:   44 0f b6 4a 0c 4c 89 00 89 48 08 44 88 48 0c c3
0x00007ffd29ac4c16:   4c 8b 02 0f b7 4a 08 4c 89 00 66 89 48 08 c3 4c
0x00007ffd29ac4c26:   8b 02 0f b6 4a 08 4c 89 00 88 48 08 c3 4c 8b 02
0x00007ffd29ac4c36:   8b 4a 08 4c 89 00 89 48 08 c3 8b 0a 44 0f b7 42
0x00007ffd29ac4c46:   04 89 08 66 44 89 40 04 c3 8b 0a 44 0f b6 42 04
0x00007ffd29ac4c56:   89 08 44 88 40 04 c3 48 8b 0a 48 89 08 c3 0f b6
0x00007ffd29ac4c66:   0a 88 08 c3 8b 0a 89 08 c3 90 49 83 f8 20 77 17
0x00007ffd29ac4c76:   f3 0f 6f 0a f3 42 0f 6f 54 02 f0 f3 0f 7f 09 f3
0x00007ffd29ac4c86:   42 0f 7f 54 01 f0 c3 4e 8d 0c 02 48 3b ca 4c 0f
0x00007ffd29ac4c96:   46 c9 49 3b c9 0f 82 3f 04 00 00 83 3d a8 a3 f8
0x00007ffd29ac4ca6:   00 03 0f 82 e2 02 00 00 49 81 f8 00 20 00 00 76
0x00007ffd29ac4cb6:   16 49 81 f8 00 00 18 00 77 0d f6 05 a5 16 09 01
0x00007ffd29ac4cc6:   02 0f 85 73 fe ff ff c5 fe 6f 02 c4 a1 7e 6f 6c
0x00007ffd29ac4cd6:   02 e0 49 81 f8 00 01 00 00 0f 86 c3 00 00 00 4c
0x00007ffd29ac4ce6:   8b c9 49 83 e1 1f 49 83 e9 20 49 2b c9 49 2b d1
0x00007ffd29ac4cf6:   4d 03 c1 49 81 f8 00 01 00 00 0f 86 a2 00 00 00
0x00007ffd29ac4d06:   49 81 f8 00 00 18 00 0f 87 3d 01 00 00 66 66 66
0x00007ffd29ac4d16:   66 66 0f 1f 84 00 00 00 00 00 c5 fe 6f 0a c5 fe
0x00007ffd29ac4d26:   6f 52 20 c5 fe 6f 5a 40 c5 fe 6f 62 60 c5 fd 7f
0x00007ffd29ac4d36:   09 c5 fd 7f 51 20 c5 fd 7f 59 40 c5 fd 7f 61 60
0x00007ffd29ac4d46:   c5 fe 6f 8a 80 00 00 00 c5 fe 6f 92 a0 00 00 00
0x00007ffd29ac4d56:   c5 fe 6f 9a c0 00 00 00 c5 fe 6f a2 e0 00 00 00
0x00007ffd29ac4d66:   c5 fd 7f 89 80 00 00 00 c5 fd 7f 91 a0 00 00 00 


Stack slot to memory mapping:
stack at sp + 0 slots: 0x00007ffd28b8ea2d nvoglv64.dll
stack at sp + 1 slots: 0x00000001006ff508 is pointing into the stack for thread: 0x000001dea8559050
stack at sp + 2 slots: 0x00007ffd2b024742 jvm.dll
stack at sp + 3 slots: 0x00000001006ff420 is pointing into the stack for thread: 0x000001dea8559050
stack at sp + 4 slots: 0x000001deb750ba48 is at code_begin+4168 in 
[CodeBlob (0x000001deb750a990)]
Framesize: 0
BufferBlob (0x000001deb750a990) used for native signature handlers
stack at sp + 5 slots: 0x000000000017555d is an unknown value
stack at sp + 6 slots: 0x000001dea8559050 is a thread
stack at sp + 7 slots: {method} {0x000001df185d15b0} 'nglDrawElements' '(IIIJ)V' in 'org/lwjgl/opengl/GL11C'


---------------  P R O C E S S  ---------------

Threads class SMR info:
_java_thread_list=0x000001df17582df0, length=17, elements={
0x000001dea8559050, 0x000001ded2c3b560, 0x000001ded2c3c120, 0x000001ded2c49d80,
0x000001ded2c4a940, 0x000001ded2c4f420, 0x000001ded2c4fde0, 0x000001ded2c5ac30,
0x000001df1709a490, 0x000001ded2c5e380, 0x000001ded2c26670, 0x000001df171a2bd0,
0x000001df171a5d20, 0x000001df171b6e50, 0x000001df1739f010, 0x000001df1739f4f0,
0x000001df1ff48a40
}

Java Threads: ( => current thread )
=>0x000001dea8559050 JavaThread "main" [_thread_in_native, id=16748, stack(0x0000000100600000,0x0000000100700000)]
  0x000001ded2c3b560 JavaThread "Reference Handler" daemon [_thread_blocked, id=12988, stack(0x0000000100d00000,0x0000000100e00000)]
  0x000001ded2c3c120 JavaThread "Finalizer" daemon [_thread_blocked, id=1508, stack(0x0000000100e00000,0x0000000100f00000)]
  0x000001ded2c49d80 JavaThread "Signal Dispatcher" daemon [_thread_blocked, id=9152, stack(0x0000000100f00000,0x0000000101000000)]
  0x000001ded2c4a940 JavaThread "Attach Listener" daemon [_thread_blocked, id=9900, stack(0x0000000101000000,0x0000000101100000)]
  0x000001ded2c4f420 JavaThread "Service Thread" daemon [_thread_blocked, id=18276, stack(0x0000000101100000,0x0000000101200000)]
  0x000001ded2c4fde0 JavaThread "Monitor Deflation Thread" daemon [_thread_blocked, id=4816, stack(0x0000000101200000,0x0000000101300000)]
  0x000001ded2c5ac30 JavaThread "C2 CompilerThread0" daemon [_thread_blocked, id=23000, stack(0x0000000101300000,0x0000000101400000)]
  0x000001df1709a490 JavaThread "C1 CompilerThread0" daemon [_thread_blocked, id=14748, stack(0x0000000101400000,0x0000000101500000)]
  0x000001ded2c5e380 JavaThread "Sweeper thread" daemon [_thread_blocked, id=22576, stack(0x0000000101500000,0x0000000101600000)]
  0x000001ded2c26670 JavaThread "Common-Cleaner" daemon [_thread_blocked, id=29132, stack(0x0000000101600000,0x0000000101700000)]
  0x000001df171a2bd0 JavaThread "C1 CompilerThread1" daemon [_thread_blocked, id=8200, stack(0x0000000101700000,0x0000000101800000)]
  0x000001df171a5d20 JavaThread "C1 CompilerThread2" daemon [_thread_blocked, id=17928, stack(0x0000000101800000,0x0000000101900000)]
  0x000001df171b6e50 JavaThread "C1 CompilerThread3" daemon [_thread_blocked, id=13336, stack(0x0000000101900000,0x0000000101a00000)]
  0x000001df1739f010 JavaThread "Monitor Ctrl-Break" daemon [_thread_in_native, id=22292, stack(0x0000000101b00000,0x0000000101c00000)]
  0x000001df1739f4f0 JavaThread "Notification Thread" daemon [_thread_blocked, id=21252, stack(0x0000000101c00000,0x0000000101d00000)]
  0x000001df1ff48a40 JavaThread "C2 CompilerThread1" daemon [_thread_blocked, id=4384, stack(0x0000000101a00000,0x0000000101b00000)]

Other Threads:
  0x000001ded2c36020 VMThread "VM Thread" [stack: 0x0000000100c00000,0x0000000100d00000] [id=11416]
  0x000001df1739f9d0 WatcherThread [stack: 0x0000000101d00000,0x0000000101e00000] [id=16772]
  0x000001ded2aa0a00 GCTaskThread "GC Thread#0" [stack: 0x0000000100700000,0x0000000100800000] [id=5800]
  0x000001dea85d8ff0 ConcurrentGCThread "G1 Main Marker" [stack: 0x0000000100800000,0x0000000100900000] [id=29360]
  0x000001dea85dc0d0 ConcurrentGCThread "G1 Conc#0" [stack: 0x0000000100900000,0x0000000100a00000] [id=20112]
  0x000001dea860e950 ConcurrentGCThread "G1 Refine#0" [stack: 0x0000000100a00000,0x0000000100b00000] [id=16668]
  0x000001ded2b6e2c0 ConcurrentGCThread "G1 Service" [stack: 0x0000000100b00000,0x0000000100c00000] [id=29708]

Threads with active compile tasks:

VM state: not at safepoint (normal execution)

VM Mutex/Monitor currently owned by a thread: None

Heap address: 0x0000000603800000, size: 8136 MB, Compressed Oops mode: Zero based, Oop shift amount: 3

CDS archive(s) mapped at: [0x000001ded6000000-0x000001ded6bb0000-0x000001ded6bb0000), size 12255232, SharedBaseAddress: 0x000001ded6000000, ArchiveRelocationMode: 1.
Compressed class space mapped at: 0x000001ded7000000-0x000001df17000000, reserved size: 1073741824
Narrow klass base: 0x000001ded6000000, Narrow klass shift: 0, Narrow klass range: 0x100000000

GC Precious Log:
 CPUs: 20 total, 20 available
 Memory: 32540M
 Large Page Support: Disabled
 NUMA Support: Disabled
 Compressed Oops: Enabled (Zero based)
 Heap Region Size: 4M
 Heap Min Capacity: 8M
 Heap Initial Capacity: 512M
 Heap Max Capacity: 8136M
 Pre-touch: Disabled
 Parallel Workers: 15
 Concurrent Workers: 4
 Concurrent Refinement Workers: 15
 Periodic GC: Disabled

Heap:
 garbage-first heap   total 524288K, used 8192K [0x0000000603800000, 0x0000000800000000)
  region size 4096K, 3 young (12288K), 0 survivors (0K)
 Metaspace       used 4373K, committed 4480K, reserved 1114112K
  class space    used 267K, committed 320K, reserved 1048576K

Heap Regions: E=young(eden), S=young(survivor), O=old, HS=humongous(starts), HC=humongous(continues), CS=collection set, F=free, OA=open archive, CA=closed archive, TAMS=top-at-mark-start (previous, next)
|   0|0x0000000603800000, 0x0000000603800000, 0x0000000603c00000|  0%| F|  |TAMS 0x0000000603800000, 0x0000000603800000| Untracked 
|   1|0x0000000603c00000, 0x0000000603c00000, 0x0000000604000000|  0%| F|  |TAMS 0x0000000603c00000, 0x0000000603c00000| Untracked 
|   2|0x0000000604000000, 0x0000000604000000, 0x0000000604400000|  0%| F|  |TAMS 0x0000000604000000, 0x0000000604000000| Untracked 
|   3|0x0000000604400000, 0x0000000604400000, 0x0000000604800000|  0%| F|  |TAMS 0x0000000604400000, 0x0000000604400000| Untracked 
|   4|0x0000000604800000, 0x0000000604800000, 0x0000000604c00000|  0%| F|  |TAMS 0x0000000604800000, 0x0000000604800000| Untracked 
|   5|0x0000000604c00000, 0x0000000604c00000, 0x0000000605000000|  0%| F|  |TAMS 0x0000000604c00000, 0x0000000604c00000| Untracked 
|   6|0x0000000605000000, 0x0000000605000000, 0x0000000605400000|  0%| F|  |TAMS 0x0000000605000000, 0x0000000605000000| Untracked 
|   7|0x0000000605400000, 0x0000000605400000, 0x0000000605800000|  0%| F|  |TAMS 0x0000000605400000, 0x0000000605400000| Untracked 
|   8|0x0000000605800000, 0x0000000605800000, 0x0000000605c00000|  0%| F|  |TAMS 0x0000000605800000, 0x0000000605800000| Untracked 
|   9|0x0000000605c00000, 0x0000000605c00000, 0x0000000606000000|  0%| F|  |TAMS 0x0000000605c00000, 0x0000000605c00000| Untracked 
|  10|0x0000000606000000, 0x0000000606000000, 0x0000000606400000|  0%| F|  |TAMS 0x0000000606000000, 0x0000000606000000| Untracked 
|  11|0x0000000606400000, 0x0000000606400000, 0x0000000606800000|  0%| F|  |TAMS 0x0000000606400000, 0x0000000606400000| Untracked 
|  12|0x0000000606800000, 0x0000000606800000, 0x0000000606c00000|  0%| F|  |TAMS 0x0000000606800000, 0x0000000606800000| Untracked 
|  13|0x0000000606c00000, 0x0000000606c00000, 0x0000000607000000|  0%| F|  |TAMS 0x0000000606c00000, 0x0000000606c00000| Untracked 
|  14|0x0000000607000000, 0x0000000607000000, 0x0000000607400000|  0%| F|  |TAMS 0x0000000607000000, 0x0000000607000000| Untracked 
|  15|0x0000000607400000, 0x0000000607400000, 0x0000000607800000|  0%| F|  |TAMS 0x0000000607400000, 0x0000000607400000| Untracked 
|  16|0x0000000607800000, 0x0000000607800000, 0x0000000607c00000|  0%| F|  |TAMS 0x0000000607800000, 0x0000000607800000| Untracked 
|  17|0x0000000607c00000, 0x0000000607c00000, 0x0000000608000000|  0%| F|  |TAMS 0x0000000607c00000, 0x0000000607c00000| Untracked 
|  18|0x0000000608000000, 0x0000000608000000, 0x0000000608400000|  0%| F|  |TAMS 0x0000000608000000, 0x0000000608000000| Untracked 
|  19|0x0000000608400000, 0x0000000608400000, 0x0000000608800000|  0%| F|  |TAMS 0x0000000608400000, 0x0000000608400000| Untracked 
|  20|0x0000000608800000, 0x0000000608800000, 0x0000000608c00000|  0%| F|  |TAMS 0x0000000608800000, 0x0000000608800000| Untracked 
|  21|0x0000000608c00000, 0x0000000608c00000, 0x0000000609000000|  0%| F|  |TAMS 0x0000000608c00000, 0x0000000608c00000| Untracked 
|  22|0x0000000609000000, 0x0000000609000000, 0x0000000609400000|  0%| F|  |TAMS 0x0000000609000000, 0x0000000609000000| Untracked 
|  23|0x0000000609400000, 0x0000000609400000, 0x0000000609800000|  0%| F|  |TAMS 0x0000000609400000, 0x0000000609400000| Untracked 
|  24|0x0000000609800000, 0x0000000609800000, 0x0000000609c00000|  0%| F|  |TAMS 0x0000000609800000, 0x0000000609800000| Untracked 
|  25|0x0000000609c00000, 0x0000000609c00000, 0x000000060a000000|  0%| F|  |TAMS 0x0000000609c00000, 0x0000000609c00000| Untracked 
|  26|0x000000060a000000, 0x000000060a000000, 0x000000060a400000|  0%| F|  |TAMS 0x000000060a000000, 0x000000060a000000| Untracked 
|  27|0x000000060a400000, 0x000000060a400000, 0x000000060a800000|  0%| F|  |TAMS 0x000000060a400000, 0x000000060a400000| Untracked 
|  28|0x000000060a800000, 0x000000060a800000, 0x000000060ac00000|  0%| F|  |TAMS 0x000000060a800000, 0x000000060a800000| Untracked 
|  29|0x000000060ac00000, 0x000000060ac00000, 0x000000060b000000|  0%| F|  |TAMS 0x000000060ac00000, 0x000000060ac00000| Untracked 
|  30|0x000000060b000000, 0x000000060b000000, 0x000000060b400000|  0%| F|  |TAMS 0x000000060b000000, 0x000000060b000000| Untracked 
|  31|0x000000060b400000, 0x000000060b400000, 0x000000060b800000|  0%| F|  |TAMS 0x000000060b400000, 0x000000060b400000| Untracked 
|  32|0x000000060b800000, 0x000000060b800000, 0x000000060bc00000|  0%| F|  |TAMS 0x000000060b800000, 0x000000060b800000| Untracked 
|  33|0x000000060bc00000, 0x000000060bc00000, 0x000000060c000000|  0%| F|  |TAMS 0x000000060bc00000, 0x000000060bc00000| Untracked 
|  34|0x000000060c000000, 0x000000060c000000, 0x000000060c400000|  0%| F|  |TAMS 0x000000060c000000, 0x000000060c000000| Untracked 
|  35|0x000000060c400000, 0x000000060c400000, 0x000000060c800000|  0%| F|  |TAMS 0x000000060c400000, 0x000000060c400000| Untracked 
|  36|0x000000060c800000, 0x000000060c800000, 0x000000060cc00000|  0%| F|  |TAMS 0x000000060c800000, 0x000000060c800000| Untracked 
|  37|0x000000060cc00000, 0x000000060cc00000, 0x000000060d000000|  0%| F|  |TAMS 0x000000060cc00000, 0x000000060cc00000| Untracked 
|  38|0x000000060d000000, 0x000000060d000000, 0x000000060d400000|  0%| F|  |TAMS 0x000000060d000000, 0x000000060d000000| Untracked 
|  39|0x000000060d400000, 0x000000060d400000, 0x000000060d800000|  0%| F|  |TAMS 0x000000060d400000, 0x000000060d400000| Untracked 
|  40|0x000000060d800000, 0x000000060d800000, 0x000000060dc00000|  0%| F|  |TAMS 0x000000060d800000, 0x000000060d800000| Untracked 
|  41|0x000000060dc00000, 0x000000060dc00000, 0x000000060e000000|  0%| F|  |TAMS 0x000000060dc00000, 0x000000060dc00000| Untracked 
|  42|0x000000060e000000, 0x000000060e000000, 0x000000060e400000|  0%| F|  |TAMS 0x000000060e000000, 0x000000060e000000| Untracked 
|  43|0x000000060e400000, 0x000000060e400000, 0x000000060e800000|  0%| F|  |TAMS 0x000000060e400000, 0x000000060e400000| Untracked 
|  44|0x000000060e800000, 0x000000060e800000, 0x000000060ec00000|  0%| F|  |TAMS 0x000000060e800000, 0x000000060e800000| Untracked 
|  45|0x000000060ec00000, 0x000000060ec00000, 0x000000060f000000|  0%| F|  |TAMS 0x000000060ec00000, 0x000000060ec00000| Untracked 
|  46|0x000000060f000000, 0x000000060f000000, 0x000000060f400000|  0%| F|  |TAMS 0x000000060f000000, 0x000000060f000000| Untracked 
|  47|0x000000060f400000, 0x000000060f400000, 0x000000060f800000|  0%| F|  |TAMS 0x000000060f400000, 0x000000060f400000| Untracked 
|  48|0x000000060f800000, 0x000000060f800000, 0x000000060fc00000|  0%| F|  |TAMS 0x000000060f800000, 0x000000060f800000| Untracked 
|  49|0x000000060fc00000, 0x000000060fc00000, 0x0000000610000000|  0%| F|  |TAMS 0x000000060fc00000, 0x000000060fc00000| Untracked 
|  50|0x0000000610000000, 0x0000000610000000, 0x0000000610400000|  0%| F|  |TAMS 0x0000000610000000, 0x0000000610000000| Untracked 
|  51|0x0000000610400000, 0x0000000610400000, 0x0000000610800000|  0%| F|  |TAMS 0x0000000610400000, 0x0000000610400000| Untracked 
|  52|0x0000000610800000, 0x0000000610800000, 0x0000000610c00000|  0%| F|  |TAMS 0x0000000610800000, 0x0000000610800000| Untracked 
|  53|0x0000000610c00000, 0x0000000610c00000, 0x0000000611000000|  0%| F|  |TAMS 0x0000000610c00000, 0x0000000610c00000| Untracked 
|  54|0x0000000611000000, 0x0000000611000000, 0x0000000611400000|  0%| F|  |TAMS 0x0000000611000000, 0x0000000611000000| Untracked 
|  55|0x0000000611400000, 0x0000000611400000, 0x0000000611800000|  0%| F|  |TAMS 0x0000000611400000, 0x0000000611400000| Untracked 
|  56|0x0000000611800000, 0x0000000611800000, 0x0000000611c00000|  0%| F|  |TAMS 0x0000000611800000, 0x0000000611800000| Untracked 
|  57|0x0000000611c00000, 0x0000000611c00000, 0x0000000612000000|  0%| F|  |TAMS 0x0000000611c00000, 0x0000000611c00000| Untracked 
|  58|0x0000000612000000, 0x0000000612000000, 0x0000000612400000|  0%| F|  |TAMS 0x0000000612000000, 0x0000000612000000| Untracked 
|  59|0x0000000612400000, 0x0000000612400000, 0x0000000612800000|  0%| F|  |TAMS 0x0000000612400000, 0x0000000612400000| Untracked 
|  60|0x0000000612800000, 0x0000000612800000, 0x0000000612c00000|  0%| F|  |TAMS 0x0000000612800000, 0x0000000612800000| Untracked 
|  61|0x0000000612c00000, 0x0000000612c00000, 0x0000000613000000|  0%| F|  |TAMS 0x0000000612c00000, 0x0000000612c00000| Untracked 
|  62|0x0000000613000000, 0x0000000613000000, 0x0000000613400000|  0%| F|  |TAMS 0x0000000613000000, 0x0000000613000000| Untracked 
|  63|0x0000000613400000, 0x0000000613400000, 0x0000000613800000|  0%| F|  |TAMS 0x0000000613400000, 0x0000000613400000| Untracked 
|  64|0x0000000613800000, 0x0000000613800000, 0x0000000613c00000|  0%| F|  |TAMS 0x0000000613800000, 0x0000000613800000| Untracked 
|  65|0x0000000613c00000, 0x0000000613c00000, 0x0000000614000000|  0%| F|  |TAMS 0x0000000613c00000, 0x0000000613c00000| Untracked 
|  66|0x0000000614000000, 0x0000000614000000, 0x0000000614400000|  0%| F|  |TAMS 0x0000000614000000, 0x0000000614000000| Untracked 
|  67|0x0000000614400000, 0x0000000614400000, 0x0000000614800000|  0%| F|  |TAMS 0x0000000614400000, 0x0000000614400000| Untracked 
|  68|0x0000000614800000, 0x0000000614800000, 0x0000000614c00000|  0%| F|  |TAMS 0x0000000614800000, 0x0000000614800000| Untracked 
|  69|0x0000000614c00000, 0x0000000614c00000, 0x0000000615000000|  0%| F|  |TAMS 0x0000000614c00000, 0x0000000614c00000| Untracked 
|  70|0x0000000615000000, 0x0000000615000000, 0x0000000615400000|  0%| F|  |TAMS 0x0000000615000000, 0x0000000615000000| Untracked 
|  71|0x0000000615400000, 0x0000000615400000, 0x0000000615800000|  0%| F|  |TAMS 0x0000000615400000, 0x0000000615400000| Untracked 
|  72|0x0000000615800000, 0x0000000615800000, 0x0000000615c00000|  0%| F|  |TAMS 0x0000000615800000, 0x0000000615800000| Untracked 
|  73|0x0000000615c00000, 0x0000000615c00000, 0x0000000616000000|  0%| F|  |TAMS 0x0000000615c00000, 0x0000000615c00000| Untracked 
|  74|0x0000000616000000, 0x0000000616000000, 0x0000000616400000|  0%| F|  |TAMS 0x0000000616000000, 0x0000000616000000| Untracked 
|  75|0x0000000616400000, 0x0000000616400000, 0x0000000616800000|  0%| F|  |TAMS 0x0000000616400000, 0x0000000616400000| Untracked 
|  76|0x0000000616800000, 0x0000000616800000, 0x0000000616c00000|  0%| F|  |TAMS 0x0000000616800000, 0x0000000616800000| Untracked 
|  77|0x0000000616c00000, 0x0000000616c00000, 0x0000000617000000|  0%| F|  |TAMS 0x0000000616c00000, 0x0000000616c00000| Untracked 
|  78|0x0000000617000000, 0x0000000617000000, 0x0000000617400000|  0%| F|  |TAMS 0x0000000617000000, 0x0000000617000000| Untracked 
|  79|0x0000000617400000, 0x0000000617400000, 0x0000000617800000|  0%| F|  |TAMS 0x0000000617400000, 0x0000000617400000| Untracked 
|  80|0x0000000617800000, 0x0000000617800000, 0x0000000617c00000|  0%| F|  |TAMS 0x0000000617800000, 0x0000000617800000| Untracked 
|  81|0x0000000617c00000, 0x0000000617c00000, 0x0000000618000000|  0%| F|  |TAMS 0x0000000617c00000, 0x0000000617c00000| Untracked 
|  82|0x0000000618000000, 0x0000000618000000, 0x0000000618400000|  0%| F|  |TAMS 0x0000000618000000, 0x0000000618000000| Untracked 
|  83|0x0000000618400000, 0x0000000618400000, 0x0000000618800000|  0%| F|  |TAMS 0x0000000618400000, 0x0000000618400000| Untracked 
|  84|0x0000000618800000, 0x0000000618800000, 0x0000000618c00000|  0%| F|  |TAMS 0x0000000618800000, 0x0000000618800000| Untracked 
|  85|0x0000000618c00000, 0x0000000618c00000, 0x0000000619000000|  0%| F|  |TAMS 0x0000000618c00000, 0x0000000618c00000| Untracked 
|  86|0x0000000619000000, 0x0000000619000000, 0x0000000619400000|  0%| F|  |TAMS 0x0000000619000000, 0x0000000619000000| Untracked 
|  87|0x0000000619400000, 0x0000000619400000, 0x0000000619800000|  0%| F|  |TAMS 0x0000000619400000, 0x0000000619400000| Untracked 
|  88|0x0000000619800000, 0x0000000619800000, 0x0000000619c00000|  0%| F|  |TAMS 0x0000000619800000, 0x0000000619800000| Untracked 
|  89|0x0000000619c00000, 0x0000000619c00000, 0x000000061a000000|  0%| F|  |TAMS 0x0000000619c00000, 0x0000000619c00000| Untracked 
|  90|0x000000061a000000, 0x000000061a000000, 0x000000061a400000|  0%| F|  |TAMS 0x000000061a000000, 0x000000061a000000| Untracked 
|  91|0x000000061a400000, 0x000000061a400000, 0x000000061a800000|  0%| F|  |TAMS 0x000000061a400000, 0x000000061a400000| Untracked 
|  92|0x000000061a800000, 0x000000061a800000, 0x000000061ac00000|  0%| F|  |TAMS 0x000000061a800000, 0x000000061a800000| Untracked 
|  93|0x000000061ac00000, 0x000000061ac00000, 0x000000061b000000|  0%| F|  |TAMS 0x000000061ac00000, 0x000000061ac00000| Untracked 
|  94|0x000000061b000000, 0x000000061b000000, 0x000000061b400000|  0%| F|  |TAMS 0x000000061b000000, 0x000000061b000000| Untracked 
|  95|0x000000061b400000, 0x000000061b400000, 0x000000061b800000|  0%| F|  |TAMS 0x000000061b400000, 0x000000061b400000| Untracked 
|  96|0x000000061b800000, 0x000000061b800000, 0x000000061bc00000|  0%| F|  |TAMS 0x000000061b800000, 0x000000061b800000| Untracked 
|  97|0x000000061bc00000, 0x000000061bc00000, 0x000000061c000000|  0%| F|  |TAMS 0x000000061bc00000, 0x000000061bc00000| Untracked 
|  98|0x000000061c000000, 0x000000061c000000, 0x000000061c400000|  0%| F|  |TAMS 0x000000061c000000, 0x000000061c000000| Untracked 
|  99|0x000000061c400000, 0x000000061c400000, 0x000000061c800000|  0%| F|  |TAMS 0x000000061c400000, 0x000000061c400000| Untracked 
| 100|0x000000061c800000, 0x000000061c800000, 0x000000061cc00000|  0%| F|  |TAMS 0x000000061c800000, 0x000000061c800000| Untracked 
| 101|0x000000061cc00000, 0x000000061cc00000, 0x000000061d000000|  0%| F|  |TAMS 0x000000061cc00000, 0x000000061cc00000| Untracked 
| 102|0x000000061d000000, 0x000000061d000000, 0x000000061d400000|  0%| F|  |TAMS 0x000000061d000000, 0x000000061d000000| Untracked 
| 103|0x000000061d400000, 0x000000061d400000, 0x000000061d800000|  0%| F|  |TAMS 0x000000061d400000, 0x000000061d400000| Untracked 
| 104|0x000000061d800000, 0x000000061d800000, 0x000000061dc00000|  0%| F|  |TAMS 0x000000061d800000, 0x000000061d800000| Untracked 
| 105|0x000000061dc00000, 0x000000061dc00000, 0x000000061e000000|  0%| F|  |TAMS 0x000000061dc00000, 0x000000061dc00000| Untracked 
| 106|0x000000061e000000, 0x000000061e000000, 0x000000061e400000|  0%| F|  |TAMS 0x000000061e000000, 0x000000061e000000| Untracked 
| 107|0x000000061e400000, 0x000000061e400000, 0x000000061e800000|  0%| F|  |TAMS 0x000000061e400000, 0x000000061e400000| Untracked 
| 108|0x000000061e800000, 0x000000061e800000, 0x000000061ec00000|  0%| F|  |TAMS 0x000000061e800000, 0x000000061e800000| Untracked 
| 109|0x000000061ec00000, 0x000000061ec00000, 0x000000061f000000|  0%| F|  |TAMS 0x000000061ec00000, 0x000000061ec00000| Untracked 
| 110|0x000000061f000000, 0x000000061f000000, 0x000000061f400000|  0%| F|  |TAMS 0x000000061f000000, 0x000000061f000000| Untracked 
| 111|0x000000061f400000, 0x000000061f400000, 0x000000061f800000|  0%| F|  |TAMS 0x000000061f400000, 0x000000061f400000| Untracked 
| 112|0x000000061f800000, 0x000000061f800000, 0x000000061fc00000|  0%| F|  |TAMS 0x000000061f800000, 0x000000061f800000| Untracked 
| 113|0x000000061fc00000, 0x000000061fc00000, 0x0000000620000000|  0%| F|  |TAMS 0x000000061fc00000, 0x000000061fc00000| Untracked 
| 114|0x0000000620000000, 0x0000000620000000, 0x0000000620400000|  0%| F|  |TAMS 0x0000000620000000, 0x0000000620000000| Untracked 
| 115|0x0000000620400000, 0x0000000620400000, 0x0000000620800000|  0%| F|  |TAMS 0x0000000620400000, 0x0000000620400000| Untracked 
| 116|0x0000000620800000, 0x0000000620800000, 0x0000000620c00000|  0%| F|  |TAMS 0x0000000620800000, 0x0000000620800000| Untracked 
| 117|0x0000000620c00000, 0x0000000620c00000, 0x0000000621000000|  0%| F|  |TAMS 0x0000000620c00000, 0x0000000620c00000| Untracked 
| 118|0x0000000621000000, 0x0000000621000000, 0x0000000621400000|  0%| F|  |TAMS 0x0000000621000000, 0x0000000621000000| Untracked 
| 119|0x0000000621400000, 0x0000000621400000, 0x0000000621800000|  0%| F|  |TAMS 0x0000000621400000, 0x0000000621400000| Untracked 
| 120|0x0000000621800000, 0x0000000621800000, 0x0000000621c00000|  0%| F|  |TAMS 0x0000000621800000, 0x0000000621800000| Untracked 
| 121|0x0000000621c00000, 0x0000000621c00000, 0x0000000622000000|  0%| F|  |TAMS 0x0000000621c00000, 0x0000000621c00000| Untracked 
| 122|0x0000000622000000, 0x0000000622000000, 0x0000000622400000|  0%| F|  |TAMS 0x0000000622000000, 0x0000000622000000| Untracked 
| 123|0x0000000622400000, 0x0000000622400000, 0x0000000622800000|  0%| F|  |TAMS 0x0000000622400000, 0x0000000622400000| Untracked 
| 124|0x0000000622800000, 0x0000000622800000, 0x0000000622c00000|  0%| F|  |TAMS 0x0000000622800000, 0x0000000622800000| Untracked 
| 125|0x0000000622c00000, 0x0000000623000000, 0x0000000623000000|100%| E|  |TAMS 0x0000000622c00000, 0x0000000622c00000| Complete 
| 126|0x0000000623000000, 0x0000000623400000, 0x0000000623400000|100%| E|CS|TAMS 0x0000000623000000, 0x0000000623000000| Complete 
| 127|0x0000000623400000, 0x0000000623800000, 0x0000000623800000|100%| E|CS|TAMS 0x0000000623400000, 0x0000000623400000| Complete 

Card table byte_map: [0x000001dec0b30000,0x000001dec1b20000] _byte_map_base: 0x000001debdb14000

Marking Bits (Prev, Next): (CMBitMap*) 0x000001dea85c7bb0, (CMBitMap*) 0x000001dea85c7bf0
 Prev Bits: [0x000001dec2b10000, 0x000001decaa30000)
 Next Bits: [0x000001decaa30000, 0x000001ded2950000)

Polling page: 0x000001dea6450000

Metaspace:

Usage:
  Non-class:      4.01 MB used.
      Class:    267.18 KB used.
       Both:      4.27 MB used.

Virtual space:
  Non-class space:       64.00 MB reserved,       4.06 MB (  6%) committed,  1 nodes.
      Class space:        1.00 GB reserved,     320.00 KB ( <1%) committed,  1 nodes.
             Both:        1.06 GB reserved,       4.38 MB ( <1%) committed. 

Chunk freelists:
   Non-Class:  9.83 MB
       Class:  15.63 MB
        Both:  25.46 MB

MaxMetaspaceSize: unlimited
CompressedClassSpaceSize: 1.00 GB
Initial GC threshold: 21.00 MB
Current GC threshold: 21.00 MB
CDS: on
MetaspaceReclaimPolicy: balanced
 - commit_granule_bytes: 65536.
 - commit_granule_words: 8192.
 - virtual_space_node_default_size: 8388608.
 - enlarge_chunks_in_place: 1.
 - new_chunks_are_fully_committed: 0.
 - uncommit_free_chunks: 1.
 - use_allocation_guard: 0.
 - handle_deallocations: 1.


Internal statistics:

num_allocs_failed_limit: 0.
num_arena_births: 68.
num_arena_deaths: 0.
num_vsnodes_births: 2.
num_vsnodes_deaths: 0.
num_space_committed: 68.
num_space_uncommitted: 0.
num_chunks_returned_to_freelist: 0.
num_chunks_taken_from_freelist: 164.
num_chunk_merges: 0.
num_chunk_splits: 110.
num_chunks_enlarged: 78.
num_inconsistent_stats: 0.

CodeHeap 'non-profiled nmethods': size=119168Kb used=245Kb max_used=245Kb free=118922Kb
 bounds [0x000001deb7c30000, 0x000001deb7ea0000, 0x000001debf090000]
CodeHeap 'profiled nmethods': size=119104Kb used=1334Kb max_used=1334Kb free=117769Kb
 bounds [0x000001deb0090000, 0x000001deb0300000, 0x000001deb74e0000]
CodeHeap 'non-nmethods': size=7488Kb used=3307Kb max_used=3322Kb free=4181Kb
 bounds [0x000001deb74e0000, 0x000001deb7820000, 0x000001deb7c30000]
 total_blobs=1874 nmethods=815 adapters=969
 compilation: enabled
              stopped_count=0, restarted_count=0
 full_count=0

Compilation events (20 events):
Event: 0.338 Thread 0x000001df171a2bd0 nmethod 806 0x000001deb01cd110 code [0x000001deb01cd2c0, 0x000001deb01cd468]
Event: 0.338 Thread 0x000001df171b6e50 nmethod 807 0x000001deb7c6aa90 code [0x000001deb7c6ac20, 0x000001deb7c6acf8]
Event: 0.339 Thread 0x000001df171b6e50  808   !   3       java.util.zip.Inflater::needsInput (55 bytes)
Event: 0.339 Thread 0x000001df171b6e50 nmethod 808 0x000001deb01cd510 code [0x000001deb01cd6c0, 0x000001deb01cda78]
Event: 0.339 Thread 0x000001df1ff48a40 nmethod 804 0x000001deb7c6ad90 code [0x000001deb7c6af40, 0x000001deb7c6b538]
Event: 0.340 Thread 0x000001df1ff48a40  809       4       java.lang.AbstractStringBuilder::append (45 bytes)
Event: 0.340 Thread 0x000001ded2c5ac30  810       4       java.lang.AbstractStringBuilder::putStringAt (12 bytes)
Event: 0.342 Thread 0x000001ded2c5ac30 nmethod 810 0x000001deb7c6b890 code [0x000001deb7c6ba20, 0x000001deb7c6bbd8]
Event: 0.342 Thread 0x000001ded2c5ac30  811       4       java.lang.AbstractStringBuilder::putStringAt (34 bytes)
Event: 0.343 Thread 0x000001df171a2bd0  813       3       java.lang.String::getChars (54 bytes)
Event: 0.343 Thread 0x000001df171b6e50  814       3       java.lang.StringLatin1::getChars (12 bytes)
Event: 0.343 Thread 0x000001df171a5d20 nmethod 803 0x000001deb01cdb90 code [0x000001deb01cecc0, 0x000001deb01d90a8]
Event: 0.343 Thread 0x000001df1709a490  815       1       java.util.zip.ZipEntry::getSize (5 bytes)
Event: 0.343 Thread 0x000001df171b6e50 nmethod 814 0x000001deb01dcf90 code [0x000001deb01dd120, 0x000001deb01dd248]
Event: 0.343 Thread 0x000001df1709a490 nmethod 815 0x000001deb7c6bd90 code [0x000001deb7c6bf20, 0x000001deb7c6bff8]
Event: 0.344 Thread 0x000001df171a2bd0 nmethod 813 0x000001deb01dd310 code [0x000001deb01dd500, 0x000001deb01dd978]
Event: 0.344 Thread 0x000001ded2c5ac30 nmethod 811 0x000001deb7c6c090 code [0x000001deb7c6c220, 0x000001deb7c6c3d8]
Event: 0.344 Thread 0x000001ded2c5ac30  812       4       java.lang.String::getBytes (46 bytes)
Event: 0.344 Thread 0x000001ded2c5ac30 nmethod 812 0x000001deb7c6c590 code [0x000001deb7c6c700, 0x000001deb7c6c878]
Event: 0.345 Thread 0x000001df1ff48a40 nmethod 809 0x000001deb7c6c990 code [0x000001deb7c6cb40, 0x000001deb7c6d1e8]

GC Heap History (0 events):
No events

Dll operation events (12 events):
Event: 0.004 Loaded shared library C:\Users\hamza\.jdks\temurin-17.0.13\bin\java.dll
Event: 0.015 Loaded shared library C:\Users\hamza\.jdks\temurin-17.0.13\bin\jsvml.dll
Event: 0.040 Loaded shared library C:\Users\hamza\.jdks\temurin-17.0.13\bin\zip.dll
Event: 0.041 Loaded shared library C:\Users\hamza\.jdks\temurin-17.0.13\bin\instrument.dll
Event: 0.044 Loaded shared library C:\Users\hamza\.jdks\temurin-17.0.13\bin\net.dll
Event: 0.045 Loaded shared library C:\Users\hamza\.jdks\temurin-17.0.13\bin\nio.dll
Event: 0.046 Loaded shared library C:\Users\hamza\.jdks\temurin-17.0.13\bin\zip.dll
Event: 0.061 Loaded shared library C:\Program Files\JetBrains\IntelliJ IDEA Community Edition 2024.1.4\bin\breakgen64.dll
Event: 0.067 Loaded shared library C:\Users\hamza\.jdks\temurin-17.0.13\bin\extnet.dll
Event: 0.082 Loaded shared library C:\Users\hamza\.jdks\temurin-17.0.13\bin\jimage.dll
Event: 0.092 Loaded shared library C:\Users\hamza\AppData\Local\Temp\lwjgl_hamza\3.3.6+1\x64\lwjgl.dll
Event: 0.289 Loaded shared library C:\Users\hamza\AppData\Local\Temp\lwjgl_hamza\3.3.6+1\x64\lwjgl_opengl.dll

Deoptimization events (20 events):
Event: 0.062 Thread 0x000001dea8559050 Uncommon trap: trap_request=0xffffff45 fr.pc=0x000001deb7c4335c relative=0x000000000000005c
Event: 0.062 Thread 0x000001dea8559050 Uncommon trap: reason=unstable_if action=reinterpret pc=0x000001deb7c4335c method=java.lang.String.isLatin1()Z @ 10 c2
Event: 0.062 Thread 0x000001dea8559050 DEOPT PACKING pc=0x000001deb7c4335c sp=0x00000001006fe840
Event: 0.062 Thread 0x000001dea8559050 DEOPT UNPACKING pc=0x000001deb75369a3 sp=0x00000001006fe7d0 mode 2
Event: 0.062 Thread 0x000001dea8559050 Uncommon trap: trap_request=0xffffff45 fr.pc=0x000001deb7c400f8 relative=0x0000000000000078
Event: 0.062 Thread 0x000001dea8559050 Uncommon trap: reason=unstable_if action=reinterpret pc=0x000001deb7c400f8 method=java.lang.String.isLatin1()Z @ 10 c2
Event: 0.062 Thread 0x000001dea8559050 DEOPT PACKING pc=0x000001deb7c400f8 sp=0x00000001006ff220
Event: 0.062 Thread 0x000001dea8559050 DEOPT UNPACKING pc=0x000001deb75369a3 sp=0x00000001006ff160 mode 2
Event: 0.080 Thread 0x000001dea8559050 DEOPT PACKING pc=0x000001deb00a2c43 sp=0x00000001006fc2e0
Event: 0.080 Thread 0x000001dea8559050 DEOPT UNPACKING pc=0x000001deb7537143 sp=0x00000001006fb700 mode 0
Event: 0.097 Thread 0x000001dea8559050 DEOPT PACKING pc=0x000001deb00979c5 sp=0x00000001006fd5b0
Event: 0.097 Thread 0x000001dea8559050 DEOPT UNPACKING pc=0x000001deb7537143 sp=0x00000001006fca28 mode 0
Event: 0.103 Thread 0x000001dea8559050 Uncommon trap: trap_request=0xffffff45 fr.pc=0x000001deb7c3ea2c relative=0x00000000000008cc
Event: 0.103 Thread 0x000001dea8559050 Uncommon trap: reason=unstable_if action=reinterpret pc=0x000001deb7c3ea2c method=java.util.HashMap.putVal(ILjava/lang/Object;Ljava/lang/Object;ZZ)Ljava/lang/Object; @ 181 c2
Event: 0.103 Thread 0x000001dea8559050 DEOPT PACKING pc=0x000001deb7c3ea2c sp=0x00000001006fd800
Event: 0.103 Thread 0x000001dea8559050 DEOPT UNPACKING pc=0x000001deb75369a3 sp=0x00000001006fd7a0 mode 2
Event: 0.295 Thread 0x000001dea8559050 Uncommon trap: trap_request=0xffffff54 fr.pc=0x000001deb7c66de0 relative=0x0000000000000060
Event: 0.295 Thread 0x000001dea8559050 Uncommon trap: reason=speculate_null_assert action=make_not_entrant pc=0x000001deb7c66de0 method=sun.misc.Unsafe.putLong(Ljava/lang/Object;JJ)V @ 7 c2
Event: 0.295 Thread 0x000001dea8559050 DEOPT PACKING pc=0x000001deb7c66de0 sp=0x00000001006ff2e0
Event: 0.295 Thread 0x000001dea8559050 DEOPT UNPACKING pc=0x000001deb75369a3 sp=0x00000001006ff258 mode 2

Classes loaded (20 events):
Event: 0.121 Loading class sun/misc/Unsafe
Event: 0.121 Loading class sun/misc/Unsafe done
Event: 0.122 Loading class jdk/internal/reflect/UnsafeFieldAccessorFactory
Event: 0.122 Loading class jdk/internal/reflect/UnsafeFieldAccessorFactory done
Event: 0.122 Loading class jdk/internal/reflect/UnsafeQualifiedStaticObjectFieldAccessorImpl
Event: 0.122 Loading class jdk/internal/reflect/UnsafeQualifiedStaticFieldAccessorImpl
Event: 0.122 Loading class jdk/internal/reflect/UnsafeQualifiedStaticFieldAccessorImpl done
Event: 0.122 Loading class jdk/internal/reflect/UnsafeQualifiedStaticObjectFieldAccessorImpl done
Event: 0.122 Loading class java/util/function/LongPredicate
Event: 0.122 Loading class java/util/function/LongPredicate done
Event: 0.124 Loading class jdk/internal/access/foreign/MemorySegmentProxy
Event: 0.124 Loading class jdk/internal/access/foreign/MemorySegmentProxy done
Event: 0.262 Loading class java/util/Formatter$FixedString
Event: 0.262 Loading class java/util/Formatter$FixedString done
Event: 0.263 Loading class java/nio/InvalidMarkException
Event: 0.263 Loading class java/nio/InvalidMarkException done
Event: 0.263 Loading class java/nio/BufferUnderflowException
Event: 0.263 Loading class java/nio/BufferUnderflowException done
Event: 0.297 Loading class jdk/internal/misc/ScopedMemoryAccess$Scope
Event: 0.297 Loading class jdk/internal/misc/ScopedMemoryAccess$Scope done

Classes unloaded (0 events):
No events

Classes redefined (0 events):
No events

Internal exceptions (20 events):
Event: 0.068 Thread 0x000001df1739f010 Exception <a 'java/lang/NoSuchMethodError'{0x00000006231d9028}: 'void java.lang.invoke.DirectMethodHandle$Holder.invokeStatic(java.lang.Object, java.lang.Object)'> (0x00000006231d9028) 
thrown [s\src\hotspot\share\interpreter\linkResolver.cpp, line 759]
Event: 0.076 Thread 0x000001dea8559050 Exception <a 'java/lang/NoSuchMethodError'{0x00000006232cd460}: 'void java.lang.invoke.DirectMethodHandle$Holder.invokeSpecial(java.lang.Object, java.lang.Object, java.lang.Object)'> (0x00000006232cd460) 
thrown [s\src\hotspot\share\interpreter\linkResolver.cpp, line 759]
Event: 0.078 Thread 0x000001dea8559050 Exception <a 'java/lang/NoSuchMethodError'{0x00000006232e01f8}: 'java.lang.Object java.lang.invoke.DirectMethodHandle$Holder.invokeStatic(java.lang.Object, java.lang.Object, int)'> (0x00000006232e01f8) 
thrown [s\src\hotspot\share\interpreter\linkResolver.cpp, line 759]
Event: 0.078 Thread 0x000001dea8559050 Exception <a 'java/lang/NoSuchMethodError'{0x00000006232ebf68}: 'void java.lang.invoke.DelegatingMethodHandle$Holder.delegate(java.lang.Object, java.lang.Object, int, java.lang.Object)'> (0x00000006232ebf68) 
thrown [s\src\hotspot\share\interpreter\linkResolver.cpp, line 759]
Event: 0.078 Thread 0x000001dea8559050 Exception <a 'java/lang/NoSuchMethodError'{0x00000006232effa0}: 'int java.lang.invoke.DirectMethodHandle$Holder.invokeSpecial(java.lang.Object, java.lang.Object, java.lang.Object)'> (0x00000006232effa0) 
thrown [s\src\hotspot\share\interpreter\linkResolver.cpp, line 759]
Event: 0.095 Thread 0x000001dea8559050 Exception <a 'sun/nio/fs/WindowsException'{0x00000006233435c8}> (0x00000006233435c8) 
thrown [s\src\hotspot\share\prims\jni.cpp, line 516]
Event: 0.095 Thread 0x000001dea8559050 Exception <a 'sun/nio/fs/WindowsException'{0x0000000623343b18}> (0x0000000623343b18) 
thrown [s\src\hotspot\share\prims\jni.cpp, line 516]
Event: 0.116 Thread 0x000001dea8559050 Exception <a 'sun/nio/fs/WindowsException'{0x00000006233d8c30}> (0x00000006233d8c30) 
thrown [s\src\hotspot\share\prims\jni.cpp, line 516]
Event: 0.116 Thread 0x000001dea8559050 Exception <a 'sun/nio/fs/WindowsException'{0x00000006233d8f90}> (0x00000006233d8f90) 
thrown [s\src\hotspot\share\prims\jni.cpp, line 516]
Event: 0.123 Thread 0x000001dea8559050 Exception <a 'java/lang/NoSuchMethodError'{0x0000000622c44a98}: 'int java.lang.invoke.DirectMethodHandle$Holder.invokeStaticInit(java.lang.Object, java.lang.Object, int, long)'> (0x0000000622c44a98) 
thrown [s\src\hotspot\share\interpreter\linkResolver.cpp, line 759]
Event: 0.123 Thread 0x000001dea8559050 Exception <a 'java/lang/NoSuchMethodError'{0x0000000622c4a608}: 'java.lang.Object java.lang.invoke.DirectMethodHandle$Holder.newInvokeSpecial(java.lang.Object, java.lang.Object, int)'> (0x0000000622c4a608) 
thrown [s\src\hotspot\share\interpreter\linkResolver.cpp, line 759]
Event: 0.124 Thread 0x000001dea8559050 Exception <a 'java/lang/NoSuchMethodError'{0x0000000622c59450}: 'int java.lang.invoke.DirectMethodHandle$Holder.invokeStaticInit(java.lang.Object, java.lang.Object, long, long)'> (0x0000000622c59450) 
thrown [s\src\hotspot\share\interpreter\linkResolver.cpp, line 759]
Event: 0.125 Thread 0x000001dea8559050 Exception <a 'java/lang/NoSuchMethodError'{0x0000000622c5f808}: 'java.lang.Object java.lang.invoke.DirectMethodHandle$Holder.newInvokeSpecial(java.lang.Object, java.lang.Object, long)'> (0x0000000622c5f808) 
thrown [s\src\hotspot\share\interpreter\linkResolver.cpp, line 759]
Event: 0.125 Thread 0x000001dea8559050 Exception <a 'java/lang/NoSuchMethodError'{0x0000000622c63af8}: 'java.lang.Object java.lang.invoke.Invokers$Holder.linkToTargetMethod(java.lang.Object, long, java.lang.Object)'> (0x0000000622c63af8) 
thrown [s\src\hotspot\share\interpreter\linkResolver.cpp, line 759]
Event: 0.126 Thread 0x000001dea8559050 Exception <a 'java/lang/NoSuchMethodError'{0x0000000622c6b210}: 'int java.lang.invoke.DirectMethodHandle$Holder.invokeStaticInit(java.lang.Object, java.lang.Object, java.lang.Object, long)'> (0x0000000622c6b210) 
thrown [s\src\hotspot\share\interpreter\linkResolver.cpp, line 759]
Event: 0.266 Thread 0x000001dea8559050 Exception <a 'java/lang/NoSuchMethodError'{0x0000000622d11388}: 'void java.lang.invoke.DirectMethodHandle$Holder.invokeStatic(java.lang.Object, int, long)'> (0x0000000622d11388) 
thrown [s\src\hotspot\share\interpreter\linkResolver.cpp, line 759]
Event: 0.288 Thread 0x000001dea8559050 Exception <a 'sun/nio/fs/WindowsException'{0x0000000622d5cfc0}> (0x0000000622d5cfc0) 
thrown [s\src\hotspot\share\prims\jni.cpp, line 516]
Event: 0.289 Thread 0x000001dea8559050 Exception <a 'sun/nio/fs/WindowsException'{0x0000000622d5d360}> (0x0000000622d5d360) 
thrown [s\src\hotspot\share\prims\jni.cpp, line 516]
Event: 0.292 Thread 0x000001dea8559050 Exception <a 'sun/nio/fs/WindowsException'{0x0000000622d6a1d0}> (0x0000000622d6a1d0) 
thrown [s\src\hotspot\share\prims\jni.cpp, line 516]
Event: 0.292 Thread 0x000001dea8559050 Exception <a 'sun/nio/fs/WindowsException'{0x0000000622d6a4a0}> (0x0000000622d6a4a0) 
thrown [s\src\hotspot\share\prims\jni.cpp, line 516]

VM Operations (4 events):
Event: 0.035 Executing VM operation: HandshakeAllThreads
Event: 0.035 Executing VM operation: HandshakeAllThreads done
Event: 0.063 Executing VM operation: HandshakeAllThreads
Event: 0.063 Executing VM operation: HandshakeAllThreads done

Memory protections (0 events):
No events

Nmethod flushes (0 events):
No events

Events (19 events):
Event: 0.015 Thread 0x000001dea8559050 Thread added: 0x000001dea8559050
Event: 0.016 Thread 0x000001dea8559050 Thread added: 0x000001ded2c3b560
Event: 0.016 Thread 0x000001dea8559050 Thread added: 0x000001ded2c3c120
Event: 0.020 Thread 0x000001dea8559050 Thread added: 0x000001ded2c49d80
Event: 0.020 Thread 0x000001dea8559050 Thread added: 0x000001ded2c4a940
Event: 0.020 Thread 0x000001dea8559050 Thread added: 0x000001ded2c4f420
Event: 0.020 Thread 0x000001dea8559050 Thread added: 0x000001ded2c4fde0
Event: 0.020 Thread 0x000001dea8559050 Thread added: 0x000001ded2c5ac30
Event: 0.020 Thread 0x000001dea8559050 Thread added: 0x000001df1709a490
Event: 0.020 Thread 0x000001dea8559050 Thread added: 0x000001ded2c5e380
Event: 0.032 Thread 0x000001dea8559050 Thread added: 0x000001ded2c26670
Event: 0.035 Thread 0x000001df1709a490 Thread added: 0x000001df171a2bd0
Event: 0.035 Thread 0x000001df1709a490 Thread added: 0x000001df171a5d20
Event: 0.036 Thread 0x000001df171a5d20 Thread added: 0x000001df171b6e50
Event: 0.038 Thread 0x000001df171a2bd0 Thread added: 0x000001df171d8d20
Event: 0.062 Thread 0x000001dea8559050 Thread added: 0x000001df1739f010
Event: 0.062 Thread 0x000001dea8559050 Thread added: 0x000001df1739f4f0
Event: 0.259 Thread 0x000001df171d8d20 Thread exited: 0x000001df171d8d20
Event: 0.293 Thread 0x000001df1709a490 Thread added: 0x000001df1ff48a40


Dynamic libraries:
0x00007ff6550c0000 - 0x00007ff6550ce000 	C:\Users\hamza\.jdks\temurin-17.0.13\bin\java.exe
0x00007ffdbc120000 - 0x00007ffdbc383000 	C:\WINDOWS\SYSTEM32\ntdll.dll
0x00007ffdba000000 - 0x00007ffdba0c8000 	C:\WINDOWS\System32\KERNEL32.DLL
0x00007ffdb98e0000 - 0x00007ffdb9c92000 	C:\WINDOWS\System32\KERNELBASE.dll
0x00007ffdb9cd0000 - 0x00007ffdb9e1b000 	C:\WINDOWS\System32\ucrtbase.dll
0x00007ffda4780000 - 0x00007ffda4797000 	C:\Users\hamza\.jdks\temurin-17.0.13\bin\jli.dll
0x00007ffda41f0000 - 0x00007ffda420e000 	C:\Users\hamza\.jdks\temurin-17.0.13\bin\VCRUNTIME140.dll
0x00007ffdbbe80000 - 0x00007ffdbc048000 	C:\WINDOWS\System32\USER32.dll
0x00007ffdb9ca0000 - 0x00007ffdb9cc7000 	C:\WINDOWS\System32\win32u.dll
0x00007ffda0340000 - 0x00007ffda05d0000 	C:\WINDOWS\WinSxS\amd64_microsoft.windows.common-controls_6595b64144ccf1df_6.0.26100.2454_none_3e0b68a2e331ad60\COMCTL32.dll
0x00007ffdba540000 - 0x00007ffdba56a000 	C:\WINDOWS\System32\GDI32.dll
0x00007ffdb9f50000 - 0x00007ffdb9ff9000 	C:\WINDOWS\System32\msvcrt.dll
0x00007ffdb9e20000 - 0x00007ffdb9f4b000 	C:\WINDOWS\System32\gdi32full.dll
0x00007ffdb9640000 - 0x00007ffdb96e3000 	C:\WINDOWS\System32\msvcp_win.dll
0x00007ffdba570000 - 0x00007ffdba59f000 	C:\WINDOWS\System32\IMM32.DLL
0x00007ffdb4ed0000 - 0x00007ffdb4edc000 	C:\Users\hamza\.jdks\temurin-17.0.13\bin\vcruntime140_1.dll
0x00007ffda2ff0000 - 0x00007ffda307d000 	C:\Users\hamza\.jdks\temurin-17.0.13\bin\msvcp140.dll
0x00007ffd2aca0000 - 0x00007ffd2b90b000 	C:\Users\hamza\.jdks\temurin-17.0.13\bin\server\jvm.dll
0x00007ffdbb7a0000 - 0x00007ffdbb854000 	C:\WINDOWS\System32\ADVAPI32.dll
0x00007ffdbba30000 - 0x00007ffdbbad6000 	C:\WINDOWS\System32\sechost.dll
0x00007ffdbbcf0000 - 0x00007ffdbbe06000 	C:\WINDOWS\System32\RPCRT4.dll
0x00007ffdbbae0000 - 0x00007ffdbbb54000 	C:\WINDOWS\System32\WS2_32.dll
0x00007ffdb8d00000 - 0x00007ffdb8d4e000 	C:\WINDOWS\SYSTEM32\POWRPROF.dll
0x00007ffdab400000 - 0x00007ffdab436000 	C:\WINDOWS\SYSTEM32\WINMM.dll
0x00007ffdb03c0000 - 0x00007ffdb03cb000 	C:\WINDOWS\SYSTEM32\VERSION.dll
0x00007ffdb8ce0000 - 0x00007ffdb8cf4000 	C:\WINDOWS\SYSTEM32\UMPDC.dll
0x00007ffdb82c0000 - 0x00007ffdb82da000 	C:\WINDOWS\SYSTEM32\kernel.appcore.dll
0x00007ffda3fa0000 - 0x00007ffda3faa000 	C:\Users\hamza\.jdks\temurin-17.0.13\bin\jimage.dll
0x00007ffda4840000 - 0x00007ffda4a81000 	C:\WINDOWS\SYSTEM32\DBGHELP.DLL
0x00007ffdba100000 - 0x00007ffdba47e000 	C:\WINDOWS\System32\combase.dll
0x00007ffdbaa50000 - 0x00007ffdbab26000 	C:\WINDOWS\System32\OLEAUT32.dll
0x00007ffda2160000 - 0x00007ffda2199000 	C:\WINDOWS\SYSTEM32\dbgcore.DLL
0x00007ffdb96f0000 - 0x00007ffdb9789000 	C:\WINDOWS\System32\bcryptPrimitives.dll
0x00007ffda2fe0000 - 0x00007ffda2fee000 	C:\Users\hamza\.jdks\temurin-17.0.13\bin\instrument.dll
0x00007ffda2df0000 - 0x00007ffda2e15000 	C:\Users\hamza\.jdks\temurin-17.0.13\bin\java.dll
0x00007ffda2d10000 - 0x00007ffda2de7000 	C:\Users\hamza\.jdks\temurin-17.0.13\bin\jsvml.dll
0x00007ffdbb010000 - 0x00007ffdbb711000 	C:\WINDOWS\System32\SHELL32.dll
0x00007ffdb71b0000 - 0x00007ffdb79e1000 	C:\WINDOWS\SYSTEM32\windows.storage.dll
0x00007ffdbada0000 - 0x00007ffdbae7a000 	C:\WINDOWS\System32\SHCORE.dll
0x00007ffdbbe20000 - 0x00007ffdbbe7d000 	C:\WINDOWS\System32\shlwapi.dll
0x00007ffdb93d0000 - 0x00007ffdb93fe000 	C:\WINDOWS\SYSTEM32\profapi.dll
0x00007ffda1990000 - 0x00007ffda19a8000 	C:\Users\hamza\.jdks\temurin-17.0.13\bin\zip.dll
0x00007ffda2a80000 - 0x00007ffda2a99000 	C:\Users\hamza\.jdks\temurin-17.0.13\bin\net.dll
0x00007ffdb19b0000 - 0x00007ffdb1ad6000 	C:\WINDOWS\SYSTEM32\WINHTTP.dll
0x00007ffdb87a0000 - 0x00007ffdb8808000 	C:\WINDOWS\system32\mswsock.dll
0x00007ffda2480000 - 0x00007ffda2496000 	C:\Users\hamza\.jdks\temurin-17.0.13\bin\nio.dll
0x00007ffda1940000 - 0x00007ffda195a000 	C:\Program Files\JetBrains\IntelliJ IDEA Community Edition 2024.1.4\bin\breakgen64.dll
0x00007ffda2fd0000 - 0x00007ffda2fd9000 	C:\Users\hamza\.jdks\temurin-17.0.13\bin\extnet.dll
0x00007ffd85360000 - 0x00007ffd853de000 	C:\Users\hamza\AppData\Local\Temp\lwjgl_hamza\3.3.6+1\x64\lwjgl.dll
0x00007ffd73cf0000 - 0x00007ffd73d79000 	C:\Users\hamza\AppData\Local\Temp\lwjgl_hamza\3.3.6+1\x64\glfw.dll
0x00007ffd76f40000 - 0x00007ffd76f8b000 	C:\WINDOWS\SYSTEM32\dinput8.dll
0x00007ffda1910000 - 0x00007ffda1922000 	C:\WINDOWS\SYSTEM32\xinput1_4.dll
0x00007ffdb9120000 - 0x00007ffdb917f000 	C:\WINDOWS\SYSTEM32\cfgmgr32.dll
0x00007ffdb9190000 - 0x00007ffdb91bd000 	C:\WINDOWS\SYSTEM32\DEVOBJ.dll
0x00007ffdb6b10000 - 0x00007ffdb6b3e000 	C:\WINDOWS\SYSTEM32\dwmapi.dll
0x00007ffd928d0000 - 0x00007ffd92aad000 	C:\WINDOWS\SYSTEM32\inputhost.dll
0x00007ffdb4ae0000 - 0x00007ffdb4c05000 	C:\WINDOWS\SYSTEM32\CoreMessaging.dll
0x00007ffdb6830000 - 0x00007ffdb68dd000 	C:\WINDOWS\system32\uxtheme.dll
0x00007ffdbae80000 - 0x00007ffdbafdc000 	C:\WINDOWS\System32\MSCTF.dll
0x00007ffdb89d0000 - 0x00007ffdb89dc000 	C:\WINDOWS\SYSTEM32\CRYPTBASE.DLL
0x00007ffd5c190000 - 0x00007ffd5c29c000 	C:\WINDOWS\SYSTEM32\opengl32.dll
0x00007ffd76de0000 - 0x00007ffd76e0d000 	C:\WINDOWS\SYSTEM32\GLU32.dll
0x00007ffdb6910000 - 0x00007ffdb6957000 	C:\WINDOWS\SYSTEM32\dxcore.dll
0x00007ffda63e0000 - 0x00007ffda63fa000 	C:\WINDOWS\SYSTEM32\windows.staterepositorycore.dll
0x00007ffd28660000 - 0x00007ffd2ac98000 	C:\WINDOWS\System32\DriverStore\FileRepository\nvmdsi.inf_amd64_0f7806aef7a92021\nvoglv64.dll
0x00007ffdba5b0000 - 0x00007ffdbaa36000 	C:\WINDOWS\System32\SETUPAPI.dll
0x00007ffdbac00000 - 0x00007ffdbad99000 	C:\WINDOWS\System32\ole32.dll
0x00007ffdb6d60000 - 0x00007ffdb6d75000 	C:\WINDOWS\SYSTEM32\WTSAPI32.dll
0x00007ffdb8c20000 - 0x00007ffdb8c33000 	C:\WINDOWS\SYSTEM32\msasn1.dll
0x00007ffdb0250000 - 0x00007ffdb028b000 	C:\WINDOWS\SYSTEM32\cryptnet.dll
0x00007ffdb94c0000 - 0x00007ffdb9636000 	C:\WINDOWS\System32\CRYPT32.dll
0x00007ffdb8a70000 - 0x00007ffdb8acd000 	C:\WINDOWS\SYSTEM32\wldp.dll
0x00007ffdb00d0000 - 0x00007ffdb0248000 	C:\WINDOWS\SYSTEM32\drvstore.dll
0x00007ffdb9850000 - 0x00007ffdb98cf000 	C:\WINDOWS\System32\WINTRUST.dll
0x00007ffdb83e0000 - 0x00007ffdb8415000 	C:\WINDOWS\SYSTEM32\ntmarta.dll
0x00007ffdba0d0000 - 0x00007ffdba0f0000 	C:\WINDOWS\System32\imagehlp.dll
0x00007ffdb8b50000 - 0x00007ffdb8b6c000 	C:\WINDOWS\SYSTEM32\CRYPTSP.dll
0x00007ffdb8220000 - 0x00007ffdb8258000 	C:\WINDOWS\system32\rsaenh.dll
0x00007ffdb8df0000 - 0x00007ffdb8e16000 	C:\WINDOWS\SYSTEM32\bcrypt.dll
0x00007ffdacea0000 - 0x00007ffdafbb0000 	C:\WINDOWS\System32\DriverStore\FileRepository\nvmdsi.inf_amd64_0f7806aef7a92021\nvgpucomp64.dll
0x00007ffd88410000 - 0x00007ffd8870b000 	C:\WINDOWS\system32\nvspcap64.dll
0x00007ffdb8bb0000 - 0x00007ffdb8c0e000 	C:\WINDOWS\SYSTEM32\WINSTA.dll
0x00007ffda4280000 - 0x00007ffda43c6000 	C:\WINDOWS\SYSTEM32\textinputframework.dll
0x00007ffdb0790000 - 0x00007ffdb0a73000 	C:\WINDOWS\SYSTEM32\CoreUIComponents.dll
0x00007ffdb5510000 - 0x00007ffdb5678000 	C:\WINDOWS\SYSTEM32\wintypes.dll
0x00007ffd84220000 - 0x00007ffd8427d000 	C:\Users\hamza\AppData\Local\Temp\lwjgl_hamza\3.3.6+1\x64\lwjgl_opengl.dll

dbghelp: loaded successfully - version: 4.0.5 - missing functions: none
symbol engine: initialized successfully - sym options: 0x614 - pdb path: .;C:\Users\hamza\.jdks\temurin-17.0.13\bin;C:\WINDOWS\SYSTEM32;C:\WINDOWS\WinSxS\amd64_microsoft.windows.common-controls_6595b64144ccf1df_6.0.26100.2454_none_3e0b68a2e331ad60;C:\Users\hamza\.jdks\temurin-17.0.13\bin\server;C:\Program Files\JetBrains\IntelliJ IDEA Community Edition 2024.1.4\bin;C:\Users\hamza\AppData\Local\Temp\lwjgl_hamza\3.3.6+1\x64;C:\WINDOWS\System32\DriverStore\FileRepository\nvmdsi.inf_amd64_0f7806aef7a92021

VM Arguments:
jvm_args: -javaagent:C:\Program Files\JetBrains\IntelliJ IDEA Community Edition 2024.1.4\lib\idea_rt.jar=57569:C:\Program Files\JetBrains\IntelliJ IDEA Community Edition 2024.1.4\bin -Dfile.encoding=UTF-8 
java_command: com.alchemygames.Main
java_class_path (initial): C:\Users\hamza\IdeaProjects\Magus\target\classes;C:\Users\hamza\.m2\repository\org\lwjgl\lwjgl\3.3.6\lwjgl-3.3.6.jar;C:\Users\hamza\.m2\repository\org\lwjgl\lwjgl-assimp\3.3.6\lwjgl-assimp-3.3.6.jar;C:\Users\hamza\.m2\repository\org\lwjgl\lwjgl-bgfx\3.3.6\lwjgl-bgfx-3.3.6.jar;C:\Users\hamza\.m2\repository\org\lwjgl\lwjgl-glfw\3.3.6\lwjgl-glfw-3.3.6.jar;C:\Users\hamza\.m2\repository\org\lwjgl\lwjgl-nanovg\3.3.6\lwjgl-nanovg-3.3.6.jar;C:\Users\hamza\.m2\repository\org\lwjgl\lwjgl-nuklear\3.3.6\lwjgl-nuklear-3.3.6.jar;C:\Users\hamza\.m2\repository\org\lwjgl\lwjgl-openal\3.3.6\lwjgl-openal-3.3.6.jar;C:\Users\hamza\.m2\repository\org\lwjgl\lwjgl-opengl\3.3.6\lwjgl-opengl-3.3.6.jar;C:\Users\hamza\.m2\repository\org\lwjgl\lwjgl-par\3.3.6\lwjgl-par-3.3.6.jar;C:\Users\hamza\.m2\repository\org\lwjgl\lwjgl-stb\3.3.6\lwjgl-stb-3.3.6.jar;C:\Users\hamza\.m2\repository\org\lwjgl\lwjgl-vulkan\3.3.6\lwjgl-vulkan-3.3.6.jar;C:\Users\hamza\.m2\repository\org\lwjgl\lwjgl\3.3.6\lwjgl-3.3.6-natives-windows.jar;C:\Users\hamza\.m2\repository\org\lwjgl\lwjgl-assimp\3.3.6\lwjgl-assimp-3.3.6-natives-windows.jar;C:\Users\hamza\.m2\repository\org\lwjgl\lwjgl-bgfx\3.3.6\lwjgl-bgfx-3.3.6-natives-windows.jar;C:\Users\hamza\.m2\repository\org\lwjgl\lwjgl-glfw\3.3.6\lwjgl-glfw-3.3.6-natives-windows.jar;C:\Users\hamza\.m2\repository\org\lwjgl\lwjgl-nanovg\3.3.6\lwjgl-nanovg-3.3.6-natives-windows.jar;C:\Users\hamza\.m2\repository\org\lwjgl\lwjgl-nuklear\3.3.6\lwjgl-nuklear-3.3.6-natives-windows.jar;C:\Users\hamza\.m2\repository\org\lwjgl\lwjgl-openal\3.3.6\lwjgl-openal-3.3.6-natives-windows.jar;C:\Users\hamza\.m2\repository\org\lwjgl\lwjgl-opengl\3.3.6\lwjgl-opengl-3.3.6-natives-windows.jar;C:\Users\hamza\.m2\repository\org\lwjgl\lwjgl-par\3.3.6\lwjgl-par-3.3.6-natives-windows.jar;C:\Users\hamza\.m2\repository\org\lwjgl\lwjgl-stb\3.3.6\lwjgl-stb-3.3.6-natives-windows.jar;C:\Users\hamza\.m2\repository\org\joml\joml\1.10.7\joml-1.10.7.jar;C:\Users\hamza\.m2\repository\org\lwj
Launcher Type: SUN_STANDARD

[Global flags]
     intx CICompilerCount                          = 12                                        {product} {ergonomic}
     uint ConcGCThreads                            = 4                                         {product} {ergonomic}
     uint G1ConcRefinementThreads                  = 15                                        {product} {ergonomic}
   size_t G1HeapRegionSize                         = 4194304                                   {product} {ergonomic}
    uintx GCDrainStackTargetSize                   = 64                                        {product} {ergonomic}
   size_t InitialHeapSize                          = 536870912                                 {product} {ergonomic}
   size_t MarkStackSize                            = 4194304                                   {product} {ergonomic}
   size_t MaxHeapSize                              = 8531214336                                {product} {ergonomic}
   size_t MaxNewSize                               = 5117050880                                {product} {ergonomic}
   size_t MinHeapDeltaBytes                        = 4194304                                   {product} {ergonomic}
   size_t MinHeapSize                              = 8388608                                   {product} {ergonomic}
    uintx NonNMethodCodeHeapSize                   = 7602480                                {pd product} {ergonomic}
    uintx NonProfiledCodeHeapSize                  = 122027880                              {pd product} {ergonomic}
    uintx ProfiledCodeHeapSize                     = 122027880                              {pd product} {ergonomic}
    uintx ReservedCodeCacheSize                    = 251658240                              {pd product} {ergonomic}
     bool SegmentedCodeCache                       = true                                      {product} {ergonomic}
   size_t SoftMaxHeapSize                          = 8531214336                             {manageable} {ergonomic}
     bool UseCompressedClassPointers               = true                           {product lp64_product} {ergonomic}
     bool UseCompressedOops                        = true                           {product lp64_product} {ergonomic}
     bool UseG1GC                                  = true                                      {product} {ergonomic}
     bool UseLargePagesIndividualAllocation        = false                                  {pd product} {ergonomic}

Logging:
Log output configuration:
 #0: stdout all=warning uptime,level,tags
 #1: stderr all=off uptime,level,tags

Environment Variables:
JAVA_HOME=C:\Program Files\Android\Android Studio\jbr
PATH=C:\Program Files\Common Files\Oracle\Java\javapath;C:\WINDOWS\system32;C:\WINDOWS;C:\WINDOWS\System32\Wbem;C:\WINDOWS\System32\WindowsPowerShell\v1.0\;C:\WINDOWS\System32\OpenSSH\;C:\Program Files (x86)\NVIDIA Corporation\PhysX\Common;C:\Program Files\dotnet\;C:\Program Files\Microsoft SQL Server\150\Tools\Binn\;C:\Program Files (x86)\Windows Kits\10\Windows Performance Toolkit\;C:\Program Files\Docker\Docker\resources\bin;C:\Program Files\Go\bin;C:\apache-maven-3.9.9\bin;C:\Program Files\NVIDIA Corporation\NVIDIA app\NvDLISR;C:\Program Files\Git\cmd;C:\Users\hamza\AppData\Local\Microsoft\WindowsApps;C:\Users\hamza\.dotnet\tools;C:\Program Files\JetBrains\IntelliJ IDEA Community Edition 2024.1.4\bin;;C:\Users\hamza\AppData\Local\Programs\Microsoft VS Code\bin;C:\Users\hamza\AppData\Local\Android\Sdk\platform-tools;C:\Users\hamza\AppData\Local\Android\Sdk\tools;C:\Program Files\JetBrains\JetBrains Rider 2024.1.5\bin;;C:\Program Files\JetBrains\IntelliJ IDEA 2024.2.3\bin;;C:\Users\hamza\go\bin;
USERNAME=hamza
OS=Windows_NT
PROCESSOR_IDENTIFIER=Intel64 Family 6 Model 151 Stepping 2, GenuineIntel
TMP=C:\Users\hamza\AppData\Local\Temp
TEMP=C:\Users\hamza\AppData\Local\Temp



Periodic native trim disabled


---------------  S Y S T E M  ---------------

OS:
 Windows 11 , 64 bit Build 26100 (10.0.26100.2454)
OS uptime: 3 days 20:27 hours
Hyper-V role detected

CPU: total 20 (initial active 20) (10 cores per cpu, 2 threads per core) family 6 model 151 stepping 2 microcode 0x32, cx8, cmov, fxsr, ht, mmx, 3dnowpref, sse, sse2, sse3, ssse3, sse4.1, sse4.2, popcnt, lzcnt, tsc, tscinvbit, avx, avx2, aes, erms, clmul, bmi1, bmi2, adx, sha, fma, vzeroupper, clflush, clflushopt, clwb, hv
Processor Information for all 20 processors :
  Max Mhz: 3600, Current Mhz: 3600, Mhz Limit: 3600

Memory: 4k page, system-wide physical 32540M (17971M free)
TotalPageFile size 34588M (AvailPageFile size 17317M)
current process WorkingSet (physical memory assigned to process): 110M, peak: 110M
current process commit charge ("private bytes"): 734M, peak: 734M

vm_info: OpenJDK 64-Bit Server VM (17.0.13+11) for windows-amd64 JRE (17.0.13+11), built on Oct 16 2024 00:10:08 by "admin" with MS VC++ 17.7 (VS2022)

END.
