#
# A fatal error has been detected by the Java Runtime Environment:
#
#  EXCEPTION_ACCESS_VIOLATION (0xc0000005) at pc=0x00007ffd29044c76, pid=29556, tid=12432
#
# JRE version: OpenJDK Runtime Environment Temurin-17.0.13+11 (17.0.13+11) (build 17.0.13+11)
# Java VM: OpenJDK 64-Bit Server VM Temurin-17.0.13+11 (17.0.13+11, mixed mode, sharing, tiered, compressed oops, compressed class ptrs, g1 gc, windows-amd64)
# Problematic frame:
# C  [nvoglv64.dll+0x1464c76]
#
# No core dump will be written. Minidumps are not enabled by default on client versions of Windows
#
# If you would like to submit a bug report, please visit:
#   https://github.com/adoptium/adoptium-support/issues
# The crash happened outside the Java Virtual Machine in native code.
# See problematic frame for where to report the bug.
#

---------------  S U M M A R Y ------------

Command Line: -javaagent:C:\Program Files\JetBrains\IntelliJ IDEA Community Edition 2024.1.4\lib\idea_rt.jar=58912:C:\Program Files\JetBrains\IntelliJ IDEA Community Edition 2024.1.4\bin -Dfile.encoding=UTF-8 com.alchemygames.Main

Host: 12th Gen Intel(R) Core(TM) i7-12700K, 20 cores, 31G,  Windows 11 , 64 bit Build 26100 (10.0.26100.2454)
Time: Wed Jan 29 18:58:17 2025 Morocco Daylight Time elapsed time: 0.346969 seconds (0d 0h 0m 0s)

---------------  T H R E A D  ---------------

Current thread (0x000002563bc7eed0):  JavaThread "main" [_thread_in_native, id=12432, stack(0x000000c293200000,0x000000c293300000)]

Stack: [0x000000c293200000,0x000000c293300000],  sp=0x000000c2932fef88,  free space=1019k
Native frames: (J=compiled Java code, j=interpreted, Vv=VM code, C=native code)
C  [nvoglv64.dll+0x1464c76]

Java frames: (J=compiled Java code, j=interpreted, Vv=VM code)
j  org.lwjgl.opengl.GL11C.nglDrawElements(IIIJ)V+0
j  org.lwjgl.opengl.GL11C.glDrawElements(IIIJ)V+4
j  org.lwjgl.opengl.GL11.glDrawElements(IIIJ)V+4
j  com.alchemygames.engine.graph.Render.render(Lcom/alchemygames/engine/Window;Lcom/alchemygames/engine/scene/Scene;)V+301
j  com.alchemygames.engine.Engine.run()V+201
j  com.alchemygames.engine.Engine.start()V+6
j  com.alchemygames.Main.main([Ljava/lang/String;)V+42
v  ~StubRoutines::call_stub

siginfo: EXCEPTION_ACCESS_VIOLATION (0xc0000005), reading address 0x0000000000000000


Registers:
RAX=0x00000256b3b264b8, RBX=0x00000256b3b2649c, RCX=0x00000256b3b264b8, RDX=0x0000000000000000
RSP=0x000000c2932fef88, RBP=0x0000000000000044, RSI=0x0000000000000006, RDI=0x00000256b0cec080
R8 =0x0000000000000018, R9 =0x0000000000000000, R10=0x00007ffd27be0000, R11=0x0000000000000006
R12=0x0000000000000004, R13=0x0000000000001405, R14=0x0000000000000018, R15=0x0000000000000000
RIP=0x00007ffd29044c76, EFLAGS=0x0000000000010283


Register to memory mapping:

RIP=0x00007ffd29044c76 nvoglv64.dll
RAX=0x00000256b3b264b8 points into unknown readable memory: 0x0000000000000000 | 00 00 00 00 00 00 00 00
RBX=0x00000256b3b2649c points into unknown readable memory: 06 20 02 00
RCX=0x00000256b3b264b8 points into unknown readable memory: 0x0000000000000000 | 00 00 00 00 00 00 00 00
RDX=0x0 is NULL
RSP=0x000000c2932fef88 is pointing into the stack for thread: 0x000002563bc7eed0
RBP=0x0000000000000044 is an unknown value
RSI=0x0000000000000006 is an unknown value
RDI=0x00000256b0cec080 points into unknown readable memory: 0x0000000000000000 | 00 00 00 00 00 00 00 00
R8 =0x0000000000000018 is an unknown value
R9 =0x0 is NULL
R10=0x00007ffd27be0000 nvoglv64.dll
R11=0x0000000000000006 is an unknown value
R12=0x0000000000000004 is an unknown value
R13=0x0000000000001405 is an unknown value
R14=0x0000000000000018 is an unknown value
R15=0x0 is NULL


Top of Stack: (sp=0x000000c2932fef88)
0x000000c2932fef88:   00007ffd2810ea2d 000000c2932ff0a0
0x000000c2932fef98:   00007ffd2b024742 000000c2932fefc0
0x000000c2932fefa8:   000002564acbba48 000000000017555d
0x000000c2932fefb8:   000002563bc7eed0 00000256ab5d15a8
0x000000c2932fefc8:   000002563bc7eed0 000002564ac99520
0x000000c2932fefd8:   000002564ac9d54e 000002563bc7eed0
0x000000c2932fefe8:   00000256ab5d15a8 0000000000000000
0x000000c2932feff8:   000002564ac99520 0000000000006bb0
0x000000c2932ff008:   000002564ac9d6e1 000000c2932ff0a0
0x000000c2932ff018:   000000c2932ff000 000000c2932ff0e0
0x000000c2932ff028:   00000256ab5d15a8 0000025600001405
0x000000c2932ff038:   0000000000000000 3ff0000000000000
0x000000c2932ff048:   000002563bc7eed0 000002564ac9d3b6
0x000000c2932ff058:   000000c2932ff058 00000256ab5d15a8
0x000000c2932ff068:   000000c2932ff0e0 00000256ab5dbd90
0x000000c2932ff078:   0000000000000000 0000000622f15ae8
0x000000c2932ff088:   00000256ab5d15a8 0000000000000000
0x000000c2932ff098:   000000c2932ff0c0 000000c2932ff130
0x000000c2932ff0a8:   000002564ac99520 0000000622f15ae8
0x000000c2932ff0b8:   000002564ac9aff8 0000000000000000
0x000000c2932ff0c8:   0000000000000000 0000000000001405
0x000000c2932ff0d8:   0000000000000006 0000000000000004
0x000000c2932ff0e8:   000000c2932ff0e8 00000256ab5d1644
0x000000c2932ff0f8:   000000c2932ff160 00000256ab5dbd90
0x000000c2932ff108:   0000000000000000 0000000622f15ae8
0x000000c2932ff118:   00000256ab5d1688 000000c2932ff0c0
0x000000c2932ff128:   000000c2932ff140 000000c2932ff1b0
0x000000c2932ff138:   000002564ac99520 0000000000000000
0x000000c2932ff148:   0000000000000000 0000000000001405
0x000000c2932ff158:   0000000000000006 0000000000000004
0x000000c2932ff168:   000000c2932ff168 00000256ab5a4024
0x000000c2932ff178:   000000c2932ff1e0 00000256ab5c9a10 

Instructions: (pc=0x00007ffd29044c76)
0x00007ffd29044b76:   1f 02 4d 03 ca 41 ff e1 c3 90 4c 8b 02 8b 4a 08
0x00007ffd29044b86:   44 0f b7 4a 0c 44 0f b6 52 0e 4c 89 00 89 48 08
0x00007ffd29044b96:   66 44 89 48 0c 44 88 50 0e c3 4c 8b 02 0f b7 4a
0x00007ffd29044ba6:   08 44 0f b6 4a 0a 4c 89 00 66 89 48 08 44 88 48
0x00007ffd29044bb6:   0a c3 0f b7 0a 66 89 08 c3 90 8b 0a 44 0f b7 42
0x00007ffd29044bc6:   04 44 0f b6 4a 06 89 08 66 44 89 40 04 44 88 48
0x00007ffd29044bd6:   06 c3 4c 8b 02 8b 4a 08 44 0f b7 4a 0c 4c 89 00
0x00007ffd29044be6:   89 48 08 66 44 89 48 0c c3 0f b7 0a 44 0f b6 42
0x00007ffd29044bf6:   02 66 89 08 44 88 40 02 c3 90 4c 8b 02 8b 4a 08
0x00007ffd29044c06:   44 0f b6 4a 0c 4c 89 00 89 48 08 44 88 48 0c c3
0x00007ffd29044c16:   4c 8b 02 0f b7 4a 08 4c 89 00 66 89 48 08 c3 4c
0x00007ffd29044c26:   8b 02 0f b6 4a 08 4c 89 00 88 48 08 c3 4c 8b 02
0x00007ffd29044c36:   8b 4a 08 4c 89 00 89 48 08 c3 8b 0a 44 0f b7 42
0x00007ffd29044c46:   04 89 08 66 44 89 40 04 c3 8b 0a 44 0f b6 42 04
0x00007ffd29044c56:   89 08 44 88 40 04 c3 48 8b 0a 48 89 08 c3 0f b6
0x00007ffd29044c66:   0a 88 08 c3 8b 0a 89 08 c3 90 49 83 f8 20 77 17
0x00007ffd29044c76:   f3 0f 6f 0a f3 42 0f 6f 54 02 f0 f3 0f 7f 09 f3
0x00007ffd29044c86:   42 0f 7f 54 01 f0 c3 4e 8d 0c 02 48 3b ca 4c 0f
0x00007ffd29044c96:   46 c9 49 3b c9 0f 82 3f 04 00 00 83 3d a8 a3 f8
0x00007ffd29044ca6:   00 03 0f 82 e2 02 00 00 49 81 f8 00 20 00 00 76
0x00007ffd29044cb6:   16 49 81 f8 00 00 18 00 77 0d f6 05 a5 16 09 01
0x00007ffd29044cc6:   02 0f 85 73 fe ff ff c5 fe 6f 02 c4 a1 7e 6f 6c
0x00007ffd29044cd6:   02 e0 49 81 f8 00 01 00 00 0f 86 c3 00 00 00 4c
0x00007ffd29044ce6:   8b c9 49 83 e1 1f 49 83 e9 20 49 2b c9 49 2b d1
0x00007ffd29044cf6:   4d 03 c1 49 81 f8 00 01 00 00 0f 86 a2 00 00 00
0x00007ffd29044d06:   49 81 f8 00 00 18 00 0f 87 3d 01 00 00 66 66 66
0x00007ffd29044d16:   66 66 0f 1f 84 00 00 00 00 00 c5 fe 6f 0a c5 fe
0x00007ffd29044d26:   6f 52 20 c5 fe 6f 5a 40 c5 fe 6f 62 60 c5 fd 7f
0x00007ffd29044d36:   09 c5 fd 7f 51 20 c5 fd 7f 59 40 c5 fd 7f 61 60
0x00007ffd29044d46:   c5 fe 6f 8a 80 00 00 00 c5 fe 6f 92 a0 00 00 00
0x00007ffd29044d56:   c5 fe 6f 9a c0 00 00 00 c5 fe 6f a2 e0 00 00 00
0x00007ffd29044d66:   c5 fd 7f 89 80 00 00 00 c5 fd 7f 91 a0 00 00 00 


Stack slot to memory mapping:
stack at sp + 0 slots: 0x00007ffd2810ea2d nvoglv64.dll
stack at sp + 1 slots: 0x000000c2932ff0a0 is pointing into the stack for thread: 0x000002563bc7eed0
stack at sp + 2 slots: 0x00007ffd2b024742 jvm.dll
stack at sp + 3 slots: 0x000000c2932fefc0 is pointing into the stack for thread: 0x000002563bc7eed0
stack at sp + 4 slots: 0x000002564acbba48 is at code_begin+4168 in 
[CodeBlob (0x000002564acba990)]
Framesize: 0
BufferBlob (0x000002564acba990) used for native signature handlers
stack at sp + 5 slots: 0x000000000017555d is an unknown value
stack at sp + 6 slots: 0x000002563bc7eed0 is a thread
stack at sp + 7 slots: {method} {0x00000256ab5d15b0} 'nglDrawElements' '(IIIJ)V' in 'org/lwjgl/opengl/GL11C'


---------------  P R O C E S S  ---------------

Threads class SMR info:
_java_thread_list=0x00000256af1fd140, length=16, elements={
0x000002563bc7eed0, 0x0000025666b3b850, 0x0000025666b3c410, 0x0000025666b4cd50,
0x0000025666b4d910, 0x0000025666b4ea70, 0x0000025669bc4480, 0x0000025669bd2260,
0x0000025669bf7180, 0x0000025669bf8aa0, 0x0000025669bc08b0, 0x0000025669d0b7d0,
0x0000025669d0bcf0, 0x0000025669d14220, 0x0000025669dd7630, 0x0000025669dd7b10
}

Java Threads: ( => current thread )
=>0x000002563bc7eed0 JavaThread "main" [_thread_in_native, id=12432, stack(0x000000c293200000,0x000000c293300000)]
  0x0000025666b3b850 JavaThread "Reference Handler" daemon [_thread_blocked, id=23196, stack(0x000000c293900000,0x000000c293a00000)]
  0x0000025666b3c410 JavaThread "Finalizer" daemon [_thread_blocked, id=7824, stack(0x000000c293a00000,0x000000c293b00000)]
  0x0000025666b4cd50 JavaThread "Signal Dispatcher" daemon [_thread_blocked, id=9224, stack(0x000000c293b00000,0x000000c293c00000)]
  0x0000025666b4d910 JavaThread "Attach Listener" daemon [_thread_blocked, id=26084, stack(0x000000c293c00000,0x000000c293d00000)]
  0x0000025666b4ea70 JavaThread "Service Thread" daemon [_thread_blocked, id=28108, stack(0x000000c293d00000,0x000000c293e00000)]
  0x0000025669bc4480 JavaThread "Monitor Deflation Thread" daemon [_thread_blocked, id=30572, stack(0x000000c293e00000,0x000000c293f00000)]
  0x0000025669bd2260 JavaThread "C2 CompilerThread0" daemon [_thread_blocked, id=21532, stack(0x000000c293f00000,0x000000c294000000)]
  0x0000025669bf7180 JavaThread "C1 CompilerThread0" daemon [_thread_blocked, id=23964, stack(0x000000c294000000,0x000000c294100000)]
  0x0000025669bf8aa0 JavaThread "Sweeper thread" daemon [_thread_blocked, id=14668, stack(0x000000c294100000,0x000000c294200000)]
  0x0000025669bc08b0 JavaThread "Common-Cleaner" daemon [_thread_blocked, id=3092, stack(0x000000c294200000,0x000000c294300000)]
  0x0000025669d0b7d0 JavaThread "C1 CompilerThread1" daemon [_thread_blocked, id=25768, stack(0x000000c294300000,0x000000c294400000)]
  0x0000025669d0bcf0 JavaThread "C1 CompilerThread2" daemon [_thread_blocked, id=15940, stack(0x000000c294400000,0x000000c294500000)]
  0x0000025669d14220 JavaThread "C1 CompilerThread3" daemon [_thread_blocked, id=26760, stack(0x000000c294500000,0x000000c294600000)]
  0x0000025669dd7630 JavaThread "Monitor Ctrl-Break" daemon [_thread_in_native, id=15760, stack(0x000000c294700000,0x000000c294800000)]
  0x0000025669dd7b10 JavaThread "Notification Thread" daemon [_thread_blocked, id=7788, stack(0x000000c294800000,0x000000c294900000)]

Other Threads:
  0x0000025666b35b70 VMThread "VM Thread" [stack: 0x000000c293800000,0x000000c293900000] [id=20756]
  0x0000025669e98f80 WatcherThread [stack: 0x000000c294900000,0x000000c294a00000] [id=6704]
  0x000002563bd2e330 GCTaskThread "GC Thread#0" [stack: 0x000000c293300000,0x000000c293400000] [id=9932]
  0x000002563bd2eaa0 ConcurrentGCThread "G1 Main Marker" [stack: 0x000000c293400000,0x000000c293500000] [id=20988]
  0x000002563a18e9b0 ConcurrentGCThread "G1 Conc#0" [stack: 0x000000c293500000,0x000000c293600000] [id=18816]
  0x0000025666a64910 ConcurrentGCThread "G1 Refine#0" [stack: 0x000000c293600000,0x000000c293700000] [id=6628]
  0x0000025666a661f0 ConcurrentGCThread "G1 Service" [stack: 0x000000c293700000,0x000000c293800000] [id=27640]

Threads with active compile tasks:

VM state: not at safepoint (normal execution)

VM Mutex/Monitor currently owned by a thread: None

Heap address: 0x0000000603800000, size: 8136 MB, Compressed Oops mode: Zero based, Oop shift amount: 3

CDS archive(s) mapped at: [0x000002566a000000-0x000002566abb0000-0x000002566abb0000), size 12255232, SharedBaseAddress: 0x000002566a000000, ArchiveRelocationMode: 1.
Compressed class space mapped at: 0x000002566b000000-0x00000256ab000000, reserved size: 1073741824
Narrow klass base: 0x000002566a000000, Narrow klass shift: 0, Narrow klass range: 0x100000000

GC Precious Log:
 CPUs: 20 total, 20 available
 Memory: 32540M
 Large Page Support: Disabled
 NUMA Support: Disabled
 Compressed Oops: Enabled (Zero based)
 Heap Region Size: 4M
 Heap Min Capacity: 8M
 Heap Initial Capacity: 512M
 Heap Max Capacity: 8136M
 Pre-touch: Disabled
 Parallel Workers: 15
 Concurrent Workers: 4
 Concurrent Refinement Workers: 15
 Periodic GC: Disabled

Heap:
 garbage-first heap   total 524288K, used 8192K [0x0000000603800000, 0x0000000800000000)
  region size 4096K, 3 young (12288K), 0 survivors (0K)
 Metaspace       used 4374K, committed 4480K, reserved 1114112K
  class space    used 267K, committed 320K, reserved 1048576K

Heap Regions: E=young(eden), S=young(survivor), O=old, HS=humongous(starts), HC=humongous(continues), CS=collection set, F=free, OA=open archive, CA=closed archive, TAMS=top-at-mark-start (previous, next)
|   0|0x0000000603800000, 0x0000000603800000, 0x0000000603c00000|  0%| F|  |TAMS 0x0000000603800000, 0x0000000603800000| Untracked 
|   1|0x0000000603c00000, 0x0000000603c00000, 0x0000000604000000|  0%| F|  |TAMS 0x0000000603c00000, 0x0000000603c00000| Untracked 
|   2|0x0000000604000000, 0x0000000604000000, 0x0000000604400000|  0%| F|  |TAMS 0x0000000604000000, 0x0000000604000000| Untracked 
|   3|0x0000000604400000, 0x0000000604400000, 0x0000000604800000|  0%| F|  |TAMS 0x0000000604400000, 0x0000000604400000| Untracked 
|   4|0x0000000604800000, 0x0000000604800000, 0x0000000604c00000|  0%| F|  |TAMS 0x0000000604800000, 0x0000000604800000| Untracked 
|   5|0x0000000604c00000, 0x0000000604c00000, 0x0000000605000000|  0%| F|  |TAMS 0x0000000604c00000, 0x0000000604c00000| Untracked 
|   6|0x0000000605000000, 0x0000000605000000, 0x0000000605400000|  0%| F|  |TAMS 0x0000000605000000, 0x0000000605000000| Untracked 
|   7|0x0000000605400000, 0x0000000605400000, 0x0000000605800000|  0%| F|  |TAMS 0x0000000605400000, 0x0000000605400000| Untracked 
|   8|0x0000000605800000, 0x0000000605800000, 0x0000000605c00000|  0%| F|  |TAMS 0x0000000605800000, 0x0000000605800000| Untracked 
|   9|0x0000000605c00000, 0x0000000605c00000, 0x0000000606000000|  0%| F|  |TAMS 0x0000000605c00000, 0x0000000605c00000| Untracked 
|  10|0x0000000606000000, 0x0000000606000000, 0x0000000606400000|  0%| F|  |TAMS 0x0000000606000000, 0x0000000606000000| Untracked 
|  11|0x0000000606400000, 0x0000000606400000, 0x0000000606800000|  0%| F|  |TAMS 0x0000000606400000, 0x0000000606400000| Untracked 
|  12|0x0000000606800000, 0x0000000606800000, 0x0000000606c00000|  0%| F|  |TAMS 0x0000000606800000, 0x0000000606800000| Untracked 
|  13|0x0000000606c00000, 0x0000000606c00000, 0x0000000607000000|  0%| F|  |TAMS 0x0000000606c00000, 0x0000000606c00000| Untracked 
|  14|0x0000000607000000, 0x0000000607000000, 0x0000000607400000|  0%| F|  |TAMS 0x0000000607000000, 0x0000000607000000| Untracked 
|  15|0x0000000607400000, 0x0000000607400000, 0x0000000607800000|  0%| F|  |TAMS 0x0000000607400000, 0x0000000607400000| Untracked 
|  16|0x0000000607800000, 0x0000000607800000, 0x0000000607c00000|  0%| F|  |TAMS 0x0000000607800000, 0x0000000607800000| Untracked 
|  17|0x0000000607c00000, 0x0000000607c00000, 0x0000000608000000|  0%| F|  |TAMS 0x0000000607c00000, 0x0000000607c00000| Untracked 
|  18|0x0000000608000000, 0x0000000608000000, 0x0000000608400000|  0%| F|  |TAMS 0x0000000608000000, 0x0000000608000000| Untracked 
|  19|0x0000000608400000, 0x0000000608400000, 0x0000000608800000|  0%| F|  |TAMS 0x0000000608400000, 0x0000000608400000| Untracked 
|  20|0x0000000608800000, 0x0000000608800000, 0x0000000608c00000|  0%| F|  |TAMS 0x0000000608800000, 0x0000000608800000| Untracked 
|  21|0x0000000608c00000, 0x0000000608c00000, 0x0000000609000000|  0%| F|  |TAMS 0x0000000608c00000, 0x0000000608c00000| Untracked 
|  22|0x0000000609000000, 0x0000000609000000, 0x0000000609400000|  0%| F|  |TAMS 0x0000000609000000, 0x0000000609000000| Untracked 
|  23|0x0000000609400000, 0x0000000609400000, 0x0000000609800000|  0%| F|  |TAMS 0x0000000609400000, 0x0000000609400000| Untracked 
|  24|0x0000000609800000, 0x0000000609800000, 0x0000000609c00000|  0%| F|  |TAMS 0x0000000609800000, 0x0000000609800000| Untracked 
|  25|0x0000000609c00000, 0x0000000609c00000, 0x000000060a000000|  0%| F|  |TAMS 0x0000000609c00000, 0x0000000609c00000| Untracked 
|  26|0x000000060a000000, 0x000000060a000000, 0x000000060a400000|  0%| F|  |TAMS 0x000000060a000000, 0x000000060a000000| Untracked 
|  27|0x000000060a400000, 0x000000060a400000, 0x000000060a800000|  0%| F|  |TAMS 0x000000060a400000, 0x000000060a400000| Untracked 
|  28|0x000000060a800000, 0x000000060a800000, 0x000000060ac00000|  0%| F|  |TAMS 0x000000060a800000, 0x000000060a800000| Untracked 
|  29|0x000000060ac00000, 0x000000060ac00000, 0x000000060b000000|  0%| F|  |TAMS 0x000000060ac00000, 0x000000060ac00000| Untracked 
|  30|0x000000060b000000, 0x000000060b000000, 0x000000060b400000|  0%| F|  |TAMS 0x000000060b000000, 0x000000060b000000| Untracked 
|  31|0x000000060b400000, 0x000000060b400000, 0x000000060b800000|  0%| F|  |TAMS 0x000000060b400000, 0x000000060b400000| Untracked 
|  32|0x000000060b800000, 0x000000060b800000, 0x000000060bc00000|  0%| F|  |TAMS 0x000000060b800000, 0x000000060b800000| Untracked 
|  33|0x000000060bc00000, 0x000000060bc00000, 0x000000060c000000|  0%| F|  |TAMS 0x000000060bc00000, 0x000000060bc00000| Untracked 
|  34|0x000000060c000000, 0x000000060c000000, 0x000000060c400000|  0%| F|  |TAMS 0x000000060c000000, 0x000000060c000000| Untracked 
|  35|0x000000060c400000, 0x000000060c400000, 0x000000060c800000|  0%| F|  |TAMS 0x000000060c400000, 0x000000060c400000| Untracked 
|  36|0x000000060c800000, 0x000000060c800000, 0x000000060cc00000|  0%| F|  |TAMS 0x000000060c800000, 0x000000060c800000| Untracked 
|  37|0x000000060cc00000, 0x000000060cc00000, 0x000000060d000000|  0%| F|  |TAMS 0x000000060cc00000, 0x000000060cc00000| Untracked 
|  38|0x000000060d000000, 0x000000060d000000, 0x000000060d400000|  0%| F|  |TAMS 0x000000060d000000, 0x000000060d000000| Untracked 
|  39|0x000000060d400000, 0x000000060d400000, 0x000000060d800000|  0%| F|  |TAMS 0x000000060d400000, 0x000000060d400000| Untracked 
|  40|0x000000060d800000, 0x000000060d800000, 0x000000060dc00000|  0%| F|  |TAMS 0x000000060d800000, 0x000000060d800000| Untracked 
|  41|0x000000060dc00000, 0x000000060dc00000, 0x000000060e000000|  0%| F|  |TAMS 0x000000060dc00000, 0x000000060dc00000| Untracked 
|  42|0x000000060e000000, 0x000000060e000000, 0x000000060e400000|  0%| F|  |TAMS 0x000000060e000000, 0x000000060e000000| Untracked 
|  43|0x000000060e400000, 0x000000060e400000, 0x000000060e800000|  0%| F|  |TAMS 0x000000060e400000, 0x000000060e400000| Untracked 
|  44|0x000000060e800000, 0x000000060e800000, 0x000000060ec00000|  0%| F|  |TAMS 0x000000060e800000, 0x000000060e800000| Untracked 
|  45|0x000000060ec00000, 0x000000060ec00000, 0x000000060f000000|  0%| F|  |TAMS 0x000000060ec00000, 0x000000060ec00000| Untracked 
|  46|0x000000060f000000, 0x000000060f000000, 0x000000060f400000|  0%| F|  |TAMS 0x000000060f000000, 0x000000060f000000| Untracked 
|  47|0x000000060f400000, 0x000000060f400000, 0x000000060f800000|  0%| F|  |TAMS 0x000000060f400000, 0x000000060f400000| Untracked 
|  48|0x000000060f800000, 0x000000060f800000, 0x000000060fc00000|  0%| F|  |TAMS 0x000000060f800000, 0x000000060f800000| Untracked 
|  49|0x000000060fc00000, 0x000000060fc00000, 0x0000000610000000|  0%| F|  |TAMS 0x000000060fc00000, 0x000000060fc00000| Untracked 
|  50|0x0000000610000000, 0x0000000610000000, 0x0000000610400000|  0%| F|  |TAMS 0x0000000610000000, 0x0000000610000000| Untracked 
|  51|0x0000000610400000, 0x0000000610400000, 0x0000000610800000|  0%| F|  |TAMS 0x0000000610400000, 0x0000000610400000| Untracked 
|  52|0x0000000610800000, 0x0000000610800000, 0x0000000610c00000|  0%| F|  |TAMS 0x0000000610800000, 0x0000000610800000| Untracked 
|  53|0x0000000610c00000, 0x0000000610c00000, 0x0000000611000000|  0%| F|  |TAMS 0x0000000610c00000, 0x0000000610c00000| Untracked 
|  54|0x0000000611000000, 0x0000000611000000, 0x0000000611400000|  0%| F|  |TAMS 0x0000000611000000, 0x0000000611000000| Untracked 
|  55|0x0000000611400000, 0x0000000611400000, 0x0000000611800000|  0%| F|  |TAMS 0x0000000611400000, 0x0000000611400000| Untracked 
|  56|0x0000000611800000, 0x0000000611800000, 0x0000000611c00000|  0%| F|  |TAMS 0x0000000611800000, 0x0000000611800000| Untracked 
|  57|0x0000000611c00000, 0x0000000611c00000, 0x0000000612000000|  0%| F|  |TAMS 0x0000000611c00000, 0x0000000611c00000| Untracked 
|  58|0x0000000612000000, 0x0000000612000000, 0x0000000612400000|  0%| F|  |TAMS 0x0000000612000000, 0x0000000612000000| Untracked 
|  59|0x0000000612400000, 0x0000000612400000, 0x0000000612800000|  0%| F|  |TAMS 0x0000000612400000, 0x0000000612400000| Untracked 
|  60|0x0000000612800000, 0x0000000612800000, 0x0000000612c00000|  0%| F|  |TAMS 0x0000000612800000, 0x0000000612800000| Untracked 
|  61|0x0000000612c00000, 0x0000000612c00000, 0x0000000613000000|  0%| F|  |TAMS 0x0000000612c00000, 0x0000000612c00000| Untracked 
|  62|0x0000000613000000, 0x0000000613000000, 0x0000000613400000|  0%| F|  |TAMS 0x0000000613000000, 0x0000000613000000| Untracked 
|  63|0x0000000613400000, 0x0000000613400000, 0x0000000613800000|  0%| F|  |TAMS 0x0000000613400000, 0x0000000613400000| Untracked 
|  64|0x0000000613800000, 0x0000000613800000, 0x0000000613c00000|  0%| F|  |TAMS 0x0000000613800000, 0x0000000613800000| Untracked 
|  65|0x0000000613c00000, 0x0000000613c00000, 0x0000000614000000|  0%| F|  |TAMS 0x0000000613c00000, 0x0000000613c00000| Untracked 
|  66|0x0000000614000000, 0x0000000614000000, 0x0000000614400000|  0%| F|  |TAMS 0x0000000614000000, 0x0000000614000000| Untracked 
|  67|0x0000000614400000, 0x0000000614400000, 0x0000000614800000|  0%| F|  |TAMS 0x0000000614400000, 0x0000000614400000| Untracked 
|  68|0x0000000614800000, 0x0000000614800000, 0x0000000614c00000|  0%| F|  |TAMS 0x0000000614800000, 0x0000000614800000| Untracked 
|  69|0x0000000614c00000, 0x0000000614c00000, 0x0000000615000000|  0%| F|  |TAMS 0x0000000614c00000, 0x0000000614c00000| Untracked 
|  70|0x0000000615000000, 0x0000000615000000, 0x0000000615400000|  0%| F|  |TAMS 0x0000000615000000, 0x0000000615000000| Untracked 
|  71|0x0000000615400000, 0x0000000615400000, 0x0000000615800000|  0%| F|  |TAMS 0x0000000615400000, 0x0000000615400000| Untracked 
|  72|0x0000000615800000, 0x0000000615800000, 0x0000000615c00000|  0%| F|  |TAMS 0x0000000615800000, 0x0000000615800000| Untracked 
|  73|0x0000000615c00000, 0x0000000615c00000, 0x0000000616000000|  0%| F|  |TAMS 0x0000000615c00000, 0x0000000615c00000| Untracked 
|  74|0x0000000616000000, 0x0000000616000000, 0x0000000616400000|  0%| F|  |TAMS 0x0000000616000000, 0x0000000616000000| Untracked 
|  75|0x0000000616400000, 0x0000000616400000, 0x0000000616800000|  0%| F|  |TAMS 0x0000000616400000, 0x0000000616400000| Untracked 
|  76|0x0000000616800000, 0x0000000616800000, 0x0000000616c00000|  0%| F|  |TAMS 0x0000000616800000, 0x0000000616800000| Untracked 
|  77|0x0000000616c00000, 0x0000000616c00000, 0x0000000617000000|  0%| F|  |TAMS 0x0000000616c00000, 0x0000000616c00000| Untracked 
|  78|0x0000000617000000, 0x0000000617000000, 0x0000000617400000|  0%| F|  |TAMS 0x0000000617000000, 0x0000000617000000| Untracked 
|  79|0x0000000617400000, 0x0000000617400000, 0x0000000617800000|  0%| F|  |TAMS 0x0000000617400000, 0x0000000617400000| Untracked 
|  80|0x0000000617800000, 0x0000000617800000, 0x0000000617c00000|  0%| F|  |TAMS 0x0000000617800000, 0x0000000617800000| Untracked 
|  81|0x0000000617c00000, 0x0000000617c00000, 0x0000000618000000|  0%| F|  |TAMS 0x0000000617c00000, 0x0000000617c00000| Untracked 
|  82|0x0000000618000000, 0x0000000618000000, 0x0000000618400000|  0%| F|  |TAMS 0x0000000618000000, 0x0000000618000000| Untracked 
|  83|0x0000000618400000, 0x0000000618400000, 0x0000000618800000|  0%| F|  |TAMS 0x0000000618400000, 0x0000000618400000| Untracked 
|  84|0x0000000618800000, 0x0000000618800000, 0x0000000618c00000|  0%| F|  |TAMS 0x0000000618800000, 0x0000000618800000| Untracked 
|  85|0x0000000618c00000, 0x0000000618c00000, 0x0000000619000000|  0%| F|  |TAMS 0x0000000618c00000, 0x0000000618c00000| Untracked 
|  86|0x0000000619000000, 0x0000000619000000, 0x0000000619400000|  0%| F|  |TAMS 0x0000000619000000, 0x0000000619000000| Untracked 
|  87|0x0000000619400000, 0x0000000619400000, 0x0000000619800000|  0%| F|  |TAMS 0x0000000619400000, 0x0000000619400000| Untracked 
|  88|0x0000000619800000, 0x0000000619800000, 0x0000000619c00000|  0%| F|  |TAMS 0x0000000619800000, 0x0000000619800000| Untracked 
|  89|0x0000000619c00000, 0x0000000619c00000, 0x000000061a000000|  0%| F|  |TAMS 0x0000000619c00000, 0x0000000619c00000| Untracked 
|  90|0x000000061a000000, 0x000000061a000000, 0x000000061a400000|  0%| F|  |TAMS 0x000000061a000000, 0x000000061a000000| Untracked 
|  91|0x000000061a400000, 0x000000061a400000, 0x000000061a800000|  0%| F|  |TAMS 0x000000061a400000, 0x000000061a400000| Untracked 
|  92|0x000000061a800000, 0x000000061a800000, 0x000000061ac00000|  0%| F|  |TAMS 0x000000061a800000, 0x000000061a800000| Untracked 
|  93|0x000000061ac00000, 0x000000061ac00000, 0x000000061b000000|  0%| F|  |TAMS 0x000000061ac00000, 0x000000061ac00000| Untracked 
|  94|0x000000061b000000, 0x000000061b000000, 0x000000061b400000|  0%| F|  |TAMS 0x000000061b000000, 0x000000061b000000| Untracked 
|  95|0x000000061b400000, 0x000000061b400000, 0x000000061b800000|  0%| F|  |TAMS 0x000000061b400000, 0x000000061b400000| Untracked 
|  96|0x000000061b800000, 0x000000061b800000, 0x000000061bc00000|  0%| F|  |TAMS 0x000000061b800000, 0x000000061b800000| Untracked 
|  97|0x000000061bc00000, 0x000000061bc00000, 0x000000061c000000|  0%| F|  |TAMS 0x000000061bc00000, 0x000000061bc00000| Untracked 
|  98|0x000000061c000000, 0x000000061c000000, 0x000000061c400000|  0%| F|  |TAMS 0x000000061c000000, 0x000000061c000000| Untracked 
|  99|0x000000061c400000, 0x000000061c400000, 0x000000061c800000|  0%| F|  |TAMS 0x000000061c400000, 0x000000061c400000| Untracked 
| 100|0x000000061c800000, 0x000000061c800000, 0x000000061cc00000|  0%| F|  |TAMS 0x000000061c800000, 0x000000061c800000| Untracked 
| 101|0x000000061cc00000, 0x000000061cc00000, 0x000000061d000000|  0%| F|  |TAMS 0x000000061cc00000, 0x000000061cc00000| Untracked 
| 102|0x000000061d000000, 0x000000061d000000, 0x000000061d400000|  0%| F|  |TAMS 0x000000061d000000, 0x000000061d000000| Untracked 
| 103|0x000000061d400000, 0x000000061d400000, 0x000000061d800000|  0%| F|  |TAMS 0x000000061d400000, 0x000000061d400000| Untracked 
| 104|0x000000061d800000, 0x000000061d800000, 0x000000061dc00000|  0%| F|  |TAMS 0x000000061d800000, 0x000000061d800000| Untracked 
| 105|0x000000061dc00000, 0x000000061dc00000, 0x000000061e000000|  0%| F|  |TAMS 0x000000061dc00000, 0x000000061dc00000| Untracked 
| 106|0x000000061e000000, 0x000000061e000000, 0x000000061e400000|  0%| F|  |TAMS 0x000000061e000000, 0x000000061e000000| Untracked 
| 107|0x000000061e400000, 0x000000061e400000, 0x000000061e800000|  0%| F|  |TAMS 0x000000061e400000, 0x000000061e400000| Untracked 
| 108|0x000000061e800000, 0x000000061e800000, 0x000000061ec00000|  0%| F|  |TAMS 0x000000061e800000, 0x000000061e800000| Untracked 
| 109|0x000000061ec00000, 0x000000061ec00000, 0x000000061f000000|  0%| F|  |TAMS 0x000000061ec00000, 0x000000061ec00000| Untracked 
| 110|0x000000061f000000, 0x000000061f000000, 0x000000061f400000|  0%| F|  |TAMS 0x000000061f000000, 0x000000061f000000| Untracked 
| 111|0x000000061f400000, 0x000000061f400000, 0x000000061f800000|  0%| F|  |TAMS 0x000000061f400000, 0x000000061f400000| Untracked 
| 112|0x000000061f800000, 0x000000061f800000, 0x000000061fc00000|  0%| F|  |TAMS 0x000000061f800000, 0x000000061f800000| Untracked 
| 113|0x000000061fc00000, 0x000000061fc00000, 0x0000000620000000|  0%| F|  |TAMS 0x000000061fc00000, 0x000000061fc00000| Untracked 
| 114|0x0000000620000000, 0x0000000620000000, 0x0000000620400000|  0%| F|  |TAMS 0x0000000620000000, 0x0000000620000000| Untracked 
| 115|0x0000000620400000, 0x0000000620400000, 0x0000000620800000|  0%| F|  |TAMS 0x0000000620400000, 0x0000000620400000| Untracked 
| 116|0x0000000620800000, 0x0000000620800000, 0x0000000620c00000|  0%| F|  |TAMS 0x0000000620800000, 0x0000000620800000| Untracked 
| 117|0x0000000620c00000, 0x0000000620c00000, 0x0000000621000000|  0%| F|  |TAMS 0x0000000620c00000, 0x0000000620c00000| Untracked 
| 118|0x0000000621000000, 0x0000000621000000, 0x0000000621400000|  0%| F|  |TAMS 0x0000000621000000, 0x0000000621000000| Untracked 
| 119|0x0000000621400000, 0x0000000621400000, 0x0000000621800000|  0%| F|  |TAMS 0x0000000621400000, 0x0000000621400000| Untracked 
| 120|0x0000000621800000, 0x0000000621800000, 0x0000000621c00000|  0%| F|  |TAMS 0x0000000621800000, 0x0000000621800000| Untracked 
| 121|0x0000000621c00000, 0x0000000621c00000, 0x0000000622000000|  0%| F|  |TAMS 0x0000000621c00000, 0x0000000621c00000| Untracked 
| 122|0x0000000622000000, 0x0000000622000000, 0x0000000622400000|  0%| F|  |TAMS 0x0000000622000000, 0x0000000622000000| Untracked 
| 123|0x0000000622400000, 0x0000000622400000, 0x0000000622800000|  0%| F|  |TAMS 0x0000000622400000, 0x0000000622400000| Untracked 
| 124|0x0000000622800000, 0x0000000622800000, 0x0000000622c00000|  0%| F|  |TAMS 0x0000000622800000, 0x0000000622800000| Untracked 
| 125|0x0000000622c00000, 0x0000000623000000, 0x0000000623000000|100%| E|  |TAMS 0x0000000622c00000, 0x0000000622c00000| Complete 
| 126|0x0000000623000000, 0x0000000623400000, 0x0000000623400000|100%| E|CS|TAMS 0x0000000623000000, 0x0000000623000000| Complete 
| 127|0x0000000623400000, 0x0000000623800000, 0x0000000623800000|100%| E|CS|TAMS 0x0000000623400000, 0x0000000623400000| Complete 

Card table byte_map: [0x0000025654a20000,0x0000025655a10000] _byte_map_base: 0x0000025651a04000

Marking Bits (Prev, Next): (CMBitMap*) 0x000002563a189f60, (CMBitMap*) 0x000002563a189fa0
 Prev Bits: [0x0000025656a00000, 0x000002565e920000)
 Next Bits: [0x000002565e920000, 0x0000025666840000)

Polling page: 0x000002563a430000

Metaspace:

Usage:
  Non-class:      4.01 MB used.
      Class:    267.18 KB used.
       Both:      4.27 MB used.

Virtual space:
  Non-class space:       64.00 MB reserved,       4.06 MB (  6%) committed,  1 nodes.
      Class space:        1.00 GB reserved,     320.00 KB ( <1%) committed,  1 nodes.
             Both:        1.06 GB reserved,       4.38 MB ( <1%) committed. 

Chunk freelists:
   Non-Class:  9.83 MB
       Class:  15.63 MB
        Both:  25.46 MB

MaxMetaspaceSize: unlimited
CompressedClassSpaceSize: 1.00 GB
Initial GC threshold: 21.00 MB
Current GC threshold: 21.00 MB
CDS: on
MetaspaceReclaimPolicy: balanced
 - commit_granule_bytes: 65536.
 - commit_granule_words: 8192.
 - virtual_space_node_default_size: 8388608.
 - enlarge_chunks_in_place: 1.
 - new_chunks_are_fully_committed: 0.
 - uncommit_free_chunks: 1.
 - use_allocation_guard: 0.
 - handle_deallocations: 1.


Internal statistics:

num_allocs_failed_limit: 0.
num_arena_births: 68.
num_arena_deaths: 0.
num_vsnodes_births: 2.
num_vsnodes_deaths: 0.
num_space_committed: 68.
num_space_uncommitted: 0.
num_chunks_returned_to_freelist: 0.
num_chunks_taken_from_freelist: 164.
num_chunk_merges: 0.
num_chunk_splits: 110.
num_chunks_enlarged: 78.
num_inconsistent_stats: 0.

CodeHeap 'non-profiled nmethods': size=119168Kb used=241Kb max_used=241Kb free=118926Kb
 bounds [0x000002564b3e0000, 0x000002564b650000, 0x0000025652840000]
CodeHeap 'profiled nmethods': size=119104Kb used=1332Kb max_used=1332Kb free=117771Kb
 bounds [0x0000025643840000, 0x0000025643ab0000, 0x000002564ac90000]
CodeHeap 'non-nmethods': size=7488Kb used=3310Kb max_used=3324Kb free=4177Kb
 bounds [0x000002564ac90000, 0x000002564afd0000, 0x000002564b3e0000]
 total_blobs=1873 nmethods=814 adapters=969
 compilation: enabled
              stopped_count=0, restarted_count=0
 full_count=0

Compilation events (20 events):
Event: 0.335 Thread 0x0000025669bf7180  807       3       sun.net.www.protocol.file.Handler::parseURL (18 bytes)
Event: 0.335 Thread 0x0000025669d14220  808       3       java.net.URLStreamHandler::parseURL (1201 bytes)
Event: 0.335 Thread 0x0000025669d0b7d0 nmethod 806 0x000002564397be90 code [0x000002564397c040, 0x000002564397c338]
Event: 0.335 Thread 0x0000025669bf7180 nmethod 807 0x000002564397c410 code [0x000002564397c5c0, 0x000002564397c778]
Event: 0.339 Thread 0x0000025669bd2260 nmethod 803 0x000002564b41af10 code [0x000002564b41b0a0, 0x000002564b41b5b8]
Event: 0.339 Thread 0x0000025669bd2260  804       4       java.lang.String::startsWith (138 bytes)
Event: 0.339 Thread 0x0000025669d0b7d0  810       3       sun.invoke.util.Wrapper::forBasicType (16 bytes)
Event: 0.339 Thread 0x0000025669d0bcf0  811       1       java.lang.invoke.DirectMethodHandle::internalMemberName (5 bytes)
Event: 0.339 Thread 0x0000025669d0bcf0 nmethod 811 0x000002564b41b810 code [0x000002564b41b9a0, 0x000002564b41ba78]
Event: 0.339 Thread 0x0000025669d0b7d0 nmethod 810 0x000002564397c890 code [0x000002564397ca40, 0x000002564397cbe8]
Event: 0.341 Thread 0x0000025669d0b7d0  812   !   3       java.util.zip.Inflater::needsInput (55 bytes)
Event: 0.341 Thread 0x0000025669d0b7d0 nmethod 812 0x000002564397cc90 code [0x000002564397ce40, 0x000002564397d1f8]
Event: 0.342 Thread 0x0000025669bd2260 nmethod 804 0x000002564b41bb10 code [0x000002564b41bca0, 0x000002564b41bf78]
Event: 0.342 Thread 0x0000025669d0b7d0  813       3       java.lang.String::getChars (54 bytes)
Event: 0.342 Thread 0x0000025669d0bcf0  814       3       java.lang.StringLatin1::getChars (12 bytes)
Event: 0.342 Thread 0x0000025669bf7180  815       1       java.util.zip.ZipEntry::getSize (5 bytes)
Event: 0.342 Thread 0x0000025669d14220 nmethod 808 0x000002564397d310 code [0x000002564397e440, 0x0000025643988828]
Event: 0.343 Thread 0x0000025669d0bcf0 nmethod 814 0x000002564398c710 code [0x000002564398c8a0, 0x000002564398c9c8]
Event: 0.343 Thread 0x0000025669bf7180 nmethod 815 0x000002564b41c190 code [0x000002564b41c320, 0x000002564b41c3f8]
Event: 0.343 Thread 0x0000025669d0b7d0 nmethod 813 0x000002564398ca90 code [0x000002564398cc80, 0x000002564398d0f8]

GC Heap History (0 events):
No events

Dll operation events (12 events):
Event: 0.005 Loaded shared library C:\Users\hamza\.jdks\temurin-17.0.13\bin\java.dll
Event: 0.016 Loaded shared library C:\Users\hamza\.jdks\temurin-17.0.13\bin\jsvml.dll
Event: 0.042 Loaded shared library C:\Users\hamza\.jdks\temurin-17.0.13\bin\zip.dll
Event: 0.043 Loaded shared library C:\Users\hamza\.jdks\temurin-17.0.13\bin\instrument.dll
Event: 0.046 Loaded shared library C:\Users\hamza\.jdks\temurin-17.0.13\bin\net.dll
Event: 0.047 Loaded shared library C:\Users\hamza\.jdks\temurin-17.0.13\bin\nio.dll
Event: 0.048 Loaded shared library C:\Users\hamza\.jdks\temurin-17.0.13\bin\zip.dll
Event: 0.062 Loaded shared library C:\Program Files\JetBrains\IntelliJ IDEA Community Edition 2024.1.4\bin\breakgen64.dll
Event: 0.068 Loaded shared library C:\Users\hamza\.jdks\temurin-17.0.13\bin\extnet.dll
Event: 0.083 Loaded shared library C:\Users\hamza\.jdks\temurin-17.0.13\bin\jimage.dll
Event: 0.093 Loaded shared library C:\Users\hamza\AppData\Local\Temp\lwjgl_hamza\3.3.6+1\x64\lwjgl.dll
Event: 0.290 Loaded shared library C:\Users\hamza\AppData\Local\Temp\lwjgl_hamza\3.3.6+1\x64\lwjgl_opengl.dll

Deoptimization events (20 events):
Event: 0.063 Thread 0x000002563bc7eed0 Uncommon trap: trap_request=0xffffff45 fr.pc=0x000002564b3f365c relative=0x000000000000005c
Event: 0.063 Thread 0x000002563bc7eed0 Uncommon trap: reason=unstable_if action=reinterpret pc=0x000002564b3f365c method=java.lang.String.isLatin1()Z @ 10 c2
Event: 0.063 Thread 0x000002563bc7eed0 DEOPT PACKING pc=0x000002564b3f365c sp=0x000000c2932fe3e0
Event: 0.063 Thread 0x000002563bc7eed0 DEOPT UNPACKING pc=0x000002564ace69a3 sp=0x000000c2932fe370 mode 2
Event: 0.063 Thread 0x000002563bc7eed0 Uncommon trap: trap_request=0xffffff45 fr.pc=0x000002564b3f00f8 relative=0x0000000000000078
Event: 0.063 Thread 0x000002563bc7eed0 Uncommon trap: reason=unstable_if action=reinterpret pc=0x000002564b3f00f8 method=java.lang.String.isLatin1()Z @ 10 c2
Event: 0.063 Thread 0x000002563bc7eed0 DEOPT PACKING pc=0x000002564b3f00f8 sp=0x000000c2932fedc0
Event: 0.063 Thread 0x000002563bc7eed0 DEOPT UNPACKING pc=0x000002564ace69a3 sp=0x000000c2932fed00 mode 2
Event: 0.081 Thread 0x000002563bc7eed0 DEOPT PACKING pc=0x0000025643853243 sp=0x000000c2932fbe80
Event: 0.081 Thread 0x000002563bc7eed0 DEOPT UNPACKING pc=0x000002564ace7143 sp=0x000000c2932fb2a0 mode 0
Event: 0.099 Thread 0x000002563bc7eed0 DEOPT PACKING pc=0x0000025643848345 sp=0x000000c2932fd150
Event: 0.099 Thread 0x000002563bc7eed0 DEOPT UNPACKING pc=0x000002564ace7143 sp=0x000000c2932fc5c8 mode 0
Event: 0.105 Thread 0x000002563bc7eed0 Uncommon trap: trap_request=0xffffff45 fr.pc=0x000002564b3eea44 relative=0x00000000000008e4
Event: 0.105 Thread 0x000002563bc7eed0 Uncommon trap: reason=unstable_if action=reinterpret pc=0x000002564b3eea44 method=java.util.HashMap.putVal(ILjava/lang/Object;Ljava/lang/Object;ZZ)Ljava/lang/Object; @ 181 c2
Event: 0.105 Thread 0x000002563bc7eed0 DEOPT PACKING pc=0x000002564b3eea44 sp=0x000000c2932fd3a0
Event: 0.105 Thread 0x000002563bc7eed0 DEOPT UNPACKING pc=0x000002564ace69a3 sp=0x000000c2932fd340 mode 2
Event: 0.334 Thread 0x000002563bc7eed0 Uncommon trap: trap_request=0xffffff54 fr.pc=0x000002564b4182e0 relative=0x0000000000000060
Event: 0.334 Thread 0x000002563bc7eed0 Uncommon trap: reason=speculate_null_assert action=make_not_entrant pc=0x000002564b4182e0 method=sun.misc.Unsafe.putLong(Ljava/lang/Object;JJ)V @ 7 c2
Event: 0.334 Thread 0x000002563bc7eed0 DEOPT PACKING pc=0x000002564b4182e0 sp=0x000000c2932ff0a0
Event: 0.334 Thread 0x000002563bc7eed0 DEOPT UNPACKING pc=0x000002564ace69a3 sp=0x000000c2932ff018 mode 2

Classes loaded (20 events):
Event: 0.123 Loading class sun/misc/Unsafe
Event: 0.123 Loading class sun/misc/Unsafe done
Event: 0.123 Loading class jdk/internal/reflect/UnsafeFieldAccessorFactory
Event: 0.123 Loading class jdk/internal/reflect/UnsafeFieldAccessorFactory done
Event: 0.123 Loading class jdk/internal/reflect/UnsafeQualifiedStaticObjectFieldAccessorImpl
Event: 0.123 Loading class jdk/internal/reflect/UnsafeQualifiedStaticFieldAccessorImpl
Event: 0.123 Loading class jdk/internal/reflect/UnsafeQualifiedStaticFieldAccessorImpl done
Event: 0.123 Loading class jdk/internal/reflect/UnsafeQualifiedStaticObjectFieldAccessorImpl done
Event: 0.124 Loading class java/util/function/LongPredicate
Event: 0.124 Loading class java/util/function/LongPredicate done
Event: 0.125 Loading class jdk/internal/access/foreign/MemorySegmentProxy
Event: 0.125 Loading class jdk/internal/access/foreign/MemorySegmentProxy done
Event: 0.263 Loading class java/util/Formatter$FixedString
Event: 0.263 Loading class java/util/Formatter$FixedString done
Event: 0.264 Loading class java/nio/InvalidMarkException
Event: 0.264 Loading class java/nio/InvalidMarkException done
Event: 0.264 Loading class java/nio/BufferUnderflowException
Event: 0.264 Loading class java/nio/BufferUnderflowException done
Event: 0.298 Loading class jdk/internal/misc/ScopedMemoryAccess$Scope
Event: 0.298 Loading class jdk/internal/misc/ScopedMemoryAccess$Scope done

Classes unloaded (0 events):
No events

Classes redefined (0 events):
No events

Internal exceptions (20 events):
Event: 0.069 Thread 0x0000025669dd7630 Exception <a 'java/lang/NoSuchMethodError'{0x000000062315e220}: 'void java.lang.invoke.DirectMethodHandle$Holder.invokeStatic(java.lang.Object, java.lang.Object)'> (0x000000062315e220) 
thrown [s\src\hotspot\share\interpreter\linkResolver.cpp, line 759]
Event: 0.077 Thread 0x000002563bc7eed0 Exception <a 'java/lang/NoSuchMethodError'{0x0000000623252660}: 'void java.lang.invoke.DirectMethodHandle$Holder.invokeSpecial(java.lang.Object, java.lang.Object, java.lang.Object)'> (0x0000000623252660) 
thrown [s\src\hotspot\share\interpreter\linkResolver.cpp, line 759]
Event: 0.079 Thread 0x000002563bc7eed0 Exception <a 'java/lang/NoSuchMethodError'{0x00000006232653f8}: 'java.lang.Object java.lang.invoke.DirectMethodHandle$Holder.invokeStatic(java.lang.Object, java.lang.Object, int)'> (0x00000006232653f8) 
thrown [s\src\hotspot\share\interpreter\linkResolver.cpp, line 759]
Event: 0.079 Thread 0x000002563bc7eed0 Exception <a 'java/lang/NoSuchMethodError'{0x0000000623271168}: 'void java.lang.invoke.DelegatingMethodHandle$Holder.delegate(java.lang.Object, java.lang.Object, int, java.lang.Object)'> (0x0000000623271168) 
thrown [s\src\hotspot\share\interpreter\linkResolver.cpp, line 759]
Event: 0.079 Thread 0x000002563bc7eed0 Exception <a 'java/lang/NoSuchMethodError'{0x00000006232751a0}: 'int java.lang.invoke.DirectMethodHandle$Holder.invokeSpecial(java.lang.Object, java.lang.Object, java.lang.Object)'> (0x00000006232751a0) 
thrown [s\src\hotspot\share\interpreter\linkResolver.cpp, line 759]
Event: 0.096 Thread 0x000002563bc7eed0 Exception <a 'sun/nio/fs/WindowsException'{0x00000006232c8830}> (0x00000006232c8830) 
thrown [s\src\hotspot\share\prims\jni.cpp, line 516]
Event: 0.096 Thread 0x000002563bc7eed0 Exception <a 'sun/nio/fs/WindowsException'{0x00000006232c8d80}> (0x00000006232c8d80) 
thrown [s\src\hotspot\share\prims\jni.cpp, line 516]
Event: 0.118 Thread 0x000002563bc7eed0 Exception <a 'sun/nio/fs/WindowsException'{0x00000006233d8c38}> (0x00000006233d8c38) 
thrown [s\src\hotspot\share\prims\jni.cpp, line 516]
Event: 0.118 Thread 0x000002563bc7eed0 Exception <a 'sun/nio/fs/WindowsException'{0x00000006233d8f98}> (0x00000006233d8f98) 
thrown [s\src\hotspot\share\prims\jni.cpp, line 516]
Event: 0.124 Thread 0x000002563bc7eed0 Exception <a 'java/lang/NoSuchMethodError'{0x0000000622c44a98}: 'int java.lang.invoke.DirectMethodHandle$Holder.invokeStaticInit(java.lang.Object, java.lang.Object, int, long)'> (0x0000000622c44a98) 
thrown [s\src\hotspot\share\interpreter\linkResolver.cpp, line 759]
Event: 0.125 Thread 0x000002563bc7eed0 Exception <a 'java/lang/NoSuchMethodError'{0x0000000622c4a608}: 'java.lang.Object java.lang.invoke.DirectMethodHandle$Holder.newInvokeSpecial(java.lang.Object, java.lang.Object, int)'> (0x0000000622c4a608) 
thrown [s\src\hotspot\share\interpreter\linkResolver.cpp, line 759]
Event: 0.126 Thread 0x000002563bc7eed0 Exception <a 'java/lang/NoSuchMethodError'{0x0000000622c59450}: 'int java.lang.invoke.DirectMethodHandle$Holder.invokeStaticInit(java.lang.Object, java.lang.Object, long, long)'> (0x0000000622c59450) 
thrown [s\src\hotspot\share\interpreter\linkResolver.cpp, line 759]
Event: 0.126 Thread 0x000002563bc7eed0 Exception <a 'java/lang/NoSuchMethodError'{0x0000000622c5f808}: 'java.lang.Object java.lang.invoke.DirectMethodHandle$Holder.newInvokeSpecial(java.lang.Object, java.lang.Object, long)'> (0x0000000622c5f808) 
thrown [s\src\hotspot\share\interpreter\linkResolver.cpp, line 759]
Event: 0.127 Thread 0x000002563bc7eed0 Exception <a 'java/lang/NoSuchMethodError'{0x0000000622c63af8}: 'java.lang.Object java.lang.invoke.Invokers$Holder.linkToTargetMethod(java.lang.Object, long, java.lang.Object)'> (0x0000000622c63af8) 
thrown [s\src\hotspot\share\interpreter\linkResolver.cpp, line 759]
Event: 0.127 Thread 0x000002563bc7eed0 Exception <a 'java/lang/NoSuchMethodError'{0x0000000622c6b210}: 'int java.lang.invoke.DirectMethodHandle$Holder.invokeStaticInit(java.lang.Object, java.lang.Object, java.lang.Object, long)'> (0x0000000622c6b210) 
thrown [s\src\hotspot\share\interpreter\linkResolver.cpp, line 759]
Event: 0.266 Thread 0x000002563bc7eed0 Exception <a 'java/lang/NoSuchMethodError'{0x0000000622d11388}: 'void java.lang.invoke.DirectMethodHandle$Holder.invokeStatic(java.lang.Object, int, long)'> (0x0000000622d11388) 
thrown [s\src\hotspot\share\interpreter\linkResolver.cpp, line 759]
Event: 0.289 Thread 0x000002563bc7eed0 Exception <a 'sun/nio/fs/WindowsException'{0x0000000622d5cfc0}> (0x0000000622d5cfc0) 
thrown [s\src\hotspot\share\prims\jni.cpp, line 516]
Event: 0.289 Thread 0x000002563bc7eed0 Exception <a 'sun/nio/fs/WindowsException'{0x0000000622d5d360}> (0x0000000622d5d360) 
thrown [s\src\hotspot\share\prims\jni.cpp, line 516]
Event: 0.292 Thread 0x000002563bc7eed0 Exception <a 'sun/nio/fs/WindowsException'{0x0000000622d6a1d0}> (0x0000000622d6a1d0) 
thrown [s\src\hotspot\share\prims\jni.cpp, line 516]
Event: 0.292 Thread 0x000002563bc7eed0 Exception <a 'sun/nio/fs/WindowsException'{0x0000000622d6a4a0}> (0x0000000622d6a4a0) 
thrown [s\src\hotspot\share\prims\jni.cpp, line 516]

VM Operations (2 events):
Event: 0.064 Executing VM operation: HandshakeAllThreads
Event: 0.064 Executing VM operation: HandshakeAllThreads done

Memory protections (0 events):
No events

Nmethod flushes (0 events):
No events

Events (18 events):
Event: 0.016 Thread 0x000002563bc7eed0 Thread added: 0x000002563bc7eed0
Event: 0.017 Thread 0x000002563bc7eed0 Thread added: 0x0000025666b3b850
Event: 0.017 Thread 0x000002563bc7eed0 Thread added: 0x0000025666b3c410
Event: 0.021 Thread 0x000002563bc7eed0 Thread added: 0x0000025666b4cd50
Event: 0.021 Thread 0x000002563bc7eed0 Thread added: 0x0000025666b4d910
Event: 0.021 Thread 0x000002563bc7eed0 Thread added: 0x0000025666b4ea70
Event: 0.021 Thread 0x000002563bc7eed0 Thread added: 0x0000025669bc4480
Event: 0.021 Thread 0x000002563bc7eed0 Thread added: 0x0000025669bd2260
Event: 0.021 Thread 0x000002563bc7eed0 Thread added: 0x0000025669bf7180
Event: 0.021 Thread 0x000002563bc7eed0 Thread added: 0x0000025669bf8aa0
Event: 0.034 Thread 0x000002563bc7eed0 Thread added: 0x0000025669bc08b0
Event: 0.037 Thread 0x0000025669bf7180 Thread added: 0x0000025669d0b7d0
Event: 0.037 Thread 0x0000025669bf7180 Thread added: 0x0000025669d0bcf0
Event: 0.037 Thread 0x0000025669bf7180 Thread added: 0x0000025669d14220
Event: 0.040 Thread 0x0000025669bf7180 Thread added: 0x0000025669d85360
Event: 0.063 Thread 0x000002563bc7eed0 Thread added: 0x0000025669dd7630
Event: 0.063 Thread 0x000002563bc7eed0 Thread added: 0x0000025669dd7b10
Event: 0.260 Thread 0x0000025669d85360 Thread exited: 0x0000025669d85360


Dynamic libraries:
0x00007ff6550c0000 - 0x00007ff6550ce000 	C:\Users\hamza\.jdks\temurin-17.0.13\bin\java.exe
0x00007ffdbc120000 - 0x00007ffdbc383000 	C:\WINDOWS\SYSTEM32\ntdll.dll
0x00007ffdba000000 - 0x00007ffdba0c8000 	C:\WINDOWS\System32\KERNEL32.DLL
0x00007ffdb98e0000 - 0x00007ffdb9c92000 	C:\WINDOWS\System32\KERNELBASE.dll
0x00007ffdb9cd0000 - 0x00007ffdb9e1b000 	C:\WINDOWS\System32\ucrtbase.dll
0x00007ffda41f0000 - 0x00007ffda4207000 	C:\Users\hamza\.jdks\temurin-17.0.13\bin\jli.dll
0x00007ffda4780000 - 0x00007ffda479e000 	C:\Users\hamza\.jdks\temurin-17.0.13\bin\VCRUNTIME140.dll
0x00007ffdbbe80000 - 0x00007ffdbc048000 	C:\WINDOWS\System32\USER32.dll
0x00007ffdb9ca0000 - 0x00007ffdb9cc7000 	C:\WINDOWS\System32\win32u.dll
0x00007ffda0340000 - 0x00007ffda05d0000 	C:\WINDOWS\WinSxS\amd64_microsoft.windows.common-controls_6595b64144ccf1df_6.0.26100.2454_none_3e0b68a2e331ad60\COMCTL32.dll
0x00007ffdba540000 - 0x00007ffdba56a000 	C:\WINDOWS\System32\GDI32.dll
0x00007ffdb9f50000 - 0x00007ffdb9ff9000 	C:\WINDOWS\System32\msvcrt.dll
0x00007ffdb9e20000 - 0x00007ffdb9f4b000 	C:\WINDOWS\System32\gdi32full.dll
0x00007ffdb9640000 - 0x00007ffdb96e3000 	C:\WINDOWS\System32\msvcp_win.dll
0x00007ffdba570000 - 0x00007ffdba59f000 	C:\WINDOWS\System32\IMM32.DLL
0x00007ffdb4ed0000 - 0x00007ffdb4edc000 	C:\Users\hamza\.jdks\temurin-17.0.13\bin\vcruntime140_1.dll
0x00007ffda2ff0000 - 0x00007ffda307d000 	C:\Users\hamza\.jdks\temurin-17.0.13\bin\msvcp140.dll
0x00007ffd2aca0000 - 0x00007ffd2b90b000 	C:\Users\hamza\.jdks\temurin-17.0.13\bin\server\jvm.dll
0x00007ffdbb7a0000 - 0x00007ffdbb854000 	C:\WINDOWS\System32\ADVAPI32.dll
0x00007ffdbba30000 - 0x00007ffdbbad6000 	C:\WINDOWS\System32\sechost.dll
0x00007ffdbbcf0000 - 0x00007ffdbbe06000 	C:\WINDOWS\System32\RPCRT4.dll
0x00007ffdbbae0000 - 0x00007ffdbbb54000 	C:\WINDOWS\System32\WS2_32.dll
0x00007ffdb8d00000 - 0x00007ffdb8d4e000 	C:\WINDOWS\SYSTEM32\POWRPROF.dll
0x00007ffdb03c0000 - 0x00007ffdb03cb000 	C:\WINDOWS\SYSTEM32\VERSION.dll
0x00007ffdab400000 - 0x00007ffdab436000 	C:\WINDOWS\SYSTEM32\WINMM.dll
0x00007ffdb8ce0000 - 0x00007ffdb8cf4000 	C:\WINDOWS\SYSTEM32\UMPDC.dll
0x00007ffdb82c0000 - 0x00007ffdb82da000 	C:\WINDOWS\SYSTEM32\kernel.appcore.dll
0x00007ffda3fa0000 - 0x00007ffda3faa000 	C:\Users\hamza\.jdks\temurin-17.0.13\bin\jimage.dll
0x00007ffda4840000 - 0x00007ffda4a81000 	C:\WINDOWS\SYSTEM32\DBGHELP.DLL
0x00007ffdba100000 - 0x00007ffdba47e000 	C:\WINDOWS\System32\combase.dll
0x00007ffdbaa50000 - 0x00007ffdbab26000 	C:\WINDOWS\System32\OLEAUT32.dll
0x00007ffda2160000 - 0x00007ffda2199000 	C:\WINDOWS\SYSTEM32\dbgcore.DLL
0x00007ffdb96f0000 - 0x00007ffdb9789000 	C:\WINDOWS\System32\bcryptPrimitives.dll
0x00007ffda2fe0000 - 0x00007ffda2fee000 	C:\Users\hamza\.jdks\temurin-17.0.13\bin\instrument.dll
0x00007ffda2df0000 - 0x00007ffda2e15000 	C:\Users\hamza\.jdks\temurin-17.0.13\bin\java.dll
0x00007ffda2d10000 - 0x00007ffda2de7000 	C:\Users\hamza\.jdks\temurin-17.0.13\bin\jsvml.dll
0x00007ffdbb010000 - 0x00007ffdbb711000 	C:\WINDOWS\System32\SHELL32.dll
0x00007ffdb71b0000 - 0x00007ffdb79e1000 	C:\WINDOWS\SYSTEM32\windows.storage.dll
0x00007ffdbada0000 - 0x00007ffdbae7a000 	C:\WINDOWS\System32\SHCORE.dll
0x00007ffdbbe20000 - 0x00007ffdbbe7d000 	C:\WINDOWS\System32\shlwapi.dll
0x00007ffdb93d0000 - 0x00007ffdb93fe000 	C:\WINDOWS\SYSTEM32\profapi.dll
0x00007ffda1990000 - 0x00007ffda19a8000 	C:\Users\hamza\.jdks\temurin-17.0.13\bin\zip.dll
0x00007ffda2a80000 - 0x00007ffda2a99000 	C:\Users\hamza\.jdks\temurin-17.0.13\bin\net.dll
0x00007ffdb19b0000 - 0x00007ffdb1ad6000 	C:\WINDOWS\SYSTEM32\WINHTTP.dll
0x00007ffdb87a0000 - 0x00007ffdb8808000 	C:\WINDOWS\system32\mswsock.dll
0x00007ffda2480000 - 0x00007ffda2496000 	C:\Users\hamza\.jdks\temurin-17.0.13\bin\nio.dll
0x00007ffda1950000 - 0x00007ffda196a000 	C:\Program Files\JetBrains\IntelliJ IDEA Community Edition 2024.1.4\bin\breakgen64.dll
0x00007ffda2fd0000 - 0x00007ffda2fd9000 	C:\Users\hamza\.jdks\temurin-17.0.13\bin\extnet.dll
0x00007ffd842d0000 - 0x00007ffd8434e000 	C:\Users\hamza\AppData\Local\Temp\lwjgl_hamza\3.3.6+1\x64\lwjgl.dll
0x00007ffd84240000 - 0x00007ffd842c9000 	C:\Users\hamza\AppData\Local\Temp\lwjgl_hamza\3.3.6+1\x64\glfw.dll
0x00007ffd76f40000 - 0x00007ffd76f8b000 	C:\WINDOWS\SYSTEM32\dinput8.dll
0x00007ffda1910000 - 0x00007ffda1922000 	C:\WINDOWS\SYSTEM32\xinput1_4.dll
0x00007ffdb9120000 - 0x00007ffdb917f000 	C:\WINDOWS\SYSTEM32\cfgmgr32.dll
0x00007ffdb9190000 - 0x00007ffdb91bd000 	C:\WINDOWS\SYSTEM32\DEVOBJ.dll
0x00007ffdb6b10000 - 0x00007ffdb6b3e000 	C:\WINDOWS\SYSTEM32\dwmapi.dll
0x00007ffd928d0000 - 0x00007ffd92aad000 	C:\WINDOWS\SYSTEM32\inputhost.dll
0x00007ffdb4ae0000 - 0x00007ffdb4c05000 	C:\WINDOWS\SYSTEM32\CoreMessaging.dll
0x00007ffdb6830000 - 0x00007ffdb68dd000 	C:\WINDOWS\system32\uxtheme.dll
0x00007ffdbae80000 - 0x00007ffdbafdc000 	C:\WINDOWS\System32\MSCTF.dll
0x00007ffdb89d0000 - 0x00007ffdb89dc000 	C:\WINDOWS\SYSTEM32\CRYPTBASE.DLL
0x00007ffd5c190000 - 0x00007ffd5c29c000 	C:\WINDOWS\SYSTEM32\opengl32.dll
0x00007ffd76de0000 - 0x00007ffd76e0d000 	C:\WINDOWS\SYSTEM32\GLU32.dll
0x00007ffdb6910000 - 0x00007ffdb6957000 	C:\WINDOWS\SYSTEM32\dxcore.dll
0x00007ffda63e0000 - 0x00007ffda63fa000 	C:\WINDOWS\SYSTEM32\windows.staterepositorycore.dll
0x00007ffd27be0000 - 0x00007ffd2a218000 	C:\WINDOWS\System32\DriverStore\FileRepository\nvmdsi.inf_amd64_0f7806aef7a92021\nvoglv64.dll
0x00007ffdba5b0000 - 0x00007ffdbaa36000 	C:\WINDOWS\System32\SETUPAPI.dll
0x00007ffdbac00000 - 0x00007ffdbad99000 	C:\WINDOWS\System32\ole32.dll
0x00007ffdb6d60000 - 0x00007ffdb6d75000 	C:\WINDOWS\SYSTEM32\WTSAPI32.dll
0x00007ffdb8c20000 - 0x00007ffdb8c33000 	C:\WINDOWS\SYSTEM32\msasn1.dll
0x00007ffdb0250000 - 0x00007ffdb028b000 	C:\WINDOWS\SYSTEM32\cryptnet.dll
0x00007ffdb94c0000 - 0x00007ffdb9636000 	C:\WINDOWS\System32\CRYPT32.dll
0x00007ffdb8a70000 - 0x00007ffdb8acd000 	C:\WINDOWS\SYSTEM32\wldp.dll
0x00007ffdb00d0000 - 0x00007ffdb0248000 	C:\WINDOWS\SYSTEM32\drvstore.dll
0x00007ffdb9850000 - 0x00007ffdb98cf000 	C:\WINDOWS\System32\WINTRUST.dll
0x00007ffdb83e0000 - 0x00007ffdb8415000 	C:\WINDOWS\SYSTEM32\ntmarta.dll
0x00007ffdba0d0000 - 0x00007ffdba0f0000 	C:\WINDOWS\System32\imagehlp.dll
0x00007ffdb8b50000 - 0x00007ffdb8b6c000 	C:\WINDOWS\SYSTEM32\CRYPTSP.dll
0x00007ffdb8220000 - 0x00007ffdb8258000 	C:\WINDOWS\system32\rsaenh.dll
0x00007ffdb8df0000 - 0x00007ffdb8e16000 	C:\WINDOWS\SYSTEM32\bcrypt.dll
0x00007ffdacea0000 - 0x00007ffdafbb0000 	C:\WINDOWS\System32\DriverStore\FileRepository\nvmdsi.inf_amd64_0f7806aef7a92021\nvgpucomp64.dll
0x00007ffd88410000 - 0x00007ffd8870b000 	C:\WINDOWS\system32\nvspcap64.dll
0x00007ffdb8bb0000 - 0x00007ffdb8c0e000 	C:\WINDOWS\SYSTEM32\WINSTA.dll
0x00007ffda4280000 - 0x00007ffda43c6000 	C:\WINDOWS\SYSTEM32\textinputframework.dll
0x00007ffdb0790000 - 0x00007ffdb0a73000 	C:\WINDOWS\SYSTEM32\CoreUIComponents.dll
0x00007ffdb5510000 - 0x00007ffdb5678000 	C:\WINDOWS\SYSTEM32\wintypes.dll
0x00007ffd83440000 - 0x00007ffd8349d000 	C:\Users\hamza\AppData\Local\Temp\lwjgl_hamza\3.3.6+1\x64\lwjgl_opengl.dll

dbghelp: loaded successfully - version: 4.0.5 - missing functions: none
symbol engine: initialized successfully - sym options: 0x614 - pdb path: .;C:\Users\hamza\.jdks\temurin-17.0.13\bin;C:\WINDOWS\SYSTEM32;C:\WINDOWS\WinSxS\amd64_microsoft.windows.common-controls_6595b64144ccf1df_6.0.26100.2454_none_3e0b68a2e331ad60;C:\Users\hamza\.jdks\temurin-17.0.13\bin\server;C:\Program Files\JetBrains\IntelliJ IDEA Community Edition 2024.1.4\bin;C:\Users\hamza\AppData\Local\Temp\lwjgl_hamza\3.3.6+1\x64;C:\WINDOWS\System32\DriverStore\FileRepository\nvmdsi.inf_amd64_0f7806aef7a92021

VM Arguments:
jvm_args: -javaagent:C:\Program Files\JetBrains\IntelliJ IDEA Community Edition 2024.1.4\lib\idea_rt.jar=58912:C:\Program Files\JetBrains\IntelliJ IDEA Community Edition 2024.1.4\bin -Dfile.encoding=UTF-8 
java_command: com.alchemygames.Main
java_class_path (initial): C:\Users\hamza\IdeaProjects\Magus\target\classes;C:\Users\hamza\.m2\repository\org\lwjgl\lwjgl\3.3.6\lwjgl-3.3.6.jar;C:\Users\hamza\.m2\repository\org\lwjgl\lwjgl-assimp\3.3.6\lwjgl-assimp-3.3.6.jar;C:\Users\hamza\.m2\repository\org\lwjgl\lwjgl-bgfx\3.3.6\lwjgl-bgfx-3.3.6.jar;C:\Users\hamza\.m2\repository\org\lwjgl\lwjgl-glfw\3.3.6\lwjgl-glfw-3.3.6.jar;C:\Users\hamza\.m2\repository\org\lwjgl\lwjgl-nanovg\3.3.6\lwjgl-nanovg-3.3.6.jar;C:\Users\hamza\.m2\repository\org\lwjgl\lwjgl-nuklear\3.3.6\lwjgl-nuklear-3.3.6.jar;C:\Users\hamza\.m2\repository\org\lwjgl\lwjgl-openal\3.3.6\lwjgl-openal-3.3.6.jar;C:\Users\hamza\.m2\repository\org\lwjgl\lwjgl-opengl\3.3.6\lwjgl-opengl-3.3.6.jar;C:\Users\hamza\.m2\repository\org\lwjgl\lwjgl-par\3.3.6\lwjgl-par-3.3.6.jar;C:\Users\hamza\.m2\repository\org\lwjgl\lwjgl-stb\3.3.6\lwjgl-stb-3.3.6.jar;C:\Users\hamza\.m2\repository\org\lwjgl\lwjgl-vulkan\3.3.6\lwjgl-vulkan-3.3.6.jar;C:\Users\hamza\.m2\repository\org\lwjgl\lwjgl\3.3.6\lwjgl-3.3.6-natives-windows.jar;C:\Users\hamza\.m2\repository\org\lwjgl\lwjgl-assimp\3.3.6\lwjgl-assimp-3.3.6-natives-windows.jar;C:\Users\hamza\.m2\repository\org\lwjgl\lwjgl-bgfx\3.3.6\lwjgl-bgfx-3.3.6-natives-windows.jar;C:\Users\hamza\.m2\repository\org\lwjgl\lwjgl-glfw\3.3.6\lwjgl-glfw-3.3.6-natives-windows.jar;C:\Users\hamza\.m2\repository\org\lwjgl\lwjgl-nanovg\3.3.6\lwjgl-nanovg-3.3.6-natives-windows.jar;C:\Users\hamza\.m2\repository\org\lwjgl\lwjgl-nuklear\3.3.6\lwjgl-nuklear-3.3.6-natives-windows.jar;C:\Users\hamza\.m2\repository\org\lwjgl\lwjgl-openal\3.3.6\lwjgl-openal-3.3.6-natives-windows.jar;C:\Users\hamza\.m2\repository\org\lwjgl\lwjgl-opengl\3.3.6\lwjgl-opengl-3.3.6-natives-windows.jar;C:\Users\hamza\.m2\repository\org\lwjgl\lwjgl-par\3.3.6\lwjgl-par-3.3.6-natives-windows.jar;C:\Users\hamza\.m2\repository\org\lwjgl\lwjgl-stb\3.3.6\lwjgl-stb-3.3.6-natives-windows.jar;C:\Users\hamza\.m2\repository\org\joml\joml\1.10.7\joml-1.10.7.jar;C:\Users\hamza\.m2\repository\org\lwj
Launcher Type: SUN_STANDARD

[Global flags]
     intx CICompilerCount                          = 12                                        {product} {ergonomic}
     uint ConcGCThreads                            = 4                                         {product} {ergonomic}
     uint G1ConcRefinementThreads                  = 15                                        {product} {ergonomic}
   size_t G1HeapRegionSize                         = 4194304                                   {product} {ergonomic}
    uintx GCDrainStackTargetSize                   = 64                                        {product} {ergonomic}
   size_t InitialHeapSize                          = 536870912                                 {product} {ergonomic}
   size_t MarkStackSize                            = 4194304                                   {product} {ergonomic}
   size_t MaxHeapSize                              = 8531214336                                {product} {ergonomic}
   size_t MaxNewSize                               = 5117050880                                {product} {ergonomic}
   size_t MinHeapDeltaBytes                        = 4194304                                   {product} {ergonomic}
   size_t MinHeapSize                              = 8388608                                   {product} {ergonomic}
    uintx NonNMethodCodeHeapSize                   = 7602480                                {pd product} {ergonomic}
    uintx NonProfiledCodeHeapSize                  = 122027880                              {pd product} {ergonomic}
    uintx ProfiledCodeHeapSize                     = 122027880                              {pd product} {ergonomic}
    uintx ReservedCodeCacheSize                    = 251658240                              {pd product} {ergonomic}
     bool SegmentedCodeCache                       = true                                      {product} {ergonomic}
   size_t SoftMaxHeapSize                          = 8531214336                             {manageable} {ergonomic}
     bool UseCompressedClassPointers               = true                           {product lp64_product} {ergonomic}
     bool UseCompressedOops                        = true                           {product lp64_product} {ergonomic}
     bool UseG1GC                                  = true                                      {product} {ergonomic}
     bool UseLargePagesIndividualAllocation        = false                                  {pd product} {ergonomic}

Logging:
Log output configuration:
 #0: stdout all=warning uptime,level,tags
 #1: stderr all=off uptime,level,tags

Environment Variables:
JAVA_HOME=C:\Program Files\Android\Android Studio\jbr
PATH=C:\Program Files\Common Files\Oracle\Java\javapath;C:\WINDOWS\system32;C:\WINDOWS;C:\WINDOWS\System32\Wbem;C:\WINDOWS\System32\WindowsPowerShell\v1.0\;C:\WINDOWS\System32\OpenSSH\;C:\Program Files (x86)\NVIDIA Corporation\PhysX\Common;C:\Program Files\dotnet\;C:\Program Files\Microsoft SQL Server\150\Tools\Binn\;C:\Program Files (x86)\Windows Kits\10\Windows Performance Toolkit\;C:\Program Files\Docker\Docker\resources\bin;C:\Program Files\Go\bin;C:\apache-maven-3.9.9\bin;C:\Program Files\NVIDIA Corporation\NVIDIA app\NvDLISR;C:\Program Files\Git\cmd;C:\Users\hamza\AppData\Local\Microsoft\WindowsApps;C:\Users\hamza\.dotnet\tools;C:\Program Files\JetBrains\IntelliJ IDEA Community Edition 2024.1.4\bin;;C:\Users\hamza\AppData\Local\Programs\Microsoft VS Code\bin;C:\Users\hamza\AppData\Local\Android\Sdk\platform-tools;C:\Users\hamza\AppData\Local\Android\Sdk\tools;C:\Program Files\JetBrains\JetBrains Rider 2024.1.5\bin;;C:\Program Files\JetBrains\IntelliJ IDEA 2024.2.3\bin;;C:\Users\hamza\go\bin;
USERNAME=hamza
OS=Windows_NT
PROCESSOR_IDENTIFIER=Intel64 Family 6 Model 151 Stepping 2, GenuineIntel
TMP=C:\Users\hamza\AppData\Local\Temp
TEMP=C:\Users\hamza\AppData\Local\Temp



Periodic native trim disabled


---------------  S Y S T E M  ---------------

OS:
 Windows 11 , 64 bit Build 26100 (10.0.26100.2454)
OS uptime: 3 days 21:08 hours
Hyper-V role detected

CPU: total 20 (initial active 20) (10 cores per cpu, 2 threads per core) family 6 model 151 stepping 2 microcode 0x32, cx8, cmov, fxsr, ht, mmx, 3dnowpref, sse, sse2, sse3, ssse3, sse4.1, sse4.2, popcnt, lzcnt, tsc, tscinvbit, avx, avx2, aes, erms, clmul, bmi1, bmi2, adx, sha, fma, vzeroupper, clflush, clflushopt, clwb, hv
Processor Information for all 20 processors :
  Max Mhz: 3600, Current Mhz: 3600, Mhz Limit: 3600

Memory: 4k page, system-wide physical 32540M (17216M free)
TotalPageFile size 34588M (AvailPageFile size 16459M)
current process WorkingSet (physical memory assigned to process): 111M, peak: 111M
current process commit charge ("private bytes"): 733M, peak: 733M

vm_info: OpenJDK 64-Bit Server VM (17.0.13+11) for windows-amd64 JRE (17.0.13+11), built on Oct 16 2024 00:10:08 by "admin" with MS VC++ 17.7 (VS2022)

END.
